[INFO] [2019-03-28 14:15:10,273] logger.py [line:132] : 测试用例已自动生成完毕, 文件: AGetBotList.py -> 具体测试用例:test_bot_list
[INFO] [2019-03-28 14:15:10,275] logger.py [line:132] : 测试用例已自动生成完毕, 文件: AGetBotList.py -> 具体测试用例:test_bot_list_required_verify_TenantId
[INFO] [2019-03-28 14:15:10,277] logger.py [line:132] : 测试用例已自动生成完毕, 文件: CreateBot.py -> 具体测试用例:test_bot_create_bot
[INFO] [2019-03-28 14:15:10,278] logger.py [line:132] : 测试用例已自动生成完毕, 文件: CreateBot.py -> 具体测试用例:test_create_bot_required_verify_botid
[INFO] [2019-03-28 14:15:10,281] logger.py [line:132] : 测试用例已自动生成完毕, 文件: GetBotStatus.py -> 具体测试用例:test_get_bot_status
[INFO] [2019-03-28 14:15:10,283] logger.py [line:132] : 测试用例已自动生成完毕, 文件: GetBotStatus.py -> 具体测试用例:test_get_bot_status_required_verify_botid
[INFO] [2019-03-28 14:15:10,285] logger.py [line:132] : 测试用例已自动生成完毕, 文件: GetPublicKey.py -> 具体测试用例:test_get_public_key
[INFO] [2019-03-28 14:15:10,286] logger.py [line:132] : 测试用例已自动生成完毕, 文件: KqaBotSearch.py -> 具体测试用例:test_kqa_bot_search
[INFO] [2019-03-28 14:15:10,288] logger.py [line:132] : 测试用例已自动生成完毕, 文件: KqaGet.py -> 具体测试用例:test_kqa_get
[INFO] [2019-03-28 14:15:10,290] logger.py [line:132] : 测试用例已自动生成完毕, 文件: KqaGet.py -> 具体测试用例:test_kqa_get_required_verify
[INFO] [2019-03-28 14:15:10,292] logger.py [line:132] : 测试用例已自动生成完毕, 文件: KqaUpdateEnable.py -> 具体测试用例:test_kqa_update_enable
[INFO] [2019-03-28 14:15:10,293] logger.py [line:132] : 测试用例已自动生成完毕, 文件: KqaUpdateEnable.py -> 具体测试用例:test_kqa_update_enable_required_verify_botId
[INFO] [2019-03-28 14:15:10,295] logger.py [line:132] : 测试用例已自动生成完毕, 文件: KqaUpdateEnable.py -> 具体测试用例:test_kqa_update_enable_required_verify_enable
[INFO] [2019-03-28 14:15:10,298] logger.py [line:132] : 测试用例已自动生成完毕, 文件: SkillSetList.py -> 具体测试用例:test_skill_set_list
[INFO] [2019-03-28 14:15:10,300] logger.py [line:132] : 测试用例已自动生成完毕, 文件: SkillSetList.py -> 具体测试用例:test_skill_set_list_required_verify_botid
[INFO] [2019-03-28 14:15:10,302] logger.py [line:132] : 测试用例已自动生成完毕, 文件: ValidateToken.py -> 具体测试用例:test_validate_token
[DEBUG] [2019-03-28 14:15:10,731] logger.py [line:132] : {'relevant_parameter': ['Host', 'Access-Token'], 'description': '获取机器人列表', 'method': 'post', 'url': 'https://192.168.1.104:10033/api/admin/portal/botmanager/getbotlist', 'json': {'PageIndex': 1, 'PageSize': 10, 'tenantId': '928d2511-6783-43c2-bde5-dcf059f55710', 'description': None, 'searchStatus': 0}, 'headers': {'Content-Type': 'application/json; charset=utf-8', 'Access-Token': '3A7FEB5150A67C4474F48753C1E843FF3E5B338938FA735F0683B7C86B17A313'}, 'assert': {'Status': 1}, 'res_index': ['RecordId'], 'check_db': None}
[INFO] [2019-03-28 14:15:10,732] logger.py [line:132] : 接受POST的请求参数为{
    "url": "https://192.168.1.104:10033/api/admin/portal/botmanager/getbotlist",
    "headers": {
        "Content-Type": "application/json; charset=utf-8",
        "Access-Token": "3A7FEB5150A67C4474F48753C1E843FF3E5B338938FA735F0683B7C86B17A313"
    },
    "json": {
        "PageIndex": 1,
        "PageSize": 10,
        "tenantId": "928d2511-6783-43c2-bde5-dcf059f55710",
        "description": null,
        "searchStatus": 0
    },
    "data": null,
    "files": null
}
