[INFO] [2019-03-29 11:18:34,031] logger.py [line:132] : The test.json result is{
    "BotIds": [
        "The BotIds field is required."
    ]
}
[DEBUG] [2019-03-29 11:18:34,032] logger.py [line:132] : {'relevant_parameter': ['Host'], 'description': '获取公钥', 'method': 'get', 'url': 'https://192.168.1.104:10033/api/auth/getpublickey', 'assert': {'Code': 1}, 'res_index': ['RsaPublicKey', 'Key'], 'check_db': None}
[INFO] [2019-03-29 11:18:34,033] logger.py [line:132] : 接受GET的请求参数为{
    "url": "https://192.168.1.104:10033/api/auth/getpublickey",
    "params": null,
    "headers": null
}
[INFO] [2019-03-29 11:18:34,128] logger.py [line:132] : The test.json result is{
    "Code": 1,
    "RsaPublicKey": "-----BEGIN PUBLIC KEY-----\nMIGfMA0GCSqGSIb3DQEBAQUAA4GNADCBiQKBgQCV5YxKE3NFxD8GLODstDmgnSnj\nGKj392Mix3TzWtdY6AQs6t/pOfuzCf/ml3X/FnWtrwmcKHseRIGCsUCSwnFxdIrx\nW/dzFyInTo43rEfUVlpRqrbsMJ292V8fk8tjFCpkvUZgfORY3+PnGK3IH4/DMiwM\nEGRZjesdR3tFWUf6qQIDAQAB\n-----END PUBLIC KEY-----\n",
    "Key": "fa9203c8-00f1-4ac9-a0b8-b633b4911f8d"
}
[DEBUG] [2019-03-29 11:18:34,128] logger.py [line:132] : 保存的变量值为 -----BEGIN PUBLIC KEY-----
MIGfMA0GCSqGSIb3DQEBAQUAA4GNADCBiQKBgQCV5YxKE3NFxD8GLODstDmgnSnj
GKj392Mix3TzWtdY6AQs6t/pOfuzCf/ml3X/FnWtrwmcKHseRIGCsUCSwnFxdIrx
W/dzFyInTo43rEfUVlpRqrbsMJ292V8fk8tjFCpkvUZgfORY3+PnGK3IH4/DMiwM
EGRZjesdR3tFWUf6qQIDAQAB
-----END PUBLIC KEY-----
 => 
[DEBUG] [2019-03-29 11:18:34,130] logger.py [line:132] : 保存的变量值为 fa9203c8-00f1-4ac9-a0b8-b633b4911f8d => 
[DEBUG] [2019-03-29 11:18:34,132] logger.py [line:132] : {'relevant_parameter': ['Host', 'Access-Token', 'RecordId'], 'description': '获取服务状态', 'method': 'post', 'url': 'https://192.168.1.104:10033/api/admin/portal/guidequestion/getservice', 'json': {'BotConfigId': 'e066c8d5-0586-42ad-9381-819bd103cfa9'}, 'headers': {'Content-Type': 'application/json; charset=utf-8', 'Access-Token': '5F9140635BC53F2947FFD48309AC23C04C95B9E0D9B8F4C4142C3533BEC90B02'}, 'assert': {'Status': 1}, 'check_db': None}
[INFO] [2019-03-29 11:18:34,133] logger.py [line:132] : 接受POST的请求参数为{
    "url": "https://192.168.1.104:10033/api/admin/portal/guidequestion/getservice",
    "headers": {
        "Content-Type": "application/json; charset=utf-8",
        "Access-Token": "5F9140635BC53F2947FFD48309AC23C04C95B9E0D9B8F4C4142C3533BEC90B02"
    },
    "json": {
        "BotConfigId": "e066c8d5-0586-42ad-9381-819bd103cfa9"
    },
    "data": null,
    "files": null
}
[INFO] [2019-03-29 11:18:34,638] logger.py [line:132] : The test.json result is{
    "Status": 0,
    "ErrorCodes": [
        {
            "ErrorCode": "",
            "ErrorMessage": "该bot为非创建状态，无法操作!"
        }
    ],
    "Data": 0
}
[DEBUG] [2019-03-29 11:18:34,641] logger.py [line:132] : {'relevant_parameter': ['Host', 'Access-Token', 'RecordId'], 'description': '获取服务状态-botConfigId为空', 'method': 'post', 'url': 'https://192.168.1.104:10033/api/admin/portal/guidequestion/getservice', 'json': {'BotConfigId': None}, 'headers': {'Content-Type': 'application/json; charset=utf-8', 'Access-Token': '5F9140635BC53F2947FFD48309AC23C04C95B9E0D9B8F4C4142C3533BEC90B02'}, 'assert': {'BotConfigId': ['The BotIds field is required.']}, 'check_db': None}
[INFO] [2019-03-29 11:18:34,642] logger.py [line:132] : 接受POST的请求参数为{
    "url": "https://192.168.1.104:10033/api/admin/portal/guidequestion/getservice",
    "headers": {
        "Content-Type": "application/json; charset=utf-8",
        "Access-Token": "5F9140635BC53F2947FFD48309AC23C04C95B9E0D9B8F4C4142C3533BEC90B02"
    },
    "json": {
        "BotConfigId": null
    },
    "data": null,
    "files": null
}
[INFO] [2019-03-29 11:18:34,790] logger.py [line:132] : The test.json result is{
    "BotConfigId": [
        "The BotConfigId field is required."
    ]
}
[DEBUG] [2019-03-29 11:18:34,793] logger.py [line:132] : {'relevant_parameter': ['Host', 'Access-Token', 'RecordId'], 'description': 'bot查询接口-成功', 'method': 'post', 'url': 'https://192.168.1.104:10033/api/admin/keyword/KQA/botsearch', 'json': {'BotId': 'e066c8d5-0586-42ad-9381-819bd103cfa9', 'Content': ''}, 'headers': {'Content-Type': 'application/json; charset=utf-8', 'Access-Token': '5F9140635BC53F2947FFD48309AC23C04C95B9E0D9B8F4C4142C3533BEC90B02'}, 'assert': {'Status': 1}, 'check_db': None}
[INFO] [2019-03-29 11:18:34,793] logger.py [line:132] : 接受POST的请求参数为{
    "url": "https://192.168.1.104:10033/api/admin/keyword/KQA/botsearch",
    "headers": {
        "Content-Type": "application/json; charset=utf-8",
        "Access-Token": "5F9140635BC53F2947FFD48309AC23C04C95B9E0D9B8F4C4142C3533BEC90B02"
    },
    "json": {
        "BotId": "e066c8d5-0586-42ad-9381-819bd103cfa9",
        "Content": ""
    },
    "data": null,
    "files": null
}
[INFO] [2019-03-29 11:18:34,952] logger.py [line:132] : The test.json result is{
    "Status": 1,
    "ErrorMsg": null,
    "ResultValue": {
        "Answer": null,
        "BotId": null,
        "Score": 0.0
    }
}
[DEBUG] [2019-03-29 11:18:34,955] logger.py [line:132] : {'relevant_parameter': ['Host', 'Access-Token'], 'description': '获取kqa服务信息-成功', 'method': 'post', 'url': 'https://192.168.1.104:10033/api/admin/portal/KQA/Get', 'json': {'BotConfigId': 'c7fb61ed-6a49-4a03-a74a-cfe406793bfc'}, 'headers': {'Content-Type': 'application/json; charset=utf-8', 'Access-Token': '5F9140635BC53F2947FFD48309AC23C04C95B9E0D9B8F4C4142C3533BEC90B02'}, 'assert': {'Status': 1}, 'check_db': None}
[INFO] [2019-03-29 11:18:34,956] logger.py [line:132] : 接受POST的请求参数为{
    "url": "https://192.168.1.104:10033/api/admin/portal/KQA/Get",
    "headers": {
        "Content-Type": "application/json; charset=utf-8",
        "Access-Token": "5F9140635BC53F2947FFD48309AC23C04C95B9E0D9B8F4C4142C3533BEC90B02"
    },
    "json": {
        "BotConfigId": "c7fb61ed-6a49-4a03-a74a-cfe406793bfc"
    },
    "data": null,
    "files": null
}
