[INFO] [2019-03-29 15:14:57,059] logger.py [line:132] : The test.json result is{
    "Status": 0,
    "ErrorMsg": "答案不能为空.",
    "ResultValue": null
}
[DEBUG] [2019-03-29 15:14:57,061] logger.py [line:132] : {'relevant_parameter': ['Host', 'Access-Token', 'BotId'], 'description': '更新关键字-updateName为空', 'method': 'post', 'url': 'https://192.168.1.104:10033/api/admin/keyword/KQA/update', 'json': {'ID': '0deccd49-a869-4ffc-9a9a-29f765806170', 'AnsWer': 57656765321, 'CreateUserId': None, 'TenantDomain': 'test01@testbot.hightalk.ai', 'BotId': '16a600bb-e081-4346-a687-6cfe69da4280'}, 'headers': {'Content-Type': 'application/json; charset=utf-8', 'Access-Token': '5F9140635BC53F2947FFD48309AC23C04C95B9E0D9B8F4C4142C3533BEC90B02'}, 'assert': {'ErrorMsg': '更新者姓名不能为空.'}, 'check_db': None}
[INFO] [2019-03-29 15:14:57,062] logger.py [line:132] : 接受POST的请求参数为{
    "url": "https://192.168.1.104:10033/api/admin/keyword/KQA/update",
    "headers": {
        "Content-Type": "application/json; charset=utf-8",
        "Access-Token": "5F9140635BC53F2947FFD48309AC23C04C95B9E0D9B8F4C4142C3533BEC90B02"
    },
    "json": {
        "ID": "0deccd49-a869-4ffc-9a9a-29f765806170",
        "AnsWer": 57656765321,
        "CreateUserId": null,
        "TenantDomain": "test01@testbot.hightalk.ai",
        "BotId": "16a600bb-e081-4346-a687-6cfe69da4280"
    },
    "data": null,
    "files": null
}
[INFO] [2019-03-29 15:14:57,208] logger.py [line:132] : The test.json result is{
    "Status": 0,
    "ErrorMsg": "更新者姓名不能为空.",
    "ResultValue": null
}
[DEBUG] [2019-03-29 15:14:57,209] logger.py [line:132] : {'relevant_parameter': ['Host', 'Access-Token', 'BotId'], 'description': '设置开关-成功', 'method': 'post', 'url': 'https://192.168.1.104:10033/api/admin/portal/KQA/UpdateEnable', 'json': {'BotConfigId': '16a600bb-e081-4346-a687-6cfe69da4280', 'Enable': False}, 'headers': {'Content-Type': 'application/json; charset=utf-8', 'Access-Token': '5F9140635BC53F2947FFD48309AC23C04C95B9E0D9B8F4C4142C3533BEC90B02'}, 'assert': {'Status': 0}, 'check_db': None}
[INFO] [2019-03-29 15:14:57,209] logger.py [line:132] : 接受POST的请求参数为{
    "url": "https://192.168.1.104:10033/api/admin/portal/KQA/UpdateEnable",
    "headers": {
        "Content-Type": "application/json; charset=utf-8",
        "Access-Token": "5F9140635BC53F2947FFD48309AC23C04C95B9E0D9B8F4C4142C3533BEC90B02"
    },
    "json": {
        "BotConfigId": "16a600bb-e081-4346-a687-6cfe69da4280",
        "Enable": false
    },
    "data": null,
    "files": null
}
[INFO] [2019-03-29 15:14:57,827] logger.py [line:132] : The test.json result is{
    "Status": 0,
    "ErrorCodes": null,
    "Data": false
}
[DEBUG] [2019-03-29 15:14:57,829] logger.py [line:132] : {'relevant_parameter': ['Host', 'Access-Token', 'BotId'], 'description': '设置开关-BotConfigId为空', 'method': 'post', 'url': 'https://192.168.1.104:10033/api/admin/portal/KQA/UpdateEnable', 'json': {'Enable': False}, 'headers': {'Content-Type': 'application/json; charset=utf-8', 'Access-Token': '5F9140635BC53F2947FFD48309AC23C04C95B9E0D9B8F4C4142C3533BEC90B02'}, 'assert': {'BotConfigId': ['The BotConfigId field is required.']}, 'check_db': None}
[INFO] [2019-03-29 15:14:57,830] logger.py [line:132] : 接受POST的请求参数为{
    "url": "https://192.168.1.104:10033/api/admin/portal/KQA/UpdateEnable",
    "headers": {
        "Content-Type": "application/json; charset=utf-8",
        "Access-Token": "5F9140635BC53F2947FFD48309AC23C04C95B9E0D9B8F4C4142C3533BEC90B02"
    },
    "json": {
        "Enable": false
    },
    "data": null,
    "files": null
}
[INFO] [2019-03-29 15:14:57,975] logger.py [line:132] : The test.json result is{
    "BotConfigId": [
        "The BotConfigId field is required."
    ]
}
[DEBUG] [2019-03-29 15:14:57,977] logger.py [line:132] : {'relevant_parameter': ['Host', 'Access-Token', 'BotId'], 'description': '设置开关-enable为空', 'method': 'post', 'url': 'https://192.168.1.104:10033/api/admin/portal/KQA/UpdateEnable', 'json': {'BotConfigId': '16a600bb-e081-4346-a687-6cfe69da4280'}, 'headers': {'Content-Type': 'application/json; charset=utf-8', 'Access-Token': '5F9140635BC53F2947FFD48309AC23C04C95B9E0D9B8F4C4142C3533BEC90B02'}, 'assert': {'Enable': ['The Enable field is required.']}, 'check_db': None}
[INFO] [2019-03-29 15:14:57,977] logger.py [line:132] : 接受POST的请求参数为{
    "url": "https://192.168.1.104:10033/api/admin/portal/KQA/UpdateEnable",
    "headers": {
        "Content-Type": "application/json; charset=utf-8",
        "Access-Token": "5F9140635BC53F2947FFD48309AC23C04C95B9E0D9B8F4C4142C3533BEC90B02"
    },
    "json": {
        "BotConfigId": "16a600bb-e081-4346-a687-6cfe69da4280"
    },
    "data": null,
    "files": null
}
