[INFO] [2019-03-28 14:15:14,364] logger.py [line:132] : The test.json result is{
    "BotId": [
        "The BotId field is required."
    ]
}
[DEBUG] [2019-03-28 14:15:14,367] logger.py [line:132] : {'relevant_parameter': ['Host', 'Access-Token'], 'description': '根据机器人id获取当前机器人状态信息', 'method': 'post', 'url': 'https://192.168.1.104:10033/api/admin/portal/botmanager/getbotstatus', 'json': {'BotIds': ['e7e280a9-2880-4f98-b3b1-1235794f1793']}, 'headers': {'Content-Type': 'application/json; charset=utf-8', 'Access-Token': '3A7FEB5150A67C4474F48753C1E843FF3E5B338938FA735F0683B7C86B17A313'}, 'assert': {'Status': 1}, 'check_db': None}
[INFO] [2019-03-28 14:15:14,372] logger.py [line:132] : 接受POST的请求参数为{
    "url": "https://192.168.1.104:10033/api/admin/portal/botmanager/getbotstatus",
    "headers": {
        "Content-Type": "application/json; charset=utf-8",
        "Access-Token": "3A7FEB5150A67C4474F48753C1E843FF3E5B338938FA735F0683B7C86B17A313"
    },
    "json": {
        "BotIds": [
            "e7e280a9-2880-4f98-b3b1-1235794f1793"
        ]
    },
    "data": null,
    "files": null
}
[INFO] [2019-03-28 14:15:14,590] logger.py [line:132] : The test.json result is{
    "BotStatusList": [
        {
            "ID": "e7e280a9-2880-4f98-b3b1-1235794f1793",
            "Status": "1",
            "CreateDate": "2019-02-28 03:04:51"
        }
    ],
    "Status": 1,
    "ErrorCodes": null,
    "Data": true
}
[DEBUG] [2019-03-28 14:15:14,593] logger.py [line:132] : {'relevant_parameter': ['Host', 'Access-Token'], 'description': '根据机器人id获取当前机器人状态信息', 'method': 'post', 'url': 'https://192.168.1.104:10033/api/admin/portal/botmanager/getbotstatus', 'json': {'BotId': []}, 'headers': {'Content-Type': 'application/json; charset=utf-8', 'Access-Token': '3A7FEB5150A67C4474F48753C1E843FF3E5B338938FA735F0683B7C86B17A313'}, 'assert': {'BotIds': ['The BotIds field is required.']}, 'check_db': None}
[INFO] [2019-03-28 14:15:14,594] logger.py [line:132] : 接受POST的请求参数为{
    "url": "https://192.168.1.104:10033/api/admin/portal/botmanager/getbotstatus",
    "headers": {
        "Content-Type": "application/json; charset=utf-8",
        "Access-Token": "3A7FEB5150A67C4474F48753C1E843FF3E5B338938FA735F0683B7C86B17A313"
    },
    "json": {
        "BotId": []
    },
    "data": null,
    "files": null
}
[INFO] [2019-03-28 14:15:14,765] logger.py [line:132] : The test.json result is{
    "BotIds": [
        "The BotIds field is required."
    ]
}
[DEBUG] [2019-03-28 14:15:14,768] logger.py [line:132] : {'relevant_parameter': ['Host'], 'description': '获取公钥', 'method': 'get', 'url': 'https://192.168.1.104:10033/api/auth/getpublickey', 'assert': {'Code': 1}, 'res_index': ['RsaPublicKey', 'Key'], 'check_db': None}
[INFO] [2019-03-28 14:15:14,769] logger.py [line:132] : 接受GET的请求参数为{
    "url": "https://192.168.1.104:10033/api/auth/getpublickey",
    "params": null,
    "headers": null
}
[INFO] [2019-03-28 14:15:14,899] logger.py [line:132] : The test.json result is{
    "Code": 1,
    "RsaPublicKey": "-----BEGIN PUBLIC KEY-----\nMIGfMA0GCSqGSIb3DQEBAQUAA4GNADCBiQKBgQDbpcWf/OcUm+Oo5tEY70+UwprI\n4r/FbniddUYRtIcP7nRQuxTIoOLohbSMPw2whZM4ckdh6Z2HpsyIU9Pvi7wZE9Gr\nhF8oKeK5ZHOcm9RI7oAHmVeirPP8rhXDQsm+XuwYK1+QEwCZqV6GMhBU9Mwh5iIt\nSf5QOJ+ZrtvycaqiPwIDAQAB\n-----END PUBLIC KEY-----\n",
    "Key": "e2a6a843-be06-463c-a861-0916c7333d8e"
}
[DEBUG] [2019-03-28 14:15:14,900] logger.py [line:132] : 保存的变量值为 -----BEGIN PUBLIC KEY-----
MIGfMA0GCSqGSIb3DQEBAQUAA4GNADCBiQKBgQDbpcWf/OcUm+Oo5tEY70+UwprI
4r/FbniddUYRtIcP7nRQuxTIoOLohbSMPw2whZM4ckdh6Z2HpsyIU9Pvi7wZE9Gr
hF8oKeK5ZHOcm9RI7oAHmVeirPP8rhXDQsm+XuwYK1+QEwCZqV6GMhBU9Mwh5iIt
Sf5QOJ+ZrtvycaqiPwIDAQAB
-----END PUBLIC KEY-----
 => 
[DEBUG] [2019-03-28 14:15:14,902] logger.py [line:132] : 保存的变量值为 e2a6a843-be06-463c-a861-0916c7333d8e => 
[DEBUG] [2019-03-28 14:15:14,905] logger.py [line:132] : {'relevant_parameter': ['Host', 'Access-Token'], 'description': 'bot查询接口-成功', 'method': 'post', 'url': 'https://192.168.1.104:10033/api/admin/keyword/KQA/botsearch', 'json': {'BotId': '04372bfa-f0ee-4545-8ab2-42e9f69e222f', 'Content': ''}, 'headers': {'Content-Type': 'application/json; charset=utf-8', 'Access-Token': '3A7FEB5150A67C4474F48753C1E843FF3E5B338938FA735F0683B7C86B17A313'}, 'assert': {'Status': 1}, 'check_db': None}
[INFO] [2019-03-28 14:15:14,906] logger.py [line:132] : 接受POST的请求参数为{
    "url": "https://192.168.1.104:10033/api/admin/keyword/KQA/botsearch",
    "headers": {
        "Content-Type": "application/json; charset=utf-8",
        "Access-Token": "3A7FEB5150A67C4474F48753C1E843FF3E5B338938FA735F0683B7C86B17A313"
    },
    "json": {
        "BotId": "04372bfa-f0ee-4545-8ab2-42e9f69e222f",
        "Content": ""
    },
    "data": null,
    "files": null
}
