[INFO] [2019-03-29 15:12:54,143] logger.py [line:132] : The test.json result is{
    "Status": 0,
    "ErrorMsg": "更新者姓名不能为空.",
    "ResultValue": null
}
[DEBUG] [2019-03-29 15:12:54,145] logger.py [line:132] : {'relevant_parameter': ['Host', 'Access-Token', 'BotId'], 'description': '设置开关-成功', 'method': 'post', 'url': 'https://192.168.1.104:10033/api/admin/portal/KQA/UpdateEnable', 'json': {'BotConfigId': '16a600bb-e081-4346-a687-6cfe69da4280', 'Enable': False}, 'headers': {'Content-Type': 'application/json; charset=utf-8', 'Access-Token': '5F9140635BC53F2947FFD48309AC23C04C95B9E0D9B8F4C4142C3533BEC90B02'}, 'assert': {'Status': 0}, 'check_db': None}
[INFO] [2019-03-29 15:12:54,145] logger.py [line:132] : 接受POST的请求参数为{
    "url": "https://192.168.1.104:10033/api/admin/portal/KQA/UpdateEnable",
    "headers": {
        "Content-Type": "application/json; charset=utf-8",
        "Access-Token": "5F9140635BC53F2947FFD48309AC23C04C95B9E0D9B8F4C4142C3533BEC90B02"
    },
    "json": {
        "BotConfigId": "16a600bb-e081-4346-a687-6cfe69da4280",
        "Enable": false
    },
    "data": null,
    "files": null
}
[INFO] [2019-03-29 15:12:54,586] logger.py [line:132] : The test.json result is{
    "Status": 0,
    "ErrorCodes": null,
    "Data": false
}
[DEBUG] [2019-03-29 15:12:54,588] logger.py [line:132] : {'relevant_parameter': ['Host', 'Access-Token', 'BotId'], 'description': '设置开关-BotConfigId为空', 'method': 'post', 'url': 'https://192.168.1.104:10033/api/admin/portal/KQA/UpdateEnable', 'json': {'Enable': False}, 'headers': {'Content-Type': 'application/json; charset=utf-8', 'Access-Token': '5F9140635BC53F2947FFD48309AC23C04C95B9E0D9B8F4C4142C3533BEC90B02'}, 'assert': {'BotConfigId': ['The BotConfigId field is required.']}, 'check_db': None}
[INFO] [2019-03-29 15:12:54,589] logger.py [line:132] : 接受POST的请求参数为{
    "url": "https://192.168.1.104:10033/api/admin/portal/KQA/UpdateEnable",
    "headers": {
        "Content-Type": "application/json; charset=utf-8",
        "Access-Token": "5F9140635BC53F2947FFD48309AC23C04C95B9E0D9B8F4C4142C3533BEC90B02"
    },
    "json": {
        "Enable": false
    },
    "data": null,
    "files": null
}
