[INFO] [2019-03-29 10:31:40,120] logger.py [line:132] : The test.json result is{
    "BotIds": [
        "The BotIds field is required."
    ]
}
[DEBUG] [2019-03-29 10:31:40,121] logger.py [line:132] : {'relevant_parameter': ['Host'], 'description': '获取公钥', 'method': 'get', 'url': 'https://192.168.1.104:10033/api/auth/getpublickey', 'assert': {'Code': 1}, 'res_index': ['RsaPublicKey', 'Key'], 'check_db': None}
[INFO] [2019-03-29 10:31:40,121] logger.py [line:132] : 接受GET的请求参数为{
    "url": "https://192.168.1.104:10033/api/auth/getpublickey",
    "params": null,
    "headers": null
}
[INFO] [2019-03-29 10:31:40,293] logger.py [line:132] : The test.json result is{
    "Code": 1,
    "RsaPublicKey": "-----BEGIN PUBLIC KEY-----\nMIGfMA0GCSqGSIb3DQEBAQUAA4GNADCBiQKBgQCQvvF5ncmZ+ivfdIYC4cF9F0qO\ng6MI6xo2MOpBsuWCbU1M4d7Rvuem7GOhgFIHK15qXH0G3snv6fS68GsfzoTtAtJB\nWg/HgCACDC2OAD+EOoHFNNdQIWQVLawHpeaIgSKUsT2C2LZyRmhynKV3wdE7pjTg\nz/k5dS6kY+GgG0m6KwIDAQAB\n-----END PUBLIC KEY-----\n",
    "Key": "c4c95331-abe0-4985-a2bb-cff711650332"
}
[DEBUG] [2019-03-29 10:31:40,294] logger.py [line:132] : 保存的变量值为 -----BEGIN PUBLIC KEY-----
MIGfMA0GCSqGSIb3DQEBAQUAA4GNADCBiQKBgQCQvvF5ncmZ+ivfdIYC4cF9F0qO
g6MI6xo2MOpBsuWCbU1M4d7Rvuem7GOhgFIHK15qXH0G3snv6fS68GsfzoTtAtJB
Wg/HgCACDC2OAD+EOoHFNNdQIWQVLawHpeaIgSKUsT2C2LZyRmhynKV3wdE7pjTg
z/k5dS6kY+GgG0m6KwIDAQAB
-----END PUBLIC KEY-----
 => 
[DEBUG] [2019-03-29 10:31:40,295] logger.py [line:132] : 保存的变量值为 c4c95331-abe0-4985-a2bb-cff711650332 => 
[DEBUG] [2019-03-29 10:31:40,297] logger.py [line:132] : {'relevant_parameter': ['Host', 'Access-Token', 'RecordId'], 'description': 'bot查询接口-成功', 'method': 'post', 'url': 'https://192.168.1.104:10033/api/admin/keyword/KQA/botsearch', 'json': {'BotId': 'e066c8d5-0586-42ad-9381-819bd103cfa9', 'Content': ''}, 'headers': {'Content-Type': 'application/json; charset=utf-8', 'Access-Token': '5F9140635BC53F2947FFD48309AC23C04C95B9E0D9B8F4C4142C3533BEC90B02'}, 'assert': {'Status': 1}, 'check_db': None}
[INFO] [2019-03-29 10:31:40,298] logger.py [line:132] : 接受POST的请求参数为{
    "url": "https://192.168.1.104:10033/api/admin/keyword/KQA/botsearch",
    "headers": {
        "Content-Type": "application/json; charset=utf-8",
        "Access-Token": "5F9140635BC53F2947FFD48309AC23C04C95B9E0D9B8F4C4142C3533BEC90B02"
    },
    "json": {
        "BotId": "e066c8d5-0586-42ad-9381-819bd103cfa9",
        "Content": ""
    },
    "data": null,
    "files": null
}
[INFO] [2019-03-29 10:31:40,471] logger.py [line:132] : The test.json result is{
    "Status": 1,
    "ErrorMsg": null,
    "ResultValue": {
        "Answer": null,
        "BotId": null,
        "Score": 0.0
    }
}
[DEBUG] [2019-03-29 10:31:40,473] logger.py [line:132] : {'relevant_parameter': ['Host', 'Access-Token'], 'description': '获取kqa服务信息-成功', 'method': 'post', 'url': 'https://192.168.1.104:10033/api/admin/portal/KQA/Get', 'json': {'BotConfigId': 'c7fb61ed-6a49-4a03-a74a-cfe406793bfc'}, 'headers': {'Content-Type': 'application/json; charset=utf-8', 'Access-Token': '5F9140635BC53F2947FFD48309AC23C04C95B9E0D9B8F4C4142C3533BEC90B02'}, 'assert': {'Status': 1}, 'check_db': None}
[INFO] [2019-03-29 10:31:40,473] logger.py [line:132] : 接受POST的请求参数为{
    "url": "https://192.168.1.104:10033/api/admin/portal/KQA/Get",
    "headers": {
        "Content-Type": "application/json; charset=utf-8",
        "Access-Token": "5F9140635BC53F2947FFD48309AC23C04C95B9E0D9B8F4C4142C3533BEC90B02"
    },
    "json": {
        "BotConfigId": "c7fb61ed-6a49-4a03-a74a-cfe406793bfc"
    },
    "data": null,
    "files": null
}
[INFO] [2019-03-29 10:31:40,816] logger.py [line:132] : The test.json result is{
    "Status": 1,
    "ErrorCodes": null,
    "Data": {
        "ID": "46f65dfe-7149-43f4-925c-25cc6edccd0e",
        "BotConfigId": "c7fb61ed-6a49-4a03-a74a-cfe406793bfc",
        "ServiceName": "KQA",
        "Parameters": "https://192.168.1.103:10037/api/admin/keyword/KQA/search",
        "ServiceType": null,
        "Enable": false,
        "Status": 1
    }
}
[DEBUG] [2019-03-29 10:31:40,818] logger.py [line:132] : {'relevant_parameter': ['Host', 'Access-Token'], 'description': '获取kqa服务信息-缺少BotConfigId', 'method': 'post', 'url': 'https://192.168.1.104:10033/api/admin/portal/KQA/Get', 'json': {'BotConfigId': ''}, 'headers': {'Content-Type': 'application/json; charset=utf-8', 'Access-Token': '5F9140635BC53F2947FFD48309AC23C04C95B9E0D9B8F4C4142C3533BEC90B02'}, 'assert': {'BotConfigId': ['The BotConfigId field is required.']}, 'check_db': None}
[INFO] [2019-03-29 10:31:40,819] logger.py [line:132] : 接受POST的请求参数为{
    "url": "https://192.168.1.104:10033/api/admin/portal/KQA/Get",
    "headers": {
        "Content-Type": "application/json; charset=utf-8",
        "Access-Token": "5F9140635BC53F2947FFD48309AC23C04C95B9E0D9B8F4C4142C3533BEC90B02"
    },
    "json": {
        "BotConfigId": ""
    },
    "data": null,
    "files": null
}
[INFO] [2019-03-29 10:31:40,971] logger.py [line:132] : The test.json result is{
    "BotConfigId": [
        "The BotConfigId field is required."
    ]
}
[DEBUG] [2019-03-29 10:31:40,973] logger.py [line:132] : {'relevant_parameter': ['Host', 'Access-Token'], 'description': '设置开关-成功', 'method': 'post', 'url': 'https://192.168.1.104:10033/api/admin/portal/KQA/UpdateEnable', 'json': {'BotConfigId': 'c7fb61ed-6a49-4a03-a74a-cfe406793bfc', 'Enable': False}, 'headers': {'Content-Type': 'application/json; charset=utf-8', 'Access-Token': '5F9140635BC53F2947FFD48309AC23C04C95B9E0D9B8F4C4142C3533BEC90B02'}, 'assert': {'Status': 1}, 'check_db': None}
[INFO] [2019-03-29 10:31:40,973] logger.py [line:132] : 接受POST的请求参数为{
    "url": "https://192.168.1.104:10033/api/admin/portal/KQA/UpdateEnable",
    "headers": {
        "Content-Type": "application/json; charset=utf-8",
        "Access-Token": "5F9140635BC53F2947FFD48309AC23C04C95B9E0D9B8F4C4142C3533BEC90B02"
    },
    "json": {
        "BotConfigId": "c7fb61ed-6a49-4a03-a74a-cfe406793bfc",
        "Enable": false
    },
    "data": null,
    "files": null
}
