[INFO] [2019-03-27 17:30:48,034] logger.py [line:132] : The test result is{
    "BotId": [
        "The BotId field is required."
    ]
}
[DEBUG] [2019-03-27 17:30:48,036] logger.py [line:132] : {'relevant_parameter': ['Host'], 'description': '获取公钥', 'method': 'get', 'url': 'https://192.168.1.104:10033/api/auth/getpublickey', 'assert': {'Code': 1}, 'res_index': ['RsaPublicKey', 'Key'], 'check_db': None}
[INFO] [2019-03-27 17:30:48,036] logger.py [line:132] : 接受GET的请求参数为{
    "url": "https://192.168.1.104:10033/api/auth/getpublickey",
    "params": null,
    "headers": null
}
[INFO] [2019-03-27 17:30:48,306] logger.py [line:132] : The test result is{
    "Code": 1,
    "RsaPublicKey": "-----BEGIN PUBLIC KEY-----\nMIGfMA0GCSqGSIb3DQEBAQUAA4GNADCBiQKBgQCHL4swDDoP1rUbGuUjOuccpPaw\n9PrLTmEbNOnWJmYHEMZkGOWUVuvTlCeZ7C2zap63qXQh5IJlBc2neItdT7MUkN+Y\n8lcsUOzlJuMogFOEXRJIA0Y3ij/z/+p2bRgrXmRamFNyiu9rGy18LTpb/k2OMCMz\nYA/8hWhnbTUmcbgftQIDAQAB\n-----END PUBLIC KEY-----\n",
    "Key": "18a8156b-7dbe-492c-a7e9-e0349a00896d"
}
[DEBUG] [2019-03-27 17:30:48,307] logger.py [line:132] : 保存的变量值为 -----BEGIN PUBLIC KEY-----
MIGfMA0GCSqGSIb3DQEBAQUAA4GNADCBiQKBgQCHL4swDDoP1rUbGuUjOuccpPaw
9PrLTmEbNOnWJmYHEMZkGOWUVuvTlCeZ7C2zap63qXQh5IJlBc2neItdT7MUkN+Y
8lcsUOzlJuMogFOEXRJIA0Y3ij/z/+p2bRgrXmRamFNyiu9rGy18LTpb/k2OMCMz
YA/8hWhnbTUmcbgftQIDAQAB
-----END PUBLIC KEY-----
 => 
[DEBUG] [2019-03-27 17:30:48,307] logger.py [line:132] : 保存的变量值为 18a8156b-7dbe-492c-a7e9-e0349a00896d => 
[DEBUG] [2019-03-27 17:30:48,309] logger.py [line:132] : {'relevant_parameter': ['Host', 'Access-Token'], 'description': 'bot查询接口-成功', 'method': 'post', 'url': 'https://192.168.1.104:10033/api/admin/keyword/KQA/botsearch', 'json': {'BotId': '04372bfa-f0ee-4545-8ab2-42e9f69e222f', 'Content': ''}, 'headers': {'Content-Type': 'application/json; charset=utf-8', 'Access-Token': 'B921597A20570510DB8789D6C3DA672194A29A726290F08ED36AF907CC9E6C3E'}, 'assert': {'Status': 1}, 'check_db': None}
[INFO] [2019-03-27 17:30:48,310] logger.py [line:132] : 接受POST的请求参数为{
    "url": "https://192.168.1.104:10033/api/admin/keyword/KQA/botsearch",
    "headers": {
        "Content-Type": "application/json; charset=utf-8",
        "Access-Token": "B921597A20570510DB8789D6C3DA672194A29A726290F08ED36AF907CC9E6C3E"
    },
    "json": {
        "BotId": "04372bfa-f0ee-4545-8ab2-42e9f69e222f",
        "Content": ""
    },
    "data": null,
    "files": null
}
[INFO] [2019-03-27 17:30:48,739] logger.py [line:132] : The test result is{
    "Status": 1,
    "ErrorMsg": null,
    "ResultValue": {
        "Answer": "eee",
        "BotId": "04372bfa-f0ee-4545-8ab2-42e9f69e222f",
        "Score": 0.2876821
    }
}
[DEBUG] [2019-03-27 17:30:48,741] logger.py [line:132] : {'relevant_parameter': ['Host', 'Access-Token'], 'description': '验证token信息', 'method': 'post', 'url': 'https://192.168.1.104:10033/api/auth/validateToken', 'headers': {'Content-Type': 'application/json; charset=utf-8', 'Access-Token': 'B921597A20570510DB8789D6C3DA672194A29A726290F08ED36AF907CC9E6C3E'}, 'assert': {'IsValid': True}}
[INFO] [2019-03-27 17:30:48,742] logger.py [line:132] : 接受POST的请求参数为{
    "url": "https://192.168.1.104:10033/api/auth/validateToken",
    "headers": {
        "Content-Type": "application/json; charset=utf-8",
        "Access-Token": "B921597A20570510DB8789D6C3DA672194A29A726290F08ED36AF907CC9E6C3E"
    },
    "json": null,
    "data": null,
    "files": null
}
