[INFO] [2019-03-27 17:21:04,048] logger.py [line:132] : The test result is{
    "Code": 1,
    "RsaPublicKey": "-----BEGIN PUBLIC KEY-----\nMIGfMA0GCSqGSIb3DQEBAQUAA4GNADCBiQKBgQCBIaqlV8CpKuZ6JJCuOixmCP3y\nAmhNop4ncL76qFdZ7HSRhY6PqMBzOGkYhuZwN8T5Rz27S+q+2dGM9Xvo9DALLEJT\nnJOw8dbdYkUzguUPg2c2T2RF49xDrwVwgc+85XvxN/zKvG0WlARW/bADc1A25RA5\ncg4iTMo7jsCgZiffjwIDAQAB\n-----END PUBLIC KEY-----\n",
    "Key": "5a1e98b1-8c3f-4a9f-b5ef-3c8642c8342a"
}
[DEBUG] [2019-03-27 17:21:04,049] logger.py [line:132] : 保存的变量值为 -----BEGIN PUBLIC KEY-----
MIGfMA0GCSqGSIb3DQEBAQUAA4GNADCBiQKBgQCBIaqlV8CpKuZ6JJCuOixmCP3y
AmhNop4ncL76qFdZ7HSRhY6PqMBzOGkYhuZwN8T5Rz27S+q+2dGM9Xvo9DALLEJT
nJOw8dbdYkUzguUPg2c2T2RF49xDrwVwgc+85XvxN/zKvG0WlARW/bADc1A25RA5
cg4iTMo7jsCgZiffjwIDAQAB
-----END PUBLIC KEY-----
 => 
[DEBUG] [2019-03-27 17:21:04,050] logger.py [line:132] : 保存的变量值为 5a1e98b1-8c3f-4a9f-b5ef-3c8642c8342a => 
[DEBUG] [2019-03-27 17:21:04,052] logger.py [line:132] : {'relevant_parameter': ['Host', 'Access-Token'], 'description': 'bot查询接口-成功', 'method': 'post', 'url': 'https://192.168.1.104:10033/api/admin/keyword/KQA/botsearch', 'json': {'BotId': '04372bfa-f0ee-4545-8ab2-42e9f69e222f', 'Content': ''}, 'headers': {'Content-Type': 'application/json; charset=utf-8', 'Access-Token': 'B921597A20570510DB8789D6C3DA672194A29A726290F08ED36AF907CC9E6C3E'}, 'assert': {'Status': 1}, 'check_db': None}
[INFO] [2019-03-27 17:21:04,053] logger.py [line:132] : 接受POST的请求参数为{
    "url": "https://192.168.1.104:10033/api/admin/keyword/KQA/botsearch",
    "headers": {
        "Content-Type": "application/json; charset=utf-8",
        "Access-Token": "B921597A20570510DB8789D6C3DA672194A29A726290F08ED36AF907CC9E6C3E"
    },
    "json": {
        "BotId": "04372bfa-f0ee-4545-8ab2-42e9f69e222f",
        "Content": ""
    },
    "data": null,
    "files": null
}
[INFO] [2019-03-27 17:21:04,214] logger.py [line:132] : The test result is{
    "Status": 1,
    "ErrorMsg": null,
    "ResultValue": {
        "Answer": "eee",
        "BotId": "04372bfa-f0ee-4545-8ab2-42e9f69e222f",
        "Score": 0.2876821
    }
}
[DEBUG] [2019-03-27 17:21:04,216] logger.py [line:132] : {'relevant_parameter': ['Host', 'Access-Token'], 'description': '验证token信息', 'method': 'post', 'url': 'https://192.168.1.104:10033/api/auth/validateToken', 'headers': {'Content-Type': 'application/json; charset=utf-8', 'Access-Token': 'B921597A20570510DB8789D6C3DA672194A29A726290F08ED36AF907CC9E6C3E'}, 'assert': {'IsValid': True}}
[INFO] [2019-03-27 17:21:04,217] logger.py [line:132] : 接受POST的请求参数为{
    "url": "https://192.168.1.104:10033/api/auth/validateToken",
    "headers": {
        "Content-Type": "application/json; charset=utf-8",
        "Access-Token": "B921597A20570510DB8789D6C3DA672194A29A726290F08ED36AF907CC9E6C3E"
    },
    "json": null,
    "data": null,
    "files": null
}
[INFO] [2019-03-27 17:21:04,360] logger.py [line:132] : The test result is{
    "IsValid": true,
    "Status": 1,
    "ErrorCodes": null
}
