[INFO] [2019-03-29 15:14:54,023] logger.py [line:132] : The test.json result is{
    "Status": 1,
    "ErrorMsg": null,
    "ResultValue": {
        "Total": 3,
        "Page": 0,
        "PageSize": 10,
        "Datas": [
            {
                "ID": "c7b44e18-4aa0-4958-b95f-c2cf12ec9b22",
                "TenantId": "928d2511-6783-43c2-bde5-dcf059f55710",
                "BotId": "04372bfa-f0ee-4545-8ab2-42e9f69e222f",
                "Keyword": "13223&321321",
                "KeywordForCompare": "13223_321321",
                "Answer": "313213312",
                "Status": 0,
                "CreateDate": "2019-03-29 09:49:03",
                "UpdateDate": "2019-03-29 09:49:56",
                "CreateUserId": null,
                "CreateUserName": "testbot",
                "UpdateUserId": null,
                "UpdateUserName": "test01@testbot.hightalk.ai"
            },
            {
                "ID": "7509ac2a-5e23-473f-937f-a7e7578033c0",
                "TenantId": "928d2511-6783-43c2-bde5-dcf059f55710",
                "BotId": "04372bfa-f0ee-4545-8ab2-42e9f69e222f",
                "Keyword": "我是谁",
                "KeywordForCompare": "我是谁",
                "Answer": "大佬大佬",
                "Status": 0,
                "CreateDate": "2019-03-29 11:34:48",
                "UpdateDate": "0001-01-01 00:00:00",
                "CreateUserId": null,
                "CreateUserName": "testbot",
                "UpdateUserId": null,
                "UpdateUserName": null
            },
            {
                "ID": "e6a0f429-3378-4733-9d2a-11fed4b34898",
                "TenantId": "928d2511-6783-43c2-bde5-dcf059f55710",
                "BotId": "04372bfa-f0ee-4545-8ab2-42e9f69e222f",
                "Keyword": "凤凰股份",
                "KeywordForCompare": "凤凰股份",
                "Answer": "57656765",
                "Status": 0,
                "CreateDate": "2019-03-29 13:34:34",
                "UpdateDate": "0001-01-01 00:00:00",
                "CreateUserId": null,
                "CreateUserName": "testbot",
                "UpdateUserId": null,
                "UpdateUserName": null
            }
        ]
    }
}
[DEBUG] [2019-03-29 15:14:54,025] logger.py [line:132] : {'relevant_parameter': ['Host', 'Access-Token', 'BotId'], 'description': '关键字搜索- 查询关键字-缺少租户域名', 'method': 'post', 'url': 'https://192.168.1.104:10033/api/admin/keyword/KQA/search', 'json': {'BotId': '04372bfa-f0ee-4545-8ab2-42e9f69e222f', 'TenantId': '928d2511-6783-43c2-bde5-dcf059f55710', 'Page': 0, 'KeyWord': '', 'PageSize': 10}, 'headers': {'Content-Type': 'application/json; charset=utf-8', 'Access-Token': '5F9140635BC53F2947FFD48309AC23C04C95B9E0D9B8F4C4142C3533BEC90B02'}, 'assert': {'ErrorMsg': '租户域名不能为空.'}, 'check_db': None}
[INFO] [2019-03-29 15:14:54,026] logger.py [line:132] : 接受POST的请求参数为{
    "url": "https://192.168.1.104:10033/api/admin/keyword/KQA/search",
    "headers": {
        "Content-Type": "application/json; charset=utf-8",
        "Access-Token": "5F9140635BC53F2947FFD48309AC23C04C95B9E0D9B8F4C4142C3533BEC90B02"
    },
    "json": {
        "BotId": "04372bfa-f0ee-4545-8ab2-42e9f69e222f",
        "TenantId": "928d2511-6783-43c2-bde5-dcf059f55710",
        "Page": 0,
        "KeyWord": "",
        "PageSize": 10
    },
    "data": null,
    "files": null
}
[INFO] [2019-03-29 15:14:54,173] logger.py [line:132] : The test.json result is{
    "Status": 0,
    "ErrorMsg": "租户域名不能为空.",
    "ResultValue": null
}
[DEBUG] [2019-03-29 15:14:54,176] logger.py [line:132] : {'relevant_parameter': ['Host', 'Access-Token', 'BotId'], 'description': '关键字搜索- 添加关键字-成功', 'method': 'post', 'url': 'https://192.168.1.104:10033/api/admin/keyword/KQA/add', 'json': {'TenantId': '928d2511-6783-43c2-bde5-dcf059f55710', 'BotId': '16a600bb-e081-4346-a687-6cfe69da4280', 'TenantDomain': 'test01@testbot.hightalk.ai', 'AnsWer': '57656765', 'KeyWord': 'wyoyo3i1', 'CreateUserId': None, 'CreateUserName': 'testbot'}, 'headers': {'Content-Type': 'application/json; charset=utf-8', 'Access-Token': '5F9140635BC53F2947FFD48309AC23C04C95B9E0D9B8F4C4142C3533BEC90B02'}, 'assert': {'Status': 1}, 'check_db': None}
[INFO] [2019-03-29 15:14:54,176] logger.py [line:132] : 接受POST的请求参数为{
    "url": "https://192.168.1.104:10033/api/admin/keyword/KQA/add",
    "headers": {
        "Content-Type": "application/json; charset=utf-8",
        "Access-Token": "5F9140635BC53F2947FFD48309AC23C04C95B9E0D9B8F4C4142C3533BEC90B02"
    },
    "json": {
        "TenantId": "928d2511-6783-43c2-bde5-dcf059f55710",
        "BotId": "16a600bb-e081-4346-a687-6cfe69da4280",
        "TenantDomain": "test01@testbot.hightalk.ai",
        "AnsWer": "57656765",
        "KeyWord": "wyoyo3i1",
        "CreateUserId": null,
        "CreateUserName": "testbot"
    },
    "data": null,
    "files": null
}
[INFO] [2019-03-29 15:14:54,350] logger.py [line:132] : The test.json result is{
    "Status": 0,
    "ErrorMsg": "关键字[wyoyo3i1]重复",
    "ResultValue": null
}
[DEBUG] [2019-03-29 15:14:54,353] logger.py [line:132] : {'relevant_parameter': ['Host', 'Access-Token', 'BotId'], 'description': '关键字搜索- 添加关键字-keyword不超过三个', 'method': 'post', 'url': 'https://192.168.1.104:10033/api/admin/keyword/KQA/add', 'json': {'TenantId': '928d2511-6783-43c2-bde5-dcf059f55710', 'BotId': '16a600bb-e081-4346-a687-6cfe69da4280', 'TenantDomain': 'test01@testbot.hightalk.ai', 'AnsWer': '57656765', 'KeyWord': 'wud23i1&3213&321321&321321', 'CreateUserId': None, 'CreateUserName': 'testbot'}, 'headers': {'Content-Type': 'application/json; charset=utf-8', 'Access-Token': '5F9140635BC53F2947FFD48309AC23C04C95B9E0D9B8F4C4142C3533BEC90B02'}, 'assert': {'Status': 0}, 'check_db': None}
[INFO] [2019-03-29 15:14:54,354] logger.py [line:132] : 接受POST的请求参数为{
    "url": "https://192.168.1.104:10033/api/admin/keyword/KQA/add",
    "headers": {
        "Content-Type": "application/json; charset=utf-8",
        "Access-Token": "5F9140635BC53F2947FFD48309AC23C04C95B9E0D9B8F4C4142C3533BEC90B02"
    },
    "json": {
        "TenantId": "928d2511-6783-43c2-bde5-dcf059f55710",
        "BotId": "16a600bb-e081-4346-a687-6cfe69da4280",
        "TenantDomain": "test01@testbot.hightalk.ai",
        "AnsWer": "57656765",
        "KeyWord": "wud23i1&3213&321321&321321",
        "CreateUserId": null,
        "CreateUserName": "testbot"
    },
    "data": null,
    "files": null
}
[INFO] [2019-03-29 15:14:54,504] logger.py [line:132] : The test.json result is{
    "Status": 0,
    "ErrorMsg": "关键字只能由汉字、字母（大小）、数字组合,每个关键字以'&'符号进行分隔,关键字数量不能超过3个.",
    "ResultValue": null
}
[DEBUG] [2019-03-29 15:14:54,507] logger.py [line:132] : {'relevant_parameter': ['Host', 'Access-Token', 'BotId'], 'description': '关键字搜索- 添加关键字-keyword分隔符', 'method': 'post', 'url': 'https://192.168.1.104:10033/api/admin/keyword/KQA/add', 'json': {'TenantId': '928d2511-6783-43c2-bde5-dcf059f55710', 'BotId': '16a600bb-e081-4346-a687-6cfe69da4280', 'TenantDomain': 'test01@testbot.hightalk.ai', 'AnsWer': '57656765', 'KeyWord': 'wud23i1|31232', 'CreateUserId': None, 'CreateUserName': 'testbot'}, 'headers': {'Content-Type': 'application/json; charset=utf-8', 'Access-Token': '5F9140635BC53F2947FFD48309AC23C04C95B9E0D9B8F4C4142C3533BEC90B02'}, 'assert': {'Status': 0}, 'check_db': None}
[INFO] [2019-03-29 15:14:54,508] logger.py [line:132] : 接受POST的请求参数为{
    "url": "https://192.168.1.104:10033/api/admin/keyword/KQA/add",
    "headers": {
        "Content-Type": "application/json; charset=utf-8",
        "Access-Token": "5F9140635BC53F2947FFD48309AC23C04C95B9E0D9B8F4C4142C3533BEC90B02"
    },
    "json": {
        "TenantId": "928d2511-6783-43c2-bde5-dcf059f55710",
        "BotId": "16a600bb-e081-4346-a687-6cfe69da4280",
        "TenantDomain": "test01@testbot.hightalk.ai",
        "AnsWer": "57656765",
        "KeyWord": "wud23i1|31232",
        "CreateUserId": null,
        "CreateUserName": "testbot"
    },
    "data": null,
    "files": null
}
[INFO] [2019-03-29 15:14:54,667] logger.py [line:132] : The test.json result is{
    "Status": 0,
    "ErrorMsg": "关键字只能由汉字、字母（大小）、数字组合,每个关键字以'&'符号进行分隔,关键字数量不能超过3个.",
    "ResultValue": null
}
[DEBUG] [2019-03-29 15:14:54,669] logger.py [line:132] : {'relevant_parameter': ['Host', 'Access-Token', 'BotId'], 'description': '关键字搜索- 添加关键字-CreateUserName为空', 'method': 'post', 'url': 'https://192.168.1.104:10033/api/admin/keyword/KQA/add', 'json': {'TenantId': '928d2511-6783-43c2-bde5-dcf059f55710', 'BotId': '16a600bb-e081-4346-a687-6cfe69da4280', 'TenantDomain': 'test01@testbot.hightalk.ai', 'AnsWer': '57656765', 'KeyWord': 'wud2i1', 'CreateUserId': None}, 'headers': {'Content-Type': 'application/json; charset=utf-8', 'Access-Token': '5F9140635BC53F2947FFD48309AC23C04C95B9E0D9B8F4C4142C3533BEC90B02'}, 'assert': {'ErrorMsg': '创建者姓名不能为空.'}, 'check_db': None}
[INFO] [2019-03-29 15:14:54,669] logger.py [line:132] : 接受POST的请求参数为{
    "url": "https://192.168.1.104:10033/api/admin/keyword/KQA/add",
    "headers": {
        "Content-Type": "application/json; charset=utf-8",
        "Access-Token": "5F9140635BC53F2947FFD48309AC23C04C95B9E0D9B8F4C4142C3533BEC90B02"
    },
    "json": {
        "TenantId": "928d2511-6783-43c2-bde5-dcf059f55710",
        "BotId": "16a600bb-e081-4346-a687-6cfe69da4280",
        "TenantDomain": "test01@testbot.hightalk.ai",
        "AnsWer": "57656765",
        "KeyWord": "wud2i1",
        "CreateUserId": null
    },
    "data": null,
    "files": null
}
