[INFO] [2019-03-27 15:34:40,088] logger.py [line:132] : 测试用例已自动生成完毕, 文件: GetPublicKey.py -> 具体测试用例:test_get_public_key
[INFO] [2019-03-27 15:34:40,090] logger.py [line:132] : 测试用例已自动生成完毕, 文件: RsaEncrypt.py -> 具体测试用例:test_rsa_encrypt
[DEBUG] [2019-03-27 15:34:40,223] logger.py [line:132] : 临时变量文件已自动生成完毕, 文件: PublicKey.py -> 具体变量文件:public_key
[DEBUG] [2019-03-27 15:34:40,228] logger.py [line:132] : {'relevant_parameter': ['Host'], 'description': '获取公钥', 'method': 'get', 'url': 'https://192.168.1.104:10033/api/auth/getpublickey', 'assert': {'Code': 1}, 'res_index': ['RsaPublicKey', 'Key'], 'check_db': None}
[INFO] [2019-03-27 15:34:40,229] logger.py [line:132] : 接受GET的请求参数为{
    "url": "https://192.168.1.104:10033/api/auth/getpublickey",
    "params": null,
    "headers": null
}
[INFO] [2019-03-27 15:34:40,763] logger.py [line:132] : The test.yaml result is{
    "Code": 1,
    "RsaPublicKey": "-----BEGIN PUBLIC KEY-----\nMIGfMA0GCSqGSIb3DQEBAQUAA4GNADCBiQKBgQCNR0a/mXUcUzCW7jj67Kr/x5Mn\n2M06XCS5fq2GbGMRxE2Jh/a8Vr+JOy8jmxj6Sj+UdYo9xoEj16jO68LXdwjrz/cc\nMv1S1eTMNkSizrkPKXZesOJmoKngZikT6z2/QApdThGNGpGhus3aDSU7ksfCao7U\nlZm/N3dg69kKvx7/1wIDAQAB\n-----END PUBLIC KEY-----\n",
    "Key": "aed49394-899c-4969-85ec-8ced906936ec"
}
[DEBUG] [2019-03-27 15:34:40,764] logger.py [line:132] : 保存的变量值为 -----BEGIN PUBLIC KEY-----
MIGfMA0GCSqGSIb3DQEBAQUAA4GNADCBiQKBgQCNR0a/mXUcUzCW7jj67Kr/x5Mn
2M06XCS5fq2GbGMRxE2Jh/a8Vr+JOy8jmxj6Sj+UdYo9xoEj16jO68LXdwjrz/cc
Mv1S1eTMNkSizrkPKXZesOJmoKngZikT6z2/QApdThGNGpGhus3aDSU7ksfCao7U
lZm/N3dg69kKvx7/1wIDAQAB
-----END PUBLIC KEY-----
 => 
[DEBUG] [2019-03-27 15:34:40,765] logger.py [line:132] : 保存的变量值为 aed49394-899c-4969-85ec-8ced906936ec => 
