[INFO] [2019-03-29 15:23:09,082] logger.py [line:132] : The test.json result is{
    "Status": 0,
    "ErrorCodes": null,
    "Data": false
}
[DEBUG] [2019-03-29 15:23:09,084] logger.py [line:132] : {'relevant_parameter': ['Host', 'Access-Token'], 'description': '关键字搜索- 关键字重复校验', 'method': 'post', 'url': 'https://192.168.1.104:10033/api/admin/keyword/KQA/verifyDuplicated', 'json': {'TenantId': '928d2511-6783-43c2-bde5-dcf059f55710', 'BotId': '16a600bb-e081-4346-a687-6cfe69da4280', 'CreateUserName': 'testbot', 'CreateUserId': None, 'TenantDomain': 'test01@testbot.hightalk.ai', 'KeyWord': '321231321'}, 'headers': {'Content-Type': 'application/json; charset=utf-8', 'Access-Token': '5F9140635BC53F2947FFD48309AC23C04C95B9E0D9B8F4C4142C3533BEC90B02'}, 'assert': {'Status': 1}, 'check_db': None}
[INFO] [2019-03-29 15:23:09,085] logger.py [line:132] : 接受POST的请求参数为{
    "url": "https://192.168.1.104:10033/api/admin/keyword/KQA/verifyDuplicated",
    "headers": {
        "Content-Type": "application/json; charset=utf-8",
        "Access-Token": "5F9140635BC53F2947FFD48309AC23C04C95B9E0D9B8F4C4142C3533BEC90B02"
    },
    "json": {
        "TenantId": "928d2511-6783-43c2-bde5-dcf059f55710",
        "BotId": "16a600bb-e081-4346-a687-6cfe69da4280",
        "CreateUserName": "testbot",
        "CreateUserId": null,
        "TenantDomain": "test01@testbot.hightalk.ai",
        "KeyWord": "321231321"
    },
    "data": null,
    "files": null
}
[INFO] [2019-03-29 15:23:09,245] logger.py [line:132] : The test.json result is{
    "Status": 1,
    "ErrorMsg": null,
    "ResultValue": {
        "IsRepeat": true,
        "RepeatModel": {
            "ID": "78487fe9-b7a4-44c4-8318-fd44d8b36592",
            "TenantId": "928d2511-6783-43c2-bde5-dcf059f55710",
            "BotId": "16a600bb-e081-4346-a687-6cfe69da4280",
            "Keyword": "321231321",
            "KeywordForCompare": "321231321",
            "Answer": "321321",
            "Status": 0,
            "CreateDate": "2019-03-29 14:44:46",
            "UpdateDate": "0001-01-01 00:00:00",
            "CreateUserId": null,
            "CreateUserName": "testbot",
            "UpdateUserId": null,
            "UpdateUserName": null
        }
    }
}
