[INFO] [2019-03-29 15:17:43,156] logger.py [line:132] : The test.json result is{
    "Status": 1,
    "ErrorMsg": null,
    "ResultValue": "更新关键词答案成功"
}
[DEBUG] [2019-03-29 15:17:43,158] logger.py [line:132] : {'relevant_parameter': ['Host', 'Access-Token', 'BotId'], 'description': '更新关键字-TenantDomain为空', 'method': 'post', 'url': 'https://192.168.1.104:10033/api/admin/keyword/KQA/update', 'json': {'ID': '0deccd49-a869-4ffc-9a9a-29f765806170', 'AnsWer': 57656765321, 'CreateUserId': None, 'UpdateUserName': 'test01@testbot.hightalk.ai', 'BotId': '16a600bb-e081-4346-a687-6cfe69da4280'}, 'headers': {'Content-Type': 'application/json; charset=utf-8', 'Access-Token': '5F9140635BC53F2947FFD48309AC23C04C95B9E0D9B8F4C4142C3533BEC90B02'}, 'assert': {'ErrorMsg': '租户域名不能为空.'}, 'check_db': None}
[INFO] [2019-03-29 15:17:43,160] logger.py [line:132] : 接受POST的请求参数为{
    "url": "https://192.168.1.104:10033/api/admin/keyword/KQA/update",
    "headers": {
        "Content-Type": "application/json; charset=utf-8",
        "Access-Token": "5F9140635BC53F2947FFD48309AC23C04C95B9E0D9B8F4C4142C3533BEC90B02"
    },
    "json": {
        "ID": "0deccd49-a869-4ffc-9a9a-29f765806170",
        "AnsWer": 57656765321,
        "CreateUserId": null,
        "UpdateUserName": "test01@testbot.hightalk.ai",
        "BotId": "16a600bb-e081-4346-a687-6cfe69da4280"
    },
    "data": null,
    "files": null
}
[INFO] [2019-03-29 15:17:43,337] logger.py [line:132] : The test.json result is{
    "Status": 0,
    "ErrorMsg": "租户域名不能为空.",
    "ResultValue": null
}
[DEBUG] [2019-03-29 15:17:43,339] logger.py [line:132] : {'relevant_parameter': ['Host', 'Access-Token', 'BotId'], 'description': '更新关键字-answer为空', 'method': 'post', 'url': 'https://192.168.1.104:10033/api/admin/keyword/KQA/update', 'json': {'ID': '0deccd49-a869-4ffc-9a9a-29f765806170', 'CreateUserId': None, 'UpdateUserName': 'test01@testbot.hightalk.ai', 'TenantDomain': 'test01@testbot.hightalk.ai', 'BotId': '16a600bb-e081-4346-a687-6cfe69da4280'}, 'headers': {'Content-Type': 'application/json; charset=utf-8', 'Access-Token': '5F9140635BC53F2947FFD48309AC23C04C95B9E0D9B8F4C4142C3533BEC90B02'}, 'assert': {'ErrorMsg': '答案不能为空.'}, 'check_db': None}
[INFO] [2019-03-29 15:17:43,340] logger.py [line:132] : 接受POST的请求参数为{
    "url": "https://192.168.1.104:10033/api/admin/keyword/KQA/update",
    "headers": {
        "Content-Type": "application/json; charset=utf-8",
        "Access-Token": "5F9140635BC53F2947FFD48309AC23C04C95B9E0D9B8F4C4142C3533BEC90B02"
    },
    "json": {
        "ID": "0deccd49-a869-4ffc-9a9a-29f765806170",
        "CreateUserId": null,
        "UpdateUserName": "test01@testbot.hightalk.ai",
        "TenantDomain": "test01@testbot.hightalk.ai",
        "BotId": "16a600bb-e081-4346-a687-6cfe69da4280"
    },
    "data": null,
    "files": null
}
[INFO] [2019-03-29 15:17:43,498] logger.py [line:132] : The test.json result is{
    "Status": 0,
    "ErrorMsg": "答案不能为空.",
    "ResultValue": null
}
[DEBUG] [2019-03-29 15:17:43,499] logger.py [line:132] : {'relevant_parameter': ['Host', 'Access-Token', 'BotId'], 'description': '更新关键字-updateName为空', 'method': 'post', 'url': 'https://192.168.1.104:10033/api/admin/keyword/KQA/update', 'json': {'ID': '0deccd49-a869-4ffc-9a9a-29f765806170', 'AnsWer': 57656765321, 'CreateUserId': None, 'TenantDomain': 'test01@testbot.hightalk.ai', 'BotId': '16a600bb-e081-4346-a687-6cfe69da4280'}, 'headers': {'Content-Type': 'application/json; charset=utf-8', 'Access-Token': '5F9140635BC53F2947FFD48309AC23C04C95B9E0D9B8F4C4142C3533BEC90B02'}, 'assert': {'ErrorMsg': '更新者姓名不能为空.'}, 'check_db': None}
[INFO] [2019-03-29 15:17:43,500] logger.py [line:132] : 接受POST的请求参数为{
    "url": "https://192.168.1.104:10033/api/admin/keyword/KQA/update",
    "headers": {
        "Content-Type": "application/json; charset=utf-8",
        "Access-Token": "5F9140635BC53F2947FFD48309AC23C04C95B9E0D9B8F4C4142C3533BEC90B02"
    },
    "json": {
        "ID": "0deccd49-a869-4ffc-9a9a-29f765806170",
        "AnsWer": 57656765321,
        "CreateUserId": null,
        "TenantDomain": "test01@testbot.hightalk.ai",
        "BotId": "16a600bb-e081-4346-a687-6cfe69da4280"
    },
    "data": null,
    "files": null
}
[INFO] [2019-03-29 15:17:43,893] logger.py [line:132] : The test.json result is{
    "Status": 0,
    "ErrorMsg": "更新者姓名不能为空.",
    "ResultValue": null
}
[DEBUG] [2019-03-29 15:17:43,895] logger.py [line:132] : {'relevant_parameter': ['Host', 'Access-Token', 'BotId'], 'description': '设置开关-成功', 'method': 'post', 'url': 'https://192.168.1.104:10033/api/admin/portal/KQA/UpdateEnable', 'json': {'BotConfigId': '16a600bb-e081-4346-a687-6cfe69da4280', 'Enable': False}, 'headers': {'Content-Type': 'application/json; charset=utf-8', 'Access-Token': '5F9140635BC53F2947FFD48309AC23C04C95B9E0D9B8F4C4142C3533BEC90B02'}, 'assert': {'Status': 0}, 'check_db': None}
[INFO] [2019-03-29 15:17:43,895] logger.py [line:132] : 接受POST的请求参数为{
    "url": "https://192.168.1.104:10033/api/admin/portal/KQA/UpdateEnable",
    "headers": {
        "Content-Type": "application/json; charset=utf-8",
        "Access-Token": "5F9140635BC53F2947FFD48309AC23C04C95B9E0D9B8F4C4142C3533BEC90B02"
    },
    "json": {
        "BotConfigId": "16a600bb-e081-4346-a687-6cfe69da4280",
        "Enable": false
    },
    "data": null,
    "files": null
}
