[INFO] [2019-03-29 15:01:00,062] logger.py [line:132] : The test.json result is{
    "Status": 1,
    "ErrorMsg": null,
    "ResultValue": "添加关键词成功"
}
[DEBUG] [2019-03-29 15:01:00,064] logger.py [line:132] : {'relevant_parameter': ['Host', 'Access-Token', 'BotId'], 'description': '关键字搜索- 添加关键字-keyword不超过三个', 'method': 'post', 'url': 'https://192.168.1.104:10033/api/admin/keyword/KQA/add', 'json': {'TenantId': '928d2511-6783-43c2-bde5-dcf059f55710', 'BotId': '16a600bb-e081-4346-a687-6cfe69da4280', 'TenantDomain': 'test01@testbot.hightalk.ai', 'AnsWer': '57656765', 'KeyWord': 'wud23i1&3213&321321&321321', 'CreateUserId': None, 'CreateUserName': 'testbot'}, 'headers': {'Content-Type': 'application/json; charset=utf-8', 'Access-Token': '5F9140635BC53F2947FFD48309AC23C04C95B9E0D9B8F4C4142C3533BEC90B02'}, 'assert': {'Status': 0}, 'check_db': None}
[INFO] [2019-03-29 15:01:00,065] logger.py [line:132] : 接受POST的请求参数为{
    "url": "https://192.168.1.104:10033/api/admin/keyword/KQA/add",
    "headers": {
        "Content-Type": "application/json; charset=utf-8",
        "Access-Token": "5F9140635BC53F2947FFD48309AC23C04C95B9E0D9B8F4C4142C3533BEC90B02"
    },
    "json": {
        "TenantId": "928d2511-6783-43c2-bde5-dcf059f55710",
        "BotId": "16a600bb-e081-4346-a687-6cfe69da4280",
        "TenantDomain": "test01@testbot.hightalk.ai",
        "AnsWer": "57656765",
        "KeyWord": "wud23i1&3213&321321&321321",
        "CreateUserId": null,
        "CreateUserName": "testbot"
    },
    "data": null,
    "files": null
}
[INFO] [2019-03-29 15:01:00,241] logger.py [line:132] : The test.json result is{
    "Status": 0,
    "ErrorMsg": "关键字只能由汉字、字母（大小）、数字组合,每个关键字以'&'符号进行分隔,关键字数量不能超过3个.",
    "ResultValue": null
}
[DEBUG] [2019-03-29 15:01:00,243] logger.py [line:132] : {'relevant_parameter': ['Host', 'Access-Token', 'BotId'], 'description': '关键字搜索- 添加关键字-keyword分隔符', 'method': 'post', 'url': 'https://192.168.1.104:10033/api/admin/keyword/KQA/add', 'json': {'TenantId': '928d2511-6783-43c2-bde5-dcf059f55710', 'BotId': '16a600bb-e081-4346-a687-6cfe69da4280', 'TenantDomain': 'test01@testbot.hightalk.ai', 'AnsWer': '57656765', 'KeyWord': 'wud23i1|31232', 'CreateUserId': None, 'CreateUserName': 'testbot'}, 'headers': {'Content-Type': 'application/json; charset=utf-8', 'Access-Token': '5F9140635BC53F2947FFD48309AC23C04C95B9E0D9B8F4C4142C3533BEC90B02'}, 'assert': {'Status': 0}, 'check_db': None}
[INFO] [2019-03-29 15:01:00,243] logger.py [line:132] : 接受POST的请求参数为{
    "url": "https://192.168.1.104:10033/api/admin/keyword/KQA/add",
    "headers": {
        "Content-Type": "application/json; charset=utf-8",
        "Access-Token": "5F9140635BC53F2947FFD48309AC23C04C95B9E0D9B8F4C4142C3533BEC90B02"
    },
    "json": {
        "TenantId": "928d2511-6783-43c2-bde5-dcf059f55710",
        "BotId": "16a600bb-e081-4346-a687-6cfe69da4280",
        "TenantDomain": "test01@testbot.hightalk.ai",
        "AnsWer": "57656765",
        "KeyWord": "wud23i1|31232",
        "CreateUserId": null,
        "CreateUserName": "testbot"
    },
    "data": null,
    "files": null
}
[INFO] [2019-03-29 15:01:00,404] logger.py [line:132] : The test.json result is{
    "Status": 0,
    "ErrorMsg": "关键字只能由汉字、字母（大小）、数字组合,每个关键字以'&'符号进行分隔,关键字数量不能超过3个.",
    "ResultValue": null
}
[DEBUG] [2019-03-29 15:01:00,406] logger.py [line:132] : {'relevant_parameter': ['Host', 'Access-Token', 'BotId'], 'description': '关键字搜索- 添加关键字-CreateUserName为空', 'method': 'post', 'url': 'https://192.168.1.104:10033/api/admin/keyword/KQA/add', 'json': {'TenantId': '928d2511-6783-43c2-bde5-dcf059f55710', 'BotId': '16a600bb-e081-4346-a687-6cfe69da4280', 'TenantDomain': 'test01@testbot.hightalk.ai', 'AnsWer': '57656765', 'KeyWord': 'wud2i1', 'CreateUserId': None}, 'headers': {'Content-Type': 'application/json; charset=utf-8', 'Access-Token': '5F9140635BC53F2947FFD48309AC23C04C95B9E0D9B8F4C4142C3533BEC90B02'}, 'assert': {'ErrorMsg': '创建者姓名不能为空.'}, 'check_db': None}
[INFO] [2019-03-29 15:01:00,407] logger.py [line:132] : 接受POST的请求参数为{
    "url": "https://192.168.1.104:10033/api/admin/keyword/KQA/add",
    "headers": {
        "Content-Type": "application/json; charset=utf-8",
        "Access-Token": "5F9140635BC53F2947FFD48309AC23C04C95B9E0D9B8F4C4142C3533BEC90B02"
    },
    "json": {
        "TenantId": "928d2511-6783-43c2-bde5-dcf059f55710",
        "BotId": "16a600bb-e081-4346-a687-6cfe69da4280",
        "TenantDomain": "test01@testbot.hightalk.ai",
        "AnsWer": "57656765",
        "KeyWord": "wud2i1",
        "CreateUserId": null
    },
    "data": null,
    "files": null
}
[INFO] [2019-03-29 15:01:00,558] logger.py [line:132] : The test.json result is{
    "Status": 0,
    "ErrorMsg": "创建者姓名不能为空.",
    "ResultValue": null
}
[DEBUG] [2019-03-29 15:01:00,560] logger.py [line:132] : {'relevant_parameter': ['Host', 'Access-Token', 'BotId'], 'description': '关键字搜索- 添加关键字-TenantDomain为空', 'method': 'post', 'url': 'https://192.168.1.104:10033/api/admin/keyword/KQA/add', 'json': {'TenantId': '928d2511-6783-43c2-bde5-dcf059f55710', 'BotId': '16a600bb-e081-4346-a687-6cfe69da4280', 'AnsWer': '57656765', 'KeyWord': 'wud2i1', 'CreateUserId': None, 'CreateUserName': 'testbot'}, 'headers': {'Content-Type': 'application/json; charset=utf-8', 'Access-Token': '5F9140635BC53F2947FFD48309AC23C04C95B9E0D9B8F4C4142C3533BEC90B02'}, 'assert': {'ErrorMsg': '租户域名不能为空.'}, 'check_db': None}
[INFO] [2019-03-29 15:01:00,560] logger.py [line:132] : 接受POST的请求参数为{
    "url": "https://192.168.1.104:10033/api/admin/keyword/KQA/add",
    "headers": {
        "Content-Type": "application/json; charset=utf-8",
        "Access-Token": "5F9140635BC53F2947FFD48309AC23C04C95B9E0D9B8F4C4142C3533BEC90B02"
    },
    "json": {
        "TenantId": "928d2511-6783-43c2-bde5-dcf059f55710",
        "BotId": "16a600bb-e081-4346-a687-6cfe69da4280",
        "AnsWer": "57656765",
        "KeyWord": "wud2i1",
        "CreateUserId": null,
        "CreateUserName": "testbot"
    },
    "data": null,
    "files": null
}
[INFO] [2019-03-29 15:01:00,724] logger.py [line:132] : The test.json result is{
    "Status": 0,
    "ErrorMsg": "租户域名不能为空.",
    "ResultValue": null
}
[DEBUG] [2019-03-29 15:01:00,726] logger.py [line:132] : {'relevant_parameter': ['Host', 'Access-Token', 'BotId'], 'description': '关键字搜索-添加关键字-answer为空', 'method': 'post', 'url': 'https://192.168.1.104:10033/api/admin/keyword/KQA/add', 'json': {'TenantId': '928d2511-6783-43c2-bde5-dcf059f55710', 'BotId': '16a600bb-e081-4346-a687-6cfe69da4280', 'TenantDomain': 'test01@testbot.hightalk.ai', 'KeyWord': 'wud2i', 'CreateUserId': None, 'CreateUserName': 'testbot'}, 'headers': {'Content-Type': 'application/json; charset=utf-8', 'Access-Token': '5F9140635BC53F2947FFD48309AC23C04C95B9E0D9B8F4C4142C3533BEC90B02'}, 'assert': {'ErrorMsg': '答案不能为空.'}, 'check_db': None}
[INFO] [2019-03-29 15:01:00,726] logger.py [line:132] : 接受POST的请求参数为{
    "url": "https://192.168.1.104:10033/api/admin/keyword/KQA/add",
    "headers": {
        "Content-Type": "application/json; charset=utf-8",
        "Access-Token": "5F9140635BC53F2947FFD48309AC23C04C95B9E0D9B8F4C4142C3533BEC90B02"
    },
    "json": {
        "TenantId": "928d2511-6783-43c2-bde5-dcf059f55710",
        "BotId": "16a600bb-e081-4346-a687-6cfe69da4280",
        "TenantDomain": "test01@testbot.hightalk.ai",
        "KeyWord": "wud2i",
        "CreateUserId": null,
        "CreateUserName": "testbot"
    },
    "data": null,
    "files": null
}
[INFO] [2019-03-29 15:01:00,890] logger.py [line:132] : The test.json result is{
    "Status": 0,
    "ErrorMsg": "答案不能为空.",
    "ResultValue": null
}
[DEBUG] [2019-03-29 15:01:00,893] logger.py [line:132] : {'relevant_parameter': ['Host', 'Access-Token', 'BotId'], 'description': '关键字搜索- 查询关键字-成功', 'method': 'post', 'url': 'https://192.168.1.104:10033/api/admin/keyword/KQA/search', 'json': {'BotId': '04372bfa-f0ee-4545-8ab2-42e9f69e222f', 'TenantId': '928d2511-6783-43c2-bde5-dcf059f55710', 'TenantDomain': 'test01@testbot.hightalk.ai', 'Page': 0, 'KeyWord': '', 'PageSize': 10}, 'headers': {'Content-Type': 'application/json; charset=utf-8', 'Access-Token': '5F9140635BC53F2947FFD48309AC23C04C95B9E0D9B8F4C4142C3533BEC90B02'}, 'assert': {'Status': 1}, 'check_db': None}
[INFO] [2019-03-29 15:01:00,895] logger.py [line:132] : 接受POST的请求参数为{
    "url": "https://192.168.1.104:10033/api/admin/keyword/KQA/search",
    "headers": {
        "Content-Type": "application/json; charset=utf-8",
        "Access-Token": "5F9140635BC53F2947FFD48309AC23C04C95B9E0D9B8F4C4142C3533BEC90B02"
    },
    "json": {
        "BotId": "04372bfa-f0ee-4545-8ab2-42e9f69e222f",
        "TenantId": "928d2511-6783-43c2-bde5-dcf059f55710",
        "TenantDomain": "test01@testbot.hightalk.ai",
        "Page": 0,
        "KeyWord": "",
        "PageSize": 10
    },
    "data": null,
    "files": null
}
