[INFO] [2019-03-27 16:09:33,055] logger.py [line:132] : 测试用例已自动生成完毕, 文件: GetPublicKey.py -> 具体测试用例:test_get_public_key
[INFO] [2019-03-27 16:09:33,056] logger.py [line:132] : 测试用例已自动生成完毕, 文件: RsaEncrypt.py -> 具体测试用例:test_rsa_encrypt
[DEBUG] [2019-03-27 16:09:33,283] logger.py [line:132] : 临时变量文件已自动生成完毕, 文件: PublicKey.py -> 具体变量文件:public_key
[DEBUG] [2019-03-27 16:09:33,289] logger.py [line:132] : {'relevant_parameter': ['Host'], 'description': '获取公钥', 'method': 'get', 'url': 'https://192.168.1.104:10033/api/auth/getpublickey', 'assert': {'Code': 1}, 'res_index': ['RsaPublicKey', 'Key'], 'check_db': None}
[INFO] [2019-03-27 16:09:33,290] logger.py [line:132] : 接受GET的请求参数为{
    "url": "https://192.168.1.104:10033/api/auth/getpublickey",
    "params": null,
    "headers": null
}
[INFO] [2019-03-27 16:09:33,906] logger.py [line:132] : The test result is{
    "Code": 1,
    "RsaPublicKey": "-----BEGIN PUBLIC KEY-----\nMIGfMA0GCSqGSIb3DQEBAQUAA4GNADCBiQKBgQDoJU+CIgQg7QZoBtijzcjhV3T3\nXy9HQdP7ng+09hGd1pEoFMJ9OuWVojwoQfdFsu/1SqMgoSkHo6sa5C6MNb8Ll4dB\n7W47cVP5GEx8h+eHdXQVgwg0ZnibCh2EFm68rTQEJhMRBSvNPZe74pNR72p0RDhq\nh53Vxh7aKydHCLWhqQIDAQAB\n-----END PUBLIC KEY-----\n",
    "Key": "26939961-f84b-4cb0-b074-60afaf1ee076"
}
[DEBUG] [2019-03-27 16:09:33,907] logger.py [line:132] : 保存的变量值为 -----BEGIN PUBLIC KEY-----
MIGfMA0GCSqGSIb3DQEBAQUAA4GNADCBiQKBgQDoJU+CIgQg7QZoBtijzcjhV3T3
Xy9HQdP7ng+09hGd1pEoFMJ9OuWVojwoQfdFsu/1SqMgoSkHo6sa5C6MNb8Ll4dB
7W47cVP5GEx8h+eHdXQVgwg0ZnibCh2EFm68rTQEJhMRBSvNPZe74pNR72p0RDhq
h53Vxh7aKydHCLWhqQIDAQAB
-----END PUBLIC KEY-----
 => 
[DEBUG] [2019-03-27 16:09:33,908] logger.py [line:132] : 保存的变量值为 26939961-f84b-4cb0-b074-60afaf1ee076 => 
