[INFO] [2019-03-29 15:07:36,323] logger.py [line:132] : 测试用例已自动生成完毕, 文件: AGetBotList.py -> 具体测试用例:test_bot_list
[INFO] [2019-03-29 15:07:36,325] logger.py [line:132] : 测试用例已自动生成完毕, 文件: AGetBotList.py -> 具体测试用例:test_bot_list_required_verify_TenantId
[INFO] [2019-03-29 15:07:36,326] logger.py [line:132] : 测试用例已自动生成完毕, 文件: AKqaSearch.py -> 具体测试用例:test_kqa_bot_search
[INFO] [2019-03-29 15:07:36,327] logger.py [line:132] : 测试用例已自动生成完毕, 文件: AKqaSearch.py -> 具体测试用例:test_kqa_bot_search_required_verify_tenantdomain
[INFO] [2019-03-29 15:07:36,329] logger.py [line:132] : 测试用例已自动生成完毕, 文件: KqaAdd.py -> 具体测试用例:test_kqa_bot_add
[INFO] [2019-03-29 15:07:36,331] logger.py [line:132] : 测试用例已自动生成完毕, 文件: KqaAdd.py -> 具体测试用例:test_kqa_bot_add_required_verify_answer
[INFO] [2019-03-29 15:07:36,332] logger.py [line:132] : 测试用例已自动生成完毕, 文件: KqaAdd.py -> 具体测试用例:test_kqa_bot_add_required_verify_CreateUserName
[INFO] [2019-03-29 15:07:36,333] logger.py [line:132] : 测试用例已自动生成完毕, 文件: KqaAdd.py -> 具体测试用例:test_kqa_bot_add_required_verify_TenantDomain
[INFO] [2019-03-29 15:07:36,334] logger.py [line:132] : 测试用例已自动生成完毕, 文件: KqaAdd.py -> 具体测试用例:test_kqa_bot_add_keyword_number
[INFO] [2019-03-29 15:07:36,335] logger.py [line:132] : 测试用例已自动生成完毕, 文件: KqaAdd.py -> 具体测试用例:test_kqa_bot_add_keyword_splite
[INFO] [2019-03-29 15:07:36,336] logger.py [line:132] : 测试用例已自动生成完毕, 文件: KqaBotSearch.py -> 具体测试用例:test_kqa_bot_search
[INFO] [2019-03-29 15:07:36,337] logger.py [line:132] : 测试用例已自动生成完毕, 文件: KqaGet.py -> 具体测试用例:test_kqa_get
[INFO] [2019-03-29 15:07:36,338] logger.py [line:132] : 测试用例已自动生成完毕, 文件: KqaGet.py -> 具体测试用例:test_kqa_get_required_verify_botconfigid
[INFO] [2019-03-29 15:07:36,340] logger.py [line:132] : 测试用例已自动生成完毕, 文件: KqaGetKeyword.py -> 具体测试用例:test_kqa_get_keyword
[INFO] [2019-03-29 15:07:36,341] logger.py [line:132] : 测试用例已自动生成完毕, 文件: KqaUpdate.py -> 具体测试用例:test_kqa_update
[INFO] [2019-03-29 15:07:36,343] logger.py [line:132] : 测试用例已自动生成完毕, 文件: KqaUpdate.py -> 具体测试用例:test_kqa_update_required_verify_answer
[INFO] [2019-03-29 15:07:36,344] logger.py [line:132] : 测试用例已自动生成完毕, 文件: KqaUpdate.py -> 具体测试用例:test_kqa_update_required_verify_updatename
[INFO] [2019-03-29 15:07:36,346] logger.py [line:132] : 测试用例已自动生成完毕, 文件: KqaUpdate.py -> 具体测试用例:test_kqa_update_required_verify_TenantDomain
[INFO] [2019-03-29 15:07:36,347] logger.py [line:132] : 测试用例已自动生成完毕, 文件: KqaUpdateEnable.py -> 具体测试用例:test_kqa_update_enable
[INFO] [2019-03-29 15:07:36,348] logger.py [line:132] : 测试用例已自动生成完毕, 文件: KqaUpdateEnable.py -> 具体测试用例:test_kqa_update_enable_required_verify_botId
[INFO] [2019-03-29 15:07:36,349] logger.py [line:132] : 测试用例已自动生成完毕, 文件: KqaUpdateEnable.py -> 具体测试用例:test_kqa_update_enable_required_verify_enable
[DEBUG] [2019-03-29 15:07:36,467] logger.py [line:132] : {'relevant_parameter': ['Host', 'Access-Token'], 'description': '获取机器人列表', 'method': 'post', 'url': 'https://192.168.1.104:10033/api/admin/portal/botmanager/getbotlist', 'json': {'PageIndex': 1, 'PageSize': 10, 'tenantId': '928d2511-6783-43c2-bde5-dcf059f55710', 'description': None, 'searchStatus': 0}, 'headers': {'Content-Type': 'application/json; charset=utf-8', 'Access-Token': '5F9140635BC53F2947FFD48309AC23C04C95B9E0D9B8F4C4142C3533BEC90B02'}, 'assert': {'Status': 1}, 'res_index': ['RecordId'], 'check_db': None}
[INFO] [2019-03-29 15:07:36,468] logger.py [line:132] : 接受POST的请求参数为{
    "url": "https://192.168.1.104:10033/api/admin/portal/botmanager/getbotlist",
    "headers": {
        "Content-Type": "application/json; charset=utf-8",
        "Access-Token": "5F9140635BC53F2947FFD48309AC23C04C95B9E0D9B8F4C4142C3533BEC90B02"
    },
    "json": {
        "PageIndex": 1,
        "PageSize": 10,
        "tenantId": "928d2511-6783-43c2-bde5-dcf059f55710",
        "description": null,
        "searchStatus": 0
    },
    "data": null,
    "files": null
}
