[INFO] [2019-03-27 17:44:53,168] logger.py [line:132] : The test result is{
    "BotId": [
        "The BotId field is required."
    ]
}
[DEBUG] [2019-03-27 17:44:53,169] logger.py [line:132] : {'relevant_parameter': ['Host', 'Access-Token'], 'description': '根据机器人id获取当前机器人状态信息', 'method': 'post', 'url': 'https://192.168.1.104:10033/api/admin/portal/botmanager/getbotstatus', 'json': {'BotIds': ['e7e280a9-2880-4f98-b3b1-1235794f1793']}, 'headers': {'Content-Type': 'application/json; charset=utf-8', 'Access-Token': 'B921597A20570510DB8789D6C3DA672194A29A726290F08ED36AF907CC9E6C3E'}, 'assert': {'Status': 1}, 'check_db': None}
[INFO] [2019-03-27 17:44:53,170] logger.py [line:132] : 接受POST的请求参数为{
    "url": "https://192.168.1.104:10033/api/admin/portal/botmanager/getbotstatus",
    "headers": {
        "Content-Type": "application/json; charset=utf-8",
        "Access-Token": "B921597A20570510DB8789D6C3DA672194A29A726290F08ED36AF907CC9E6C3E"
    },
    "json": {
        "BotIds": [
            "e7e280a9-2880-4f98-b3b1-1235794f1793"
        ]
    },
    "data": null,
    "files": null
}
