[INFO] [2019-03-27 17:36:38,035] logger.py [line:132] : The test result is{
    "Code": 1,
    "RsaPublicKey": "-----BEGIN PUBLIC KEY-----\nMIGfMA0GCSqGSIb3DQEBAQUAA4GNADCBiQKBgQCWMoNVdF1tr6MgWqEur0d57/9m\n16iEknhxZVth7C40MJ2bcCxrOFqChTOkArQZLDXDd4H4eV51b+B6cHiBhGJUSyjz\nqlIStzJIuEsHEZNg/648XeZt5d1U/0S+RYkg/+MSp1FCDhjidsKCSlYUZRbxGvqC\nd/cVK3Vo4fzFWhTi7wIDAQAB\n-----END PUBLIC KEY-----\n",
    "Key": "be25228b-27ce-4d7a-89f7-0ac791b4a41a"
}
[DEBUG] [2019-03-27 17:36:38,036] logger.py [line:132] : 保存的变量值为 -----BEGIN PUBLIC KEY-----
MIGfMA0GCSqGSIb3DQEBAQUAA4GNADCBiQKBgQCWMoNVdF1tr6MgWqEur0d57/9m
16iEknhxZVth7C40MJ2bcCxrOFqChTOkArQZLDXDd4H4eV51b+B6cHiBhGJUSyjz
qlIStzJIuEsHEZNg/648XeZt5d1U/0S+RYkg/+MSp1FCDhjidsKCSlYUZRbxGvqC
d/cVK3Vo4fzFWhTi7wIDAQAB
-----END PUBLIC KEY-----
 => 
[DEBUG] [2019-03-27 17:36:38,037] logger.py [line:132] : 保存的变量值为 be25228b-27ce-4d7a-89f7-0ac791b4a41a => 
[DEBUG] [2019-03-27 17:36:38,040] logger.py [line:132] : {'relevant_parameter': ['Host', 'Access-Token'], 'description': 'bot查询接口-成功', 'method': 'post', 'url': 'https://192.168.1.104:10033/api/admin/keyword/KQA/botsearch', 'json': {'BotId': '04372bfa-f0ee-4545-8ab2-42e9f69e222f', 'Content': ''}, 'headers': {'Content-Type': 'application/json; charset=utf-8', 'Access-Token': 'B921597A20570510DB8789D6C3DA672194A29A726290F08ED36AF907CC9E6C3E'}, 'assert': {'Status': 1}, 'check_db': None}
[INFO] [2019-03-27 17:36:38,040] logger.py [line:132] : 接受POST的请求参数为{
    "url": "https://192.168.1.104:10033/api/admin/keyword/KQA/botsearch",
    "headers": {
        "Content-Type": "application/json; charset=utf-8",
        "Access-Token": "B921597A20570510DB8789D6C3DA672194A29A726290F08ED36AF907CC9E6C3E"
    },
    "json": {
        "BotId": "04372bfa-f0ee-4545-8ab2-42e9f69e222f",
        "Content": ""
    },
    "data": null,
    "files": null
}
[INFO] [2019-03-27 17:36:38,616] logger.py [line:132] : The test result is{
    "Status": 1,
    "ErrorMsg": null,
    "ResultValue": {
        "Answer": "eee",
        "BotId": "04372bfa-f0ee-4545-8ab2-42e9f69e222f",
        "Score": 0.2876821
    }
}
[DEBUG] [2019-03-27 17:36:38,618] logger.py [line:132] : {'relevant_parameter': ['Host', 'Access-Token'], 'description': '验证token信息', 'method': 'post', 'url': 'https://192.168.1.104:10033/api/auth/validateToken', 'headers': {'Content-Type': 'application/json; charset=utf-8', 'Access-Token': 'B921597A20570510DB8789D6C3DA672194A29A726290F08ED36AF907CC9E6C3E'}, 'assert': {'IsValid': True}}
[INFO] [2019-03-27 17:36:38,619] logger.py [line:132] : 接受POST的请求参数为{
    "url": "https://192.168.1.104:10033/api/auth/validateToken",
    "headers": {
        "Content-Type": "application/json; charset=utf-8",
        "Access-Token": "B921597A20570510DB8789D6C3DA672194A29A726290F08ED36AF907CC9E6C3E"
    },
    "json": null,
    "data": null,
    "files": null
}
