[INFO] [2019-03-29 14:21:26,369] logger.py [line:132] : The test.json result is{
    "Status": 0,
    "ErrorCodes": null,
    "Data": false
}
[DEBUG] [2019-03-29 14:21:26,372] logger.py [line:132] : {'relevant_parameter': ['Host', 'Access-Token', 'RecordId'], 'description': '获取技能集列表', 'method': 'post', 'url': 'https://192.168.1.104:10033/api/admin/portal/botmanager/skillsetlist', 'json': {'BotConfigId': 'e066c8d5-0586-42ad-9381-819bd103cfa9'}, 'headers': {'Content-Type': 'application/json; charset=utf-8', 'Access-Token': '5F9140635BC53F2947FFD48309AC23C04C95B9E0D9B8F4C4142C3533BEC90B02'}, 'assert': {'Status': 1}, 'check_db': None}
[INFO] [2019-03-29 14:21:26,373] logger.py [line:132] : 接受POST的请求参数为{
    "url": "https://192.168.1.104:10033/api/admin/portal/botmanager/skillsetlist",
    "headers": {
        "Content-Type": "application/json; charset=utf-8",
        "Access-Token": "5F9140635BC53F2947FFD48309AC23C04C95B9E0D9B8F4C4142C3533BEC90B02"
    },
    "json": {
        "BotConfigId": "e066c8d5-0586-42ad-9381-819bd103cfa9"
    },
    "data": null,
    "files": null
}
[INFO] [2019-03-29 14:21:26,614] logger.py [line:132] : The test.json result is{
    "TenantBotSkillSets": [
        {
            "BotConfigId": "e066c8d5-0586-42ad-9381-819bd103cfa9",
            "SkillName": "???",
            "SkillInternalName": "",
            "SkillNo": "SP0001",
            "SkillType": "SP",
            "BotType": "SQSW",
            "Status": 1,
            "ID": "fbd57944-fe56-4c3d-96fd-9fa6618b0915",
            "CreateDate": "2019-02-25 14:46:29",
            "UpdateDate": "2019-02-25 14:46:29",
            "CreateUserId": "admin@testbot.hightalk.ai",
            "CreateUserName": "",
            "UpdateUserId": "admin@testbot.hightalk.ai",
            "UpdateUserName": ""
        }
    ],
    "Status": 1,
    "ErrorCodes": null,
    "Data": 0
}
[DEBUG] [2019-03-29 14:21:26,616] logger.py [line:132] : {'relevant_parameter': ['Host', 'Access-Token', 'RecordId'], 'description': '获取技能集列表-BotId为空', 'method': 'post', 'url': 'https://192.168.1.104:10033/api/admin/portal/botmanager/skillsetlist', 'json': {'BotConfigId': None}, 'headers': {'Content-Type': 'application/json; charset=utf-8', 'Access-Token': '5F9140635BC53F2947FFD48309AC23C04C95B9E0D9B8F4C4142C3533BEC90B02'}, 'assert': {'BotConfigId': ['The BotConfigId field is required.']}, 'check_db': None}
[INFO] [2019-03-29 14:21:26,617] logger.py [line:132] : 接受POST的请求参数为{
    "url": "https://192.168.1.104:10033/api/admin/portal/botmanager/skillsetlist",
    "headers": {
        "Content-Type": "application/json; charset=utf-8",
        "Access-Token": "5F9140635BC53F2947FFD48309AC23C04C95B9E0D9B8F4C4142C3533BEC90B02"
    },
    "json": {
        "BotConfigId": null
    },
    "data": null,
    "files": null
}
