[INFO] [2019-03-29 14:21:52,144] logger.py [line:132] : The test.json result is{
    "BotConfigId": [
        "The BotConfigId field is required."
    ]
}
[DEBUG] [2019-03-29 14:21:52,146] logger.py [line:132] : {'relevant_parameter': ['Host', 'Access-Token', 'BotId'], 'description': '设置开关-成功', 'method': 'post', 'url': 'https://192.168.1.104:10033/api/admin/portal/KQA/UpdateEnable', 'json': {'BotConfigId': '16a600bb-e081-4346-a687-6cfe69da4280', 'Enable': False}, 'headers': {'Content-Type': 'application/json; charset=utf-8', 'Access-Token': '5F9140635BC53F2947FFD48309AC23C04C95B9E0D9B8F4C4142C3533BEC90B02'}, 'assert': {'Status': 1}, 'check_db': None}
[INFO] [2019-03-29 14:21:52,147] logger.py [line:132] : 接受POST的请求参数为{
    "url": "https://192.168.1.104:10033/api/admin/portal/KQA/UpdateEnable",
    "headers": {
        "Content-Type": "application/json; charset=utf-8",
        "Access-Token": "5F9140635BC53F2947FFD48309AC23C04C95B9E0D9B8F4C4142C3533BEC90B02"
    },
    "json": {
        "BotConfigId": "16a600bb-e081-4346-a687-6cfe69da4280",
        "Enable": false
    },
    "data": null,
    "files": null
}
[INFO] [2019-03-29 14:21:52,580] logger.py [line:132] : The test.json result is{
    "Status": 0,
    "ErrorCodes": null,
    "Data": false
}
[DEBUG] [2019-03-29 14:21:52,582] logger.py [line:132] : {'relevant_parameter': ['Host', 'Access-Token', 'BotId'], 'description': '设置开关-BotConfigId为空', 'method': 'post', 'url': 'https://192.168.1.104:10033/api/admin/portal/KQA/UpdateEnable', 'json': {'Enable': False}, 'headers': {'Content-Type': 'application/json; charset=utf-8', 'Access-Token': '5F9140635BC53F2947FFD48309AC23C04C95B9E0D9B8F4C4142C3533BEC90B02'}, 'assert': {'BotConfigId': ['The BotConfigId field is required.']}, 'check_db': None}
[INFO] [2019-03-29 14:21:52,583] logger.py [line:132] : 接受POST的请求参数为{
    "url": "https://192.168.1.104:10033/api/admin/portal/KQA/UpdateEnable",
    "headers": {
        "Content-Type": "application/json; charset=utf-8",
        "Access-Token": "5F9140635BC53F2947FFD48309AC23C04C95B9E0D9B8F4C4142C3533BEC90B02"
    },
    "json": {
        "Enable": false
    },
    "data": null,
    "files": null
}
[INFO] [2019-03-29 14:21:52,745] logger.py [line:132] : The test.json result is{
    "BotConfigId": [
        "The BotConfigId field is required."
    ]
}
[DEBUG] [2019-03-29 14:21:52,747] logger.py [line:132] : {'relevant_parameter': ['Host', 'Access-Token', 'BotId'], 'description': '设置开关-enable为空', 'method': 'post', 'url': 'https://192.168.1.104:10033/api/admin/portal/KQA/UpdateEnable', 'json': {'BotConfigId': '16a600bb-e081-4346-a687-6cfe69da4280'}, 'headers': {'Content-Type': 'application/json; charset=utf-8', 'Access-Token': '5F9140635BC53F2947FFD48309AC23C04C95B9E0D9B8F4C4142C3533BEC90B02'}, 'assert': {'Enable': ['The Enable field is required.']}, 'check_db': None}
[INFO] [2019-03-29 14:21:52,748] logger.py [line:132] : 接受POST的请求参数为{
    "url": "https://192.168.1.104:10033/api/admin/portal/KQA/UpdateEnable",
    "headers": {
        "Content-Type": "application/json; charset=utf-8",
        "Access-Token": "5F9140635BC53F2947FFD48309AC23C04C95B9E0D9B8F4C4142C3533BEC90B02"
    },
    "json": {
        "BotConfigId": "16a600bb-e081-4346-a687-6cfe69da4280"
    },
    "data": null,
    "files": null
}
