[INFO] [2019-03-29 14:32:37,251] logger.py [line:132] : The test.json result is{
    "BotConfigId": [
        "The BotConfigId field is required."
    ]
}
[DEBUG] [2019-03-29 14:32:37,253] logger.py [line:132] : {'relevant_parameter': ['Host', 'Access-Token', 'BotId'], 'description': '关键字搜索- bot查询接口-成功', 'method': 'post', 'url': 'https://192.168.1.104:10033/api/admin/keyword/KQA/botsearch', 'json': {'BotId': '16a600bb-e081-4346-a687-6cfe69da4280', 'Content': '我是谁'}, 'headers': {'Content-Type': 'application/json; charset=utf-8', 'Access-Token': '5F9140635BC53F2947FFD48309AC23C04C95B9E0D9B8F4C4142C3533BEC90B02'}, 'assert': {'Status': 1}, 'check_db': None}
[INFO] [2019-03-29 14:32:37,254] logger.py [line:132] : 接受POST的请求参数为{
    "url": "https://192.168.1.104:10033/api/admin/keyword/KQA/botsearch",
    "headers": {
        "Content-Type": "application/json; charset=utf-8",
        "Access-Token": "5F9140635BC53F2947FFD48309AC23C04C95B9E0D9B8F4C4142C3533BEC90B02"
    },
    "json": {
        "BotId": "16a600bb-e081-4346-a687-6cfe69da4280",
        "Content": "我是谁"
    },
    "data": null,
    "files": null
}
[INFO] [2019-03-29 14:32:37,664] logger.py [line:132] : The test.json result is{
    "Status": 1,
    "ErrorMsg": null,
    "ResultValue": {
        "Answer": "我的名字是 弦铭一心",
        "BotId": "16a600bb-e081-4346-a687-6cfe69da4280",
        "Score": 1.9641976
    }
}
[DEBUG] [2019-03-29 14:32:37,666] logger.py [line:132] : {'relevant_parameter': ['Host', 'Access-Token', 'BotId'], 'description': '关键字搜索- 查询关键字-成功', 'method': 'post', 'url': 'https://192.168.1.104:10033/api/admin/keyword/KQA/search', 'json': {'BotId': '04372bfa-f0ee-4545-8ab2-42e9f69e222f', 'TenantId': '928d2511-6783-43c2-bde5-dcf059f55710', 'Page': 0, 'KeyWord': '', 'PageSize': 10}, 'headers': {'Content-Type': 'application/json; charset=utf-8', 'Access-Token': '5F9140635BC53F2947FFD48309AC23C04C95B9E0D9B8F4C4142C3533BEC90B02'}, 'assert': {'ErrorMsg': '租户域名不能为空.'}, 'check_db': None}
[INFO] [2019-03-29 14:32:37,667] logger.py [line:132] : 接受POST的请求参数为{
    "url": "https://192.168.1.104:10033/api/admin/keyword/KQA/search",
    "headers": {
        "Content-Type": "application/json; charset=utf-8",
        "Access-Token": "5F9140635BC53F2947FFD48309AC23C04C95B9E0D9B8F4C4142C3533BEC90B02"
    },
    "json": {
        "BotId": "04372bfa-f0ee-4545-8ab2-42e9f69e222f",
        "TenantId": "928d2511-6783-43c2-bde5-dcf059f55710",
        "Page": 0,
        "KeyWord": "",
        "PageSize": 10
    },
    "data": null,
    "files": null
}
