[DEBUG] [2019-03-27 16:24:27,052] logger.py [line:132] : 临时变量文件已自动生成完毕, 文件: PublicKey.py -> 具体变量文件:public_key
[DEBUG] [2019-03-27 16:24:27,069] logger.py [line:132] : {'relevant_parameter': ['Host'], 'description': '获取公钥', 'method': 'get', 'url': 'https://192.168.1.104:10033/api/auth/getpublickey', 'assert': {'Code': 1}, 'res_index': ['RsaPublicKey', 'Key'], 'check_db': None}
[INFO] [2019-03-27 16:24:27,069] logger.py [line:132] : 接受GET的请求参数为{
    "url": "https://192.168.1.104:10033/api/auth/getpublickey",
    "params": null,
    "headers": null
}
[INFO] [2019-03-27 16:24:27,819] logger.py [line:132] : The test result is{
    "Code": 1,
    "RsaPublicKey": "-----BEGIN PUBLIC KEY-----\nMIGfMA0GCSqGSIb3DQEBAQUAA4GNADCBiQKBgQCMWWQdNSi2MSmko6PwEuwpiDdr\nNr9ya3yVG1RPsWUq+7YPKJCjflNAj/IYZjNHIFPqerY/k5L2PdXqrAS56zjrtbU9\n8qVtb7lO4vU0ATq3ECX2UhnvsqwdyfLA0OvqdodbOXaXggDXHm74BYe4Y6m37suW\nUgKW2cYe9DBcezNpSQIDAQAB\n-----END PUBLIC KEY-----\n",
    "Key": "37ae0c30-9b91-427c-969e-c3cf68193971"
}
[DEBUG] [2019-03-27 16:24:27,819] logger.py [line:132] : 保存的变量值为 -----BEGIN PUBLIC KEY-----
MIGfMA0GCSqGSIb3DQEBAQUAA4GNADCBiQKBgQCMWWQdNSi2MSmko6PwEuwpiDdr
Nr9ya3yVG1RPsWUq+7YPKJCjflNAj/IYZjNHIFPqerY/k5L2PdXqrAS56zjrtbU9
8qVtb7lO4vU0ATq3ECX2UhnvsqwdyfLA0OvqdodbOXaXggDXHm74BYe4Y6m37suW
UgKW2cYe9DBcezNpSQIDAQAB
-----END PUBLIC KEY-----
 => 
[DEBUG] [2019-03-27 16:24:27,821] logger.py [line:132] : 保存的变量值为 37ae0c30-9b91-427c-969e-c3cf68193971 => 
