[INFO] [2019-03-27 17:44:55,308] logger.py [line:132] : The test result is{
    "Code": 1,
    "RsaPublicKey": "-----BEGIN PUBLIC KEY-----\nMIGfMA0GCSqGSIb3DQEBAQUAA4GNADCBiQKBgQCqDYNYJFahBhB9qXI+LestaFsB\nU02WGTjR8b3n/5+c6MBKddGdEEqqAjYr5IHEjTzOpsphOHBMTXb68WcbTPBpKAFe\n2IXk2jwKu116xHRLag+Q3V7m7cV1hvR8GHboZPKUWzP3sIjR1Jh93ZYJOzl3marD\n627FC2bP0hn1DshwKwIDAQAB\n-----END PUBLIC KEY-----\n",
    "Key": "853ff0f2-a15b-4df3-8864-da95e961aacf"
}
[DEBUG] [2019-03-27 17:44:55,308] logger.py [line:132] : 保存的变量值为 -----BEGIN PUBLIC KEY-----
MIGfMA0GCSqGSIb3DQEBAQUAA4GNADCBiQKBgQCqDYNYJFahBhB9qXI+LestaFsB
U02WGTjR8b3n/5+c6MBKddGdEEqqAjYr5IHEjTzOpsphOHBMTXb68WcbTPBpKAFe
2IXk2jwKu116xHRLag+Q3V7m7cV1hvR8GHboZPKUWzP3sIjR1Jh93ZYJOzl3marD
627FC2bP0hn1DshwKwIDAQAB
-----END PUBLIC KEY-----
 => 
[DEBUG] [2019-03-27 17:44:55,310] logger.py [line:132] : 保存的变量值为 853ff0f2-a15b-4df3-8864-da95e961aacf => 
[DEBUG] [2019-03-27 17:44:55,313] logger.py [line:132] : {'relevant_parameter': ['Host', 'Access-Token'], 'description': 'bot查询接口-成功', 'method': 'post', 'url': 'https://192.168.1.104:10033/api/admin/keyword/KQA/botsearch', 'json': {'BotId': '04372bfa-f0ee-4545-8ab2-42e9f69e222f', 'Content': ''}, 'headers': {'Content-Type': 'application/json; charset=utf-8', 'Access-Token': 'B921597A20570510DB8789D6C3DA672194A29A726290F08ED36AF907CC9E6C3E'}, 'assert': {'Status': 1}, 'check_db': None}
[INFO] [2019-03-27 17:44:55,314] logger.py [line:132] : 接受POST的请求参数为{
    "url": "https://192.168.1.104:10033/api/admin/keyword/KQA/botsearch",
    "headers": {
        "Content-Type": "application/json; charset=utf-8",
        "Access-Token": "B921597A20570510DB8789D6C3DA672194A29A726290F08ED36AF907CC9E6C3E"
    },
    "json": {
        "BotId": "04372bfa-f0ee-4545-8ab2-42e9f69e222f",
        "Content": ""
    },
    "data": null,
    "files": null
}
[INFO] [2019-03-27 17:44:55,779] logger.py [line:132] : The test result is{
    "Status": 1,
    "ErrorMsg": null,
    "ResultValue": {
        "Answer": "eee",
        "BotId": "04372bfa-f0ee-4545-8ab2-42e9f69e222f",
        "Score": 0.2876821
    }
}
[DEBUG] [2019-03-27 17:44:55,781] logger.py [line:132] : {'relevant_parameter': ['Host', 'Access-Token'], 'description': '验证token信息', 'method': 'post', 'url': 'https://192.168.1.104:10033/api/auth/validateToken', 'headers': {'Content-Type': 'application/json; charset=utf-8', 'Access-Token': 'B921597A20570510DB8789D6C3DA672194A29A726290F08ED36AF907CC9E6C3E'}, 'assert': {'IsValid': True}}
[INFO] [2019-03-27 17:44:55,782] logger.py [line:132] : 接受POST的请求参数为{
    "url": "https://192.168.1.104:10033/api/auth/validateToken",
    "headers": {
        "Content-Type": "application/json; charset=utf-8",
        "Access-Token": "B921597A20570510DB8789D6C3DA672194A29A726290F08ED36AF907CC9E6C3E"
    },
    "json": null,
    "data": null,
    "files": null
}
