[INFO] [2019-03-28 14:10:48,002] logger.py [line:132] : 接受POST的请求参数为{
    "url": "https://192.168.1.104:10033/api/admin/portal/botmanager/getbotstatus",
    "headers": {
        "Content-Type": "application/json; charset=utf-8",
        "Access-Token": "3A7FEB5150A67C4474F48753C1E843FF3E5B338938FA735F0683B7C86B17A313"
    },
    "json": {
        "BotIds": [
            "e7e280a9-2880-4f98-b3b1-1235794f1793"
        ]
    },
    "data": null,
    "files": null
}
[INFO] [2019-03-28 14:10:48,218] logger.py [line:132] : The test.json result is{
    "BotStatusList": [
        {
            "ID": "e7e280a9-2880-4f98-b3b1-1235794f1793",
            "Status": "1",
            "CreateDate": "2019-02-28 03:04:51"
        }
    ],
    "Status": 1,
    "ErrorCodes": null,
    "Data": true
}
[DEBUG] [2019-03-28 14:10:48,222] logger.py [line:132] : {'relevant_parameter': ['Host', 'Access-Token'], 'description': '根据机器人id获取当前机器人状态信息', 'method': 'post', 'url': 'https://192.168.1.104:10033/api/admin/portal/botmanager/getbotstatus', 'json': {'BotId': []}, 'headers': {'Content-Type': 'application/json; charset=utf-8', 'Access-Token': '3A7FEB5150A67C4474F48753C1E843FF3E5B338938FA735F0683B7C86B17A313'}, 'assert': {'BotIds': ['The BotIds field is required.']}, 'check_db': None}
[INFO] [2019-03-28 14:10:48,223] logger.py [line:132] : 接受POST的请求参数为{
    "url": "https://192.168.1.104:10033/api/admin/portal/botmanager/getbotstatus",
    "headers": {
        "Content-Type": "application/json; charset=utf-8",
        "Access-Token": "3A7FEB5150A67C4474F48753C1E843FF3E5B338938FA735F0683B7C86B17A313"
    },
    "json": {
        "BotId": []
    },
    "data": null,
    "files": null
}
[INFO] [2019-03-28 14:10:48,392] logger.py [line:132] : The test.json result is{
    "BotIds": [
        "The BotIds field is required."
    ]
}
[DEBUG] [2019-03-28 14:10:48,394] logger.py [line:132] : {'relevant_parameter': ['Host'], 'description': '获取公钥', 'method': 'get', 'url': 'https://192.168.1.104:10033/api/auth/getpublickey', 'assert': {'Code': 1}, 'res_index': ['RsaPublicKey', 'Key'], 'check_db': None}
[INFO] [2019-03-28 14:10:48,396] logger.py [line:132] : 接受GET的请求参数为{
    "url": "https://192.168.1.104:10033/api/auth/getpublickey",
    "params": null,
    "headers": null
}
[INFO] [2019-03-28 14:10:48,538] logger.py [line:132] : The test.json result is{
    "Code": 1,
    "RsaPublicKey": "-----BEGIN PUBLIC KEY-----\nMIGfMA0GCSqGSIb3DQEBAQUAA4GNADCBiQKBgQDj3+JCyCBYkHw4o2IJc9i/FQuP\nOrJnpErl57n7yCYdZX9CZeGpVu+duALN1fb4nQfxonw5Kda2TX19YqLjhR9pCEE2\nlLfRDJV9h171gm3GOs31ql4pE6HLa9c6PxlG9JbS6jr2GmzVmBTNMfy9XRu+wTRS\nca9wr1L1R409K9JseQIDAQAB\n-----END PUBLIC KEY-----\n",
    "Key": "979103de-d3a6-44e0-8053-4b764aeef094"
}
[DEBUG] [2019-03-28 14:10:48,539] logger.py [line:132] : 保存的变量值为 -----BEGIN PUBLIC KEY-----
MIGfMA0GCSqGSIb3DQEBAQUAA4GNADCBiQKBgQDj3+JCyCBYkHw4o2IJc9i/FQuP
OrJnpErl57n7yCYdZX9CZeGpVu+duALN1fb4nQfxonw5Kda2TX19YqLjhR9pCEE2
lLfRDJV9h171gm3GOs31ql4pE6HLa9c6PxlG9JbS6jr2GmzVmBTNMfy9XRu+wTRS
ca9wr1L1R409K9JseQIDAQAB
-----END PUBLIC KEY-----
 => 
[DEBUG] [2019-03-28 14:10:48,541] logger.py [line:132] : 保存的变量值为 979103de-d3a6-44e0-8053-4b764aeef094 => 
[DEBUG] [2019-03-28 14:10:48,543] logger.py [line:132] : {'relevant_parameter': ['Host', 'Access-Token'], 'description': 'bot查询接口-成功', 'method': 'post', 'url': 'https://192.168.1.104:10033/api/admin/keyword/KQA/botsearch', 'json': {'BotId': '04372bfa-f0ee-4545-8ab2-42e9f69e222f', 'Content': ''}, 'headers': {'Content-Type': 'application/json; charset=utf-8', 'Access-Token': '3A7FEB5150A67C4474F48753C1E843FF3E5B338938FA735F0683B7C86B17A313'}, 'assert': {'Status': 1}, 'check_db': None}
[INFO] [2019-03-28 14:10:48,544] logger.py [line:132] : 接受POST的请求参数为{
    "url": "https://192.168.1.104:10033/api/admin/keyword/KQA/botsearch",
    "headers": {
        "Content-Type": "application/json; charset=utf-8",
        "Access-Token": "3A7FEB5150A67C4474F48753C1E843FF3E5B338938FA735F0683B7C86B17A313"
    },
    "json": {
        "BotId": "04372bfa-f0ee-4545-8ab2-42e9f69e222f",
        "Content": ""
    },
    "data": null,
    "files": null
}
[INFO] [2019-03-28 14:10:48,763] logger.py [line:132] : The test.json result is{
    "Status": 1,
    "ErrorMsg": null,
    "ResultValue": {
        "Answer": "eee",
        "BotId": "04372bfa-f0ee-4545-8ab2-42e9f69e222f",
        "Score": 0.2876821
    }
}
[DEBUG] [2019-03-28 14:10:48,765] logger.py [line:132] : {'relevant_parameter': ['Host', 'Access-Token'], 'description': '获取kqa服务信息-成功', 'method': 'post', 'url': 'https://192.168.1.104:10033/api/admin/portal/KQA/Get', 'json': {'BotConfigId': 'c7fb61ed-6a49-4a03-a74a-cfe406793bfc'}, 'headers': {'Content-Type': 'application/json; charset=utf-8', 'Access-Token': '3A7FEB5150A67C4474F48753C1E843FF3E5B338938FA735F0683B7C86B17A313'}, 'assert': {'Status': 1}, 'check_db': None}
[INFO] [2019-03-28 14:10:48,766] logger.py [line:132] : 接受POST的请求参数为{
    "url": "https://192.168.1.104:10033/api/admin/portal/KQA/Get",
    "headers": {
        "Content-Type": "application/json; charset=utf-8",
        "Access-Token": "3A7FEB5150A67C4474F48753C1E843FF3E5B338938FA735F0683B7C86B17A313"
    },
    "json": {
        "BotConfigId": "c7fb61ed-6a49-4a03-a74a-cfe406793bfc"
    },
    "data": null,
    "files": null
}
