[INFO] [2019-03-27 17:26:44,078] logger.py [line:132] : The test result is{
    "TenantId": [
        "The TenantId field is required."
    ]
}
[DEBUG] [2019-03-27 17:26:44,081] logger.py [line:132] : {'relevant_parameter': ['Host'], 'description': '获取公钥', 'method': 'get', 'url': 'https://192.168.1.104:10033/api/auth/getpublickey', 'assert': {'Code': 1}, 'res_index': ['RsaPublicKey', 'Key'], 'check_db': None}
[INFO] [2019-03-27 17:26:44,081] logger.py [line:132] : 接受GET的请求参数为{
    "url": "https://192.168.1.104:10033/api/auth/getpublickey",
    "params": null,
    "headers": null
}
[INFO] [2019-03-27 17:26:44,197] logger.py [line:132] : The test result is{
    "Code": 1,
    "RsaPublicKey": "-----BEGIN PUBLIC KEY-----\nMIGfMA0GCSqGSIb3DQEBAQUAA4GNADCBiQKBgQCezVTREMWM826+RgzRORRuaiRY\n0biQrFZvHrAhSHJRb5P5S+QbNAUQOfNnQ6U8MGEh4EFySX1DFA+1Mt6zbS6c8pKv\nOeJVgk43rJVl0jHhEZJYgzKSOLUvknvNmCllVSx71NRPFOzuKRQfgnyP8HZa9A5p\n17rye/9O1o06GENeFQIDAQAB\n-----END PUBLIC KEY-----\n",
    "Key": "d62cea0e-879b-47d6-92fb-92a6e8aedb35"
}
[DEBUG] [2019-03-27 17:26:44,197] logger.py [line:132] : 保存的变量值为 -----BEGIN PUBLIC KEY-----
MIGfMA0GCSqGSIb3DQEBAQUAA4GNADCBiQKBgQCezVTREMWM826+RgzRORRuaiRY
0biQrFZvHrAhSHJRb5P5S+QbNAUQOfNnQ6U8MGEh4EFySX1DFA+1Mt6zbS6c8pKv
OeJVgk43rJVl0jHhEZJYgzKSOLUvknvNmCllVSx71NRPFOzuKRQfgnyP8HZa9A5p
17rye/9O1o06GENeFQIDAQAB
-----END PUBLIC KEY-----
 => 
[DEBUG] [2019-03-27 17:26:44,198] logger.py [line:132] : 保存的变量值为 d62cea0e-879b-47d6-92fb-92a6e8aedb35 => 
[DEBUG] [2019-03-27 17:26:44,200] logger.py [line:132] : {'relevant_parameter': ['Host', 'Access-Token'], 'description': 'bot查询接口-成功', 'method': 'post', 'url': 'https://192.168.1.104:10033/api/admin/keyword/KQA/botsearch', 'json': {'BotId': '04372bfa-f0ee-4545-8ab2-42e9f69e222f', 'Content': ''}, 'headers': {'Content-Type': 'application/json; charset=utf-8', 'Access-Token': 'B921597A20570510DB8789D6C3DA672194A29A726290F08ED36AF907CC9E6C3E'}, 'assert': {'Status': 1}, 'check_db': None}
[INFO] [2019-03-27 17:26:44,201] logger.py [line:132] : 接受POST的请求参数为{
    "url": "https://192.168.1.104:10033/api/admin/keyword/KQA/botsearch",
    "headers": {
        "Content-Type": "application/json; charset=utf-8",
        "Access-Token": "B921597A20570510DB8789D6C3DA672194A29A726290F08ED36AF907CC9E6C3E"
    },
    "json": {
        "BotId": "04372bfa-f0ee-4545-8ab2-42e9f69e222f",
        "Content": ""
    },
    "data": null,
    "files": null
}
[INFO] [2019-03-27 17:26:44,473] logger.py [line:132] : The test result is{
    "Status": 1,
    "ErrorMsg": null,
    "ResultValue": {
        "Answer": "eee",
        "BotId": "04372bfa-f0ee-4545-8ab2-42e9f69e222f",
        "Score": 0.2876821
    }
}
[DEBUG] [2019-03-27 17:26:44,475] logger.py [line:132] : {'relevant_parameter': ['Host', 'Access-Token'], 'description': '验证token信息', 'method': 'post', 'url': 'https://192.168.1.104:10033/api/auth/validateToken', 'headers': {'Content-Type': 'application/json; charset=utf-8', 'Access-Token': 'B921597A20570510DB8789D6C3DA672194A29A726290F08ED36AF907CC9E6C3E'}, 'assert': {'IsValid': True}}
[INFO] [2019-03-27 17:26:44,475] logger.py [line:132] : 接受POST的请求参数为{
    "url": "https://192.168.1.104:10033/api/auth/validateToken",
    "headers": {
        "Content-Type": "application/json; charset=utf-8",
        "Access-Token": "B921597A20570510DB8789D6C3DA672194A29A726290F08ED36AF907CC9E6C3E"
    },
    "json": null,
    "data": null,
    "files": null
}
[INFO] [2019-03-27 17:26:44,619] logger.py [line:132] : The test result is{
    "IsValid": true,
    "Status": 1,
    "ErrorCodes": null
}
