[INFO] [2019-03-28 14:15:13,632] logger.py [line:132] : The test.json result is{
    "TenantId": [
        "The TenantId field is required."
    ]
}
[DEBUG] [2019-03-28 14:15:13,636] logger.py [line:132] : {'relevant_parameter': ['Host', 'Access-Token', 'RecordId'], 'description': '创建机器人', 'method': 'post', 'url': 'https://192.168.1.104:10033/api/admin/portal/botmanager/createbot', 'json': {'BotId': 'e066c8d5-0586-42ad-9381-819bd103cfa9'}, 'headers': {'Content-Type': 'application/json; charset=utf-8', 'Access-Token': '3A7FEB5150A67C4474F48753C1E843FF3E5B338938FA735F0683B7C86B17A313'}, 'assert': {'ErrorCodes': [{'ErrorCode': 'PE00001', 'ErrorMessage': 'Bot正在创建中'}]}, 'check_db': None}
[INFO] [2019-03-28 14:15:13,638] logger.py [line:132] : 接受POST的请求参数为{
    "url": "https://192.168.1.104:10033/api/admin/portal/botmanager/createbot",
    "headers": {
        "Content-Type": "application/json; charset=utf-8",
        "Access-Token": "3A7FEB5150A67C4474F48753C1E843FF3E5B338938FA735F0683B7C86B17A313"
    },
    "json": {
        "BotId": "e066c8d5-0586-42ad-9381-819bd103cfa9"
    },
    "data": null,
    "files": null
}
[INFO] [2019-03-28 14:15:13,940] logger.py [line:132] : The test.json result is{
    "Status": 0,
    "ErrorCodes": [
        {
            "ErrorCode": "PE00001",
            "ErrorMessage": "Bot正在创建中"
        }
    ],
    "Data": false
}
[DEBUG] [2019-03-28 14:15:13,944] logger.py [line:132] : {'relevant_parameter': ['Host', 'Access-Token'], 'description': '创建机器人-BotId为空', 'method': 'post', 'url': 'https://192.168.1.104:10033/api/admin/portal/botmanager/createbot', 'json': {'BotId': None}, 'headers': {'Content-Type': 'application/json; charset=utf-8', 'Access-Token': '3A7FEB5150A67C4474F48753C1E843FF3E5B338938FA735F0683B7C86B17A313'}, 'assert': {'BotId': ['The BotId field is required.']}, 'check_db': None}
[INFO] [2019-03-28 14:15:13,945] logger.py [line:132] : 接受POST的请求参数为{
    "url": "https://192.168.1.104:10033/api/admin/portal/botmanager/createbot",
    "headers": {
        "Content-Type": "application/json; charset=utf-8",
        "Access-Token": "3A7FEB5150A67C4474F48753C1E843FF3E5B338938FA735F0683B7C86B17A313"
    },
    "json": {
        "BotId": null
    },
    "data": null,
    "files": null
}
