[INFO] [2019-03-29 14:21:47,681] logger.py [line:132] : 测试用例已自动生成完毕, 文件: AGetBotList.py -> 具体测试用例:test_bot_list
[INFO] [2019-03-29 14:21:47,682] logger.py [line:132] : 测试用例已自动生成完毕, 文件: AGetBotList.py -> 具体测试用例:test_bot_list_required_verify_TenantId
[INFO] [2019-03-29 14:21:47,684] logger.py [line:132] : 测试用例已自动生成完毕, 文件: CreateBot.py -> 具体测试用例:test_bot_create_bot
[INFO] [2019-03-29 14:21:47,685] logger.py [line:132] : 测试用例已自动生成完毕, 文件: CreateBot.py -> 具体测试用例:test_create_bot_required_verify_botid
[INFO] [2019-03-29 14:21:47,687] logger.py [line:132] : 测试用例已自动生成完毕, 文件: GetBotStatus.py -> 具体测试用例:test_get_bot_status
[INFO] [2019-03-29 14:21:47,688] logger.py [line:132] : 测试用例已自动生成完毕, 文件: GetBotStatus.py -> 具体测试用例:test_get_bot_status_required_verify_botid
[INFO] [2019-03-29 14:21:47,690] logger.py [line:132] : 测试用例已自动生成完毕, 文件: GetPublicKey.py -> 具体测试用例:test_get_public_key
[INFO] [2019-03-29 14:21:47,692] logger.py [line:132] : 测试用例已自动生成完毕, 文件: GetService.py -> 具体测试用例:test_get_service
[INFO] [2019-03-29 14:21:47,694] logger.py [line:132] : 测试用例已自动生成完毕, 文件: GetService.py -> 具体测试用例:test_get_service_required_verify_botconfigid
[INFO] [2019-03-29 14:21:47,695] logger.py [line:132] : 测试用例已自动生成完毕, 文件: KqaBotSearch.py -> 具体测试用例:test_kqa_bot_search
[INFO] [2019-03-29 14:21:47,697] logger.py [line:132] : 测试用例已自动生成完毕, 文件: KqaGet.py -> 具体测试用例:test_kqa_get
[INFO] [2019-03-29 14:21:47,698] logger.py [line:132] : 测试用例已自动生成完毕, 文件: KqaGet.py -> 具体测试用例:test_kqa_get_required_verify
[INFO] [2019-03-29 14:21:47,699] logger.py [line:132] : 测试用例已自动生成完毕, 文件: KqaUpdateEnable.py -> 具体测试用例:test_kqa_update_enable
[INFO] [2019-03-29 14:21:47,701] logger.py [line:132] : 测试用例已自动生成完毕, 文件: KqaUpdateEnable.py -> 具体测试用例:test_kqa_update_enable_required_verify_botId
[INFO] [2019-03-29 14:21:47,702] logger.py [line:132] : 测试用例已自动生成完毕, 文件: KqaUpdateEnable.py -> 具体测试用例:test_kqa_update_enable_required_verify_enable
[INFO] [2019-03-29 14:21:47,704] logger.py [line:132] : 测试用例已自动生成完毕, 文件: SkillSetList.py -> 具体测试用例:test_skill_set_list
[INFO] [2019-03-29 14:21:47,705] logger.py [line:132] : 测试用例已自动生成完毕, 文件: SkillSetList.py -> 具体测试用例:test_skill_set_list_required_verify_botid
[INFO] [2019-03-29 14:21:47,803] logger.py [line:132] : 测试用例已自动生成完毕, 文件: ValidateToken.py -> 具体测试用例:test_validate_token
[DEBUG] [2019-03-29 14:21:47,965] logger.py [line:132] : {'relevant_parameter': ['Host', 'Access-Token'], 'description': '获取机器人列表', 'method': 'post', 'url': 'https://192.168.1.104:10033/api/admin/portal/botmanager/getbotlist', 'json': {'PageIndex': 1, 'PageSize': 10, 'tenantId': '928d2511-6783-43c2-bde5-dcf059f55710', 'description': None, 'searchStatus': 0}, 'headers': {'Content-Type': 'application/json; charset=utf-8', 'Access-Token': '5F9140635BC53F2947FFD48309AC23C04C95B9E0D9B8F4C4142C3533BEC90B02'}, 'assert': {'Status': 1}, 'res_index': ['RecordId'], 'check_db': None}
[INFO] [2019-03-29 14:21:47,966] logger.py [line:132] : 接受POST的请求参数为{
    "url": "https://192.168.1.104:10033/api/admin/portal/botmanager/getbotlist",
    "headers": {
        "Content-Type": "application/json; charset=utf-8",
        "Access-Token": "5F9140635BC53F2947FFD48309AC23C04C95B9E0D9B8F4C4142C3533BEC90B02"
    },
    "json": {
        "PageIndex": 1,
        "PageSize": 10,
        "tenantId": "928d2511-6783-43c2-bde5-dcf059f55710",
        "description": null,
        "searchStatus": 0
    },
    "data": null,
    "files": null
}
