[INFO] [2019-03-27 17:48:39,008] logger.py [line:132] : The test result is{
    "Code": 1,
    "RsaPublicKey": "-----BEGIN PUBLIC KEY-----\nMIGfMA0GCSqGSIb3DQEBAQUAA4GNADCBiQKBgQCx/jYdoJ/47AyUtxFK09RIdB14\n410x44XMoKTK9LxeR1EmD7ZbstDaHCV3TSA08k2NWJFl+rON9diPNfA6k/FI/Mwr\nxcfLPurbcQ2ixgDeroBKD08YoB5XbynBSS/vrh1Lj60QfGzag3X2hO6Sy2jS5WHy\nbQLZZqDsogFaRi06RwIDAQAB\n-----END PUBLIC KEY-----\n",
    "Key": "d69de589-8b74-4e3f-ae3c-da692ff6492c"
}
[DEBUG] [2019-03-27 17:48:39,009] logger.py [line:132] : 保存的变量值为 -----BEGIN PUBLIC KEY-----
MIGfMA0GCSqGSIb3DQEBAQUAA4GNADCBiQKBgQCx/jYdoJ/47AyUtxFK09RIdB14
410x44XMoKTK9LxeR1EmD7ZbstDaHCV3TSA08k2NWJFl+rON9diPNfA6k/FI/Mwr
xcfLPurbcQ2ixgDeroBKD08YoB5XbynBSS/vrh1Lj60QfGzag3X2hO6Sy2jS5WHy
bQLZZqDsogFaRi06RwIDAQAB
-----END PUBLIC KEY-----
 => 
[DEBUG] [2019-03-27 17:48:39,037] logger.py [line:132] : 保存的变量值为 d69de589-8b74-4e3f-ae3c-da692ff6492c => 
[DEBUG] [2019-03-27 17:48:39,039] logger.py [line:132] : {'relevant_parameter': ['Host', 'Access-Token'], 'description': 'bot查询接口-成功', 'method': 'post', 'url': 'https://192.168.1.104:10033/api/admin/keyword/KQA/botsearch', 'json': {'BotId': '04372bfa-f0ee-4545-8ab2-42e9f69e222f', 'Content': ''}, 'headers': {'Content-Type': 'application/json; charset=utf-8', 'Access-Token': 'B921597A20570510DB8789D6C3DA672194A29A726290F08ED36AF907CC9E6C3E'}, 'assert': {'Status': 1}, 'check_db': None}
[INFO] [2019-03-27 17:48:39,040] logger.py [line:132] : 接受POST的请求参数为{
    "url": "https://192.168.1.104:10033/api/admin/keyword/KQA/botsearch",
    "headers": {
        "Content-Type": "application/json; charset=utf-8",
        "Access-Token": "B921597A20570510DB8789D6C3DA672194A29A726290F08ED36AF907CC9E6C3E"
    },
    "json": {
        "BotId": "04372bfa-f0ee-4545-8ab2-42e9f69e222f",
        "Content": ""
    },
    "data": null,
    "files": null
}
[INFO] [2019-03-27 17:48:39,212] logger.py [line:132] : The test result is{
    "Status": 1,
    "ErrorMsg": null,
    "ResultValue": {
        "Answer": "eee",
        "BotId": "04372bfa-f0ee-4545-8ab2-42e9f69e222f",
        "Score": 0.2876821
    }
}
[DEBUG] [2019-03-27 17:48:39,213] logger.py [line:132] : {'relevant_parameter': ['Host', 'Access-Token', 'RecordId'], 'description': '获取技能集列表', 'method': 'post', 'url': 'https://192.168.1.104:10033/api/admin/portal/botmanager/skillsetlist', 'json': {'BotConfigId': 'e7e280a9-2880-4f98-b3b1-1235794f1793'}, 'headers': {'Content-Type': 'application/json; charset=utf-8', 'Access-Token': 'B921597A20570510DB8789D6C3DA672194A29A726290F08ED36AF907CC9E6C3E'}, 'assert': {'Status': 1}, 'check_db': None}
[INFO] [2019-03-27 17:48:39,214] logger.py [line:132] : 接受POST的请求参数为{
    "url": "https://192.168.1.104:10033/api/admin/portal/botmanager/skillsetlist",
    "headers": {
        "Content-Type": "application/json; charset=utf-8",
        "Access-Token": "B921597A20570510DB8789D6C3DA672194A29A726290F08ED36AF907CC9E6C3E"
    },
    "json": {
        "BotConfigId": "e7e280a9-2880-4f98-b3b1-1235794f1793"
    },
    "data": null,
    "files": null
}
[INFO] [2019-03-27 17:48:39,648] logger.py [line:132] : The test result is{
    "TenantBotSkillSets": [],
    "Status": 1,
    "ErrorCodes": null,
    "Data": 0
}
[DEBUG] [2019-03-27 17:48:39,650] logger.py [line:132] : {'relevant_parameter': ['Host', 'Access-Token', 'RecordId'], 'description': '获取技能集列表-BotId为空', 'method': 'post', 'url': 'https://192.168.1.104:10033/api/admin/portal/botmanager/skillsetlist', 'json': {'BotConfigId': None}, 'headers': {'Content-Type': 'application/json; charset=utf-8', 'Access-Token': 'B921597A20570510DB8789D6C3DA672194A29A726290F08ED36AF907CC9E6C3E'}, 'assert': {'BotConfigId': ['The BotConfigId field is required.']}, 'check_db': None}
[INFO] [2019-03-27 17:48:39,650] logger.py [line:132] : 接受POST的请求参数为{
    "url": "https://192.168.1.104:10033/api/admin/portal/botmanager/skillsetlist",
    "headers": {
        "Content-Type": "application/json; charset=utf-8",
        "Access-Token": "B921597A20570510DB8789D6C3DA672194A29A726290F08ED36AF907CC9E6C3E"
    },
    "json": {
        "BotConfigId": null
    },
    "data": null,
    "files": null
}
[INFO] [2019-03-27 17:48:39,798] logger.py [line:132] : The test result is{
    "BotConfigId": [
        "The BotConfigId field is required."
    ]
}
[DEBUG] [2019-03-27 17:48:39,800] logger.py [line:132] : {'relevant_parameter': ['Host', 'Access-Token'], 'description': '验证token信息', 'method': 'post', 'url': 'https://192.168.1.104:10033/api/auth/validateToken', 'headers': {'Content-Type': 'application/json; charset=utf-8', 'Access-Token': 'B921597A20570510DB8789D6C3DA672194A29A726290F08ED36AF907CC9E6C3E'}, 'assert': {'IsValid': True}}
[INFO] [2019-03-27 17:48:39,801] logger.py [line:132] : 接受POST的请求参数为{
    "url": "https://192.168.1.104:10033/api/auth/validateToken",
    "headers": {
        "Content-Type": "application/json; charset=utf-8",
        "Access-Token": "B921597A20570510DB8789D6C3DA672194A29A726290F08ED36AF907CC9E6C3E"
    },
    "json": null,
    "data": null,
    "files": null
}
[INFO] [2019-03-27 17:48:39,943] logger.py [line:132] : The test result is{
    "IsValid": true,
    "Status": 1,
    "ErrorCodes": null
}
