[INFO] [2019-03-27 17:35:59,373] logger.py [line:132] : The test result is{
    "Status": 0,
    "ErrorCodes": [
        {
            "ErrorCode": "PE00001",
            "ErrorMessage": "Bot正在创建中"
        }
    ],
    "Data": false
}
[DEBUG] [2019-03-27 17:35:59,375] logger.py [line:132] : {'relevant_parameter': ['Host', 'Access-Token'], 'description': '创建机器人-BotId为空', 'method': 'post', 'url': 'https://192.168.1.104:10033/api/admin/portal/botmanager/createbot', 'json': {'BotId': None}, 'headers': {'Content-Type': 'application/json; charset=utf-8', 'Access-Token': 'B921597A20570510DB8789D6C3DA672194A29A726290F08ED36AF907CC9E6C3E'}, 'assert': {'BotId': ['The BotId field is required.']}, 'check_db': None}
[INFO] [2019-03-27 17:35:59,377] logger.py [line:132] : 接受POST的请求参数为{
    "url": "https://192.168.1.104:10033/api/admin/portal/botmanager/createbot",
    "headers": {
        "Content-Type": "application/json; charset=utf-8",
        "Access-Token": "B921597A20570510DB8789D6C3DA672194A29A726290F08ED36AF907CC9E6C3E"
    },
    "json": {
        "BotId": null
    },
    "data": null,
    "files": null
}
[INFO] [2019-03-27 17:35:59,782] logger.py [line:132] : The test result is{
    "BotId": [
        "The BotId field is required."
    ]
}
[DEBUG] [2019-03-27 17:35:59,783] logger.py [line:132] : {'relevant_parameter': ['Host'], 'description': '获取公钥', 'method': 'get', 'url': 'https://192.168.1.104:10033/api/auth/getpublickey', 'assert': {'Code': 1}, 'res_index': ['RsaPublicKey', 'Key'], 'check_db': None}
[INFO] [2019-03-27 17:35:59,784] logger.py [line:132] : 接受GET的请求参数为{
    "url": "https://192.168.1.104:10033/api/auth/getpublickey",
    "params": null,
    "headers": null
}
