[INFO] [2019-03-27 17:41:28,037] logger.py [line:132] : The test result is{
    "BotIds": [
        "The BotIds field is required."
    ]
}
[DEBUG] [2019-03-27 17:41:28,039] logger.py [line:132] : {'relevant_parameter': ['Host'], 'description': '获取公钥', 'method': 'get', 'url': 'https://192.168.1.104:10033/api/auth/getpublickey', 'assert': {'Code': 1}, 'res_index': ['RsaPublicKey', 'Key'], 'check_db': None}
[INFO] [2019-03-27 17:41:28,040] logger.py [line:132] : 接受GET的请求参数为{
    "url": "https://192.168.1.104:10033/api/auth/getpublickey",
    "params": null,
    "headers": null
}
[INFO] [2019-03-27 17:41:28,636] logger.py [line:132] : The test result is{
    "Code": 1,
    "RsaPublicKey": "-----BEGIN PUBLIC KEY-----\nMIGfMA0GCSqGSIb3DQEBAQUAA4GNADCBiQKBgQCXr8knHfkvHhCAOjbHdkS0XhJ+\nK334jkanlzJQyGG3QXpNqNgzYx63PF4DxuRshkVbypsAJZZ6zdzrQhXIIz7BOesG\nAcmfZv+olRM+8bApfrVFjqADBTHn0FEnSiKTDiyuBA7wHgNHRO4FdKlCkh4Te4Me\nfCAxjOuLRkiw+svmhQIDAQAB\n-----END PUBLIC KEY-----\n",
    "Key": "16fa436b-3d58-4bf0-9f7c-7d7f8cbbaea0"
}
[DEBUG] [2019-03-27 17:41:28,636] logger.py [line:132] : 保存的变量值为 -----BEGIN PUBLIC KEY-----
MIGfMA0GCSqGSIb3DQEBAQUAA4GNADCBiQKBgQCXr8knHfkvHhCAOjbHdkS0XhJ+
K334jkanlzJQyGG3QXpNqNgzYx63PF4DxuRshkVbypsAJZZ6zdzrQhXIIz7BOesG
AcmfZv+olRM+8bApfrVFjqADBTHn0FEnSiKTDiyuBA7wHgNHRO4FdKlCkh4Te4Me
fCAxjOuLRkiw+svmhQIDAQAB
-----END PUBLIC KEY-----
 => 
[DEBUG] [2019-03-27 17:41:28,637] logger.py [line:132] : 保存的变量值为 16fa436b-3d58-4bf0-9f7c-7d7f8cbbaea0 => 
[DEBUG] [2019-03-27 17:41:28,639] logger.py [line:132] : {'relevant_parameter': ['Host', 'Access-Token'], 'description': 'bot查询接口-成功', 'method': 'post', 'url': 'https://192.168.1.104:10033/api/admin/keyword/KQA/botsearch', 'json': {'BotId': '04372bfa-f0ee-4545-8ab2-42e9f69e222f', 'Content': ''}, 'headers': {'Content-Type': 'application/json; charset=utf-8', 'Access-Token': 'B921597A20570510DB8789D6C3DA672194A29A726290F08ED36AF907CC9E6C3E'}, 'assert': {'Status': 1}, 'check_db': None}
[INFO] [2019-03-27 17:41:28,639] logger.py [line:132] : 接受POST的请求参数为{
    "url": "https://192.168.1.104:10033/api/admin/keyword/KQA/botsearch",
    "headers": {
        "Content-Type": "application/json; charset=utf-8",
        "Access-Token": "B921597A20570510DB8789D6C3DA672194A29A726290F08ED36AF907CC9E6C3E"
    },
    "json": {
        "BotId": "04372bfa-f0ee-4545-8ab2-42e9f69e222f",
        "Content": ""
    },
    "data": null,
    "files": null
}
[INFO] [2019-03-27 17:41:28,794] logger.py [line:132] : The test result is{
    "Status": 1,
    "ErrorMsg": null,
    "ResultValue": {
        "Answer": "eee",
        "BotId": "04372bfa-f0ee-4545-8ab2-42e9f69e222f",
        "Score": 0.2876821
    }
}
[DEBUG] [2019-03-27 17:41:28,796] logger.py [line:132] : {'relevant_parameter': ['Host', 'Access-Token'], 'description': '验证token信息', 'method': 'post', 'url': 'https://192.168.1.104:10033/api/auth/validateToken', 'headers': {'Content-Type': 'application/json; charset=utf-8', 'Access-Token': 'B921597A20570510DB8789D6C3DA672194A29A726290F08ED36AF907CC9E6C3E'}, 'assert': {'IsValid': True}}
[INFO] [2019-03-27 17:41:28,796] logger.py [line:132] : 接受POST的请求参数为{
    "url": "https://192.168.1.104:10033/api/auth/validateToken",
    "headers": {
        "Content-Type": "application/json; charset=utf-8",
        "Access-Token": "B921597A20570510DB8789D6C3DA672194A29A726290F08ED36AF907CC9E6C3E"
    },
    "json": null,
    "data": null,
    "files": null
}
[INFO] [2019-03-27 17:41:28,941] logger.py [line:132] : The test result is{
    "IsValid": true,
    "Status": 1,
    "ErrorCodes": null
}
