[INFO] [2019-03-29 15:24:01,954] logger.py [line:132] : 测试用例已自动生成完毕, 文件: AGetBotList.py -> 具体测试用例:test_bot_list
[INFO] [2019-03-29 15:24:01,955] logger.py [line:132] : 测试用例已自动生成完毕, 文件: AGetBotList.py -> 具体测试用例:test_bot_list_required_verify_TenantId
[INFO] [2019-03-29 15:24:01,957] logger.py [line:132] : 测试用例已自动生成完毕, 文件: AKqaSearch.py -> 具体测试用例:test_kqa_bot_search
[INFO] [2019-03-29 15:24:01,958] logger.py [line:132] : 测试用例已自动生成完毕, 文件: AKqaSearch.py -> 具体测试用例:test_kqa_bot_search_required_verify_tenantdomain
[INFO] [2019-03-29 15:24:01,960] logger.py [line:132] : 测试用例已自动生成完毕, 文件: KqaAdd.py -> 具体测试用例:test_kqa_bot_add
[INFO] [2019-03-29 15:24:01,961] logger.py [line:132] : 测试用例已自动生成完毕, 文件: KqaAdd.py -> 具体测试用例:test_kqa_bot_add_required_verify_answer
[INFO] [2019-03-29 15:24:01,963] logger.py [line:132] : 测试用例已自动生成完毕, 文件: KqaAdd.py -> 具体测试用例:test_kqa_bot_add_required_verify_CreateUserName
[INFO] [2019-03-29 15:24:01,963] logger.py [line:132] : 测试用例已自动生成完毕, 文件: KqaAdd.py -> 具体测试用例:test_kqa_bot_add_required_verify_TenantDomain
[INFO] [2019-03-29 15:24:01,964] logger.py [line:132] : 测试用例已自动生成完毕, 文件: KqaAdd.py -> 具体测试用例:test_kqa_bot_add_keyword_number
[INFO] [2019-03-29 15:24:01,965] logger.py [line:132] : 测试用例已自动生成完毕, 文件: KqaAdd.py -> 具体测试用例:test_kqa_bot_add_keyword_splite
[INFO] [2019-03-29 15:24:01,966] logger.py [line:132] : 测试用例已自动生成完毕, 文件: KqaBotSearch.py -> 具体测试用例:test_kqa_bot_search
[INFO] [2019-03-29 15:24:01,968] logger.py [line:132] : 测试用例已自动生成完毕, 文件: KqaGet.py -> 具体测试用例:test_kqa_get
[INFO] [2019-03-29 15:24:01,970] logger.py [line:132] : 测试用例已自动生成完毕, 文件: KqaGet.py -> 具体测试用例:test_kqa_get_required_verify_botconfigid
[INFO] [2019-03-29 15:24:01,972] logger.py [line:132] : 测试用例已自动生成完毕, 文件: KqaGetKeyword.py -> 具体测试用例:test_kqa_get_keyword
[INFO] [2019-03-29 15:24:01,974] logger.py [line:132] : 测试用例已自动生成完毕, 文件: KqaUpdate.py -> 具体测试用例:test_kqa_update
[INFO] [2019-03-29 15:24:01,975] logger.py [line:132] : 测试用例已自动生成完毕, 文件: KqaUpdate.py -> 具体测试用例:test_kqa_update_required_verify_answer
[INFO] [2019-03-29 15:24:01,976] logger.py [line:132] : 测试用例已自动生成完毕, 文件: KqaUpdate.py -> 具体测试用例:test_kqa_update_required_verify_updatename
[INFO] [2019-03-29 15:24:01,977] logger.py [line:132] : 测试用例已自动生成完毕, 文件: KqaUpdate.py -> 具体测试用例:test_kqa_update_required_verify_TenantDomain
[INFO] [2019-03-29 15:24:01,979] logger.py [line:132] : 测试用例已自动生成完毕, 文件: KqaUpdateEnable.py -> 具体测试用例:test_kqa_update_enable
[INFO] [2019-03-29 15:24:01,980] logger.py [line:132] : 测试用例已自动生成完毕, 文件: KqaUpdateEnable.py -> 具体测试用例:test_kqa_update_enable_required_verify_botId
[INFO] [2019-03-29 15:24:01,981] logger.py [line:132] : 测试用例已自动生成完毕, 文件: KqaUpdateEnable.py -> 具体测试用例:test_kqa_update_enable_required_verify_enable
[INFO] [2019-03-29 15:24:01,982] logger.py [line:132] : 测试用例已自动生成完毕, 文件: KqaVerify.py -> 具体测试用例:test_kqa_verify
