[INFO] [2019-03-27 17:27:50,235] logger.py [line:132] : 测试用例已自动生成完毕, 文件: CreateBot.py -> 具体测试用例:test_kqa_bot_create_bot
[INFO] [2019-03-27 17:27:50,259] logger.py [line:132] : 测试用例已自动生成完毕, 文件: CreateBot.py -> 具体测试用例:test_kqa_bot_create_bot_required_verify_botid
[INFO] [2019-03-27 17:27:50,261] logger.py [line:132] : 测试用例已自动生成完毕, 文件: GetBotList.py -> 具体测试用例:test_kqa_bot_bot_list
[INFO] [2019-03-27 17:27:50,262] logger.py [line:132] : 测试用例已自动生成完毕, 文件: GetBotList.py -> 具体测试用例:test_kqa_bot_bot_list_required_verify_TenantId
[INFO] [2019-03-27 17:27:50,264] logger.py [line:132] : 测试用例已自动生成完毕, 文件: GetPublicKey.py -> 具体测试用例:test_get_public_key
[INFO] [2019-03-27 17:27:50,265] logger.py [line:132] : 测试用例已自动生成完毕, 文件: KqaBotSearch.py -> 具体测试用例:test_kqa_bot_search
[INFO] [2019-03-27 17:27:50,267] logger.py [line:132] : 测试用例已自动生成完毕, 文件: ValidateToken.py -> 具体测试用例:test_validate_token
[DEBUG] [2019-03-27 17:27:50,439] logger.py [line:132] : {'relevant_parameter': ['Host', 'Access-Token'], 'description': '创建机器人', 'method': 'post', 'url': 'https://192.168.1.104:10033/api/admin/portal/botmanager/createbot', 'json': {'BotId': 'e4cb1fd7-27e6-4de5-b432-4a3b4e27a0f5'}, 'headers': {'Content-Type': 'application/json; charset=utf-8', 'Access-Token': 'B921597A20570510DB8789D6C3DA672194A29A726290F08ED36AF907CC9E6C3E'}, 'assert': {'Status': 1}, 'check_db': None}
[INFO] [2019-03-27 17:27:50,440] logger.py [line:132] : 接受POST的请求参数为{
    "url": "https://192.168.1.104:10033/api/admin/portal/botmanager/createbot",
    "headers": {
        "Content-Type": "application/json; charset=utf-8",
        "Access-Token": "B921597A20570510DB8789D6C3DA672194A29A726290F08ED36AF907CC9E6C3E"
    },
    "json": {
        "BotId": "e4cb1fd7-27e6-4de5-b432-4a3b4e27a0f5"
    },
    "data": null,
    "files": null
}
