[INFO] [2019-03-28 14:10:07,037] logger.py [line:132] : 测试用例已自动生成完毕, 文件: AGetBotList.py -> 具体测试用例:test_bot_list_required_verify_TenantId
[INFO] [2019-03-28 14:10:07,039] logger.py [line:132] : 测试用例已自动生成完毕, 文件: CreateBot.py -> 具体测试用例:test_bot_create_bot
[INFO] [2019-03-28 14:10:07,041] logger.py [line:132] : 测试用例已自动生成完毕, 文件: CreateBot.py -> 具体测试用例:test_create_bot_required_verify_botid
[INFO] [2019-03-28 14:10:07,044] logger.py [line:132] : 测试用例已自动生成完毕, 文件: GetBotStatus.py -> 具体测试用例:test_get_bot_status
[INFO] [2019-03-28 14:10:07,046] logger.py [line:132] : 测试用例已自动生成完毕, 文件: GetBotStatus.py -> 具体测试用例:test_get_bot_status_required_verify_botid
[INFO] [2019-03-28 14:10:07,060] logger.py [line:132] : 测试用例已自动生成完毕, 文件: GetPublicKey.py -> 具体测试用例:test_get_public_key
[INFO] [2019-03-28 14:10:07,062] logger.py [line:132] : 测试用例已自动生成完毕, 文件: KqaBotSearch.py -> 具体测试用例:test_kqa_bot_search
[INFO] [2019-03-28 14:10:07,065] logger.py [line:132] : 测试用例已自动生成完毕, 文件: KqaGet.py -> 具体测试用例:test_kqa_get
[INFO] [2019-03-28 14:10:07,067] logger.py [line:132] : 测试用例已自动生成完毕, 文件: KqaGet.py -> 具体测试用例:test_kqa_get_required_verify
[INFO] [2019-03-28 14:10:07,069] logger.py [line:132] : 测试用例已自动生成完毕, 文件: KqaUpdateEnable.py -> 具体测试用例:test_kqa_update_enable
[INFO] [2019-03-28 14:10:07,071] logger.py [line:132] : 测试用例已自动生成完毕, 文件: KqaUpdateEnable.py -> 具体测试用例:test_kqa_update_enable_required_verify_botId
[INFO] [2019-03-28 14:10:07,072] logger.py [line:132] : 测试用例已自动生成完毕, 文件: KqaUpdateEnable.py -> 具体测试用例:test_kqa_update_enable_required_verify_enable
[INFO] [2019-03-28 14:10:07,075] logger.py [line:132] : 测试用例已自动生成完毕, 文件: SkillSetList.py -> 具体测试用例:test_skill_set_list
[INFO] [2019-03-28 14:10:07,077] logger.py [line:132] : 测试用例已自动生成完毕, 文件: SkillSetList.py -> 具体测试用例:test_skill_set_list_required_verify_botid
[INFO] [2019-03-28 14:10:07,080] logger.py [line:132] : 测试用例已自动生成完毕, 文件: ValidateToken.py -> 具体测试用例:test_validate_token
[DEBUG] [2019-03-28 14:10:07,764] logger.py [line:132] : {'relevant_parameter': ['Host', 'Access-Token'], 'description': '获取机器人列表', 'method': 'post', 'url': 'https://192.168.1.104:10033/api/admin/portal/botmanager/getbotlist', 'json': {'TenantId': '928d2511-6783-43c2-bde5-dcf059f55710', 'Description': 'test.json', 'SearchStatus': 0, 'PageIndex': 1, 'PageSize': 5}, 'headers': {'Content-Type': 'application/json; charset=utf-8', 'Access-Token': 'B921597A20570510DB8789D6C3DA672194A29A726290F08ED36AF907CC9E6C3E'}, 'assert': {'Status': 1}, 'res_index': ['RecordId'], 'check_db': None}
[INFO] [2019-03-28 14:10:07,765] logger.py [line:132] : 接受POST的请求参数为{
    "url": "https://192.168.1.104:10033/api/admin/portal/botmanager/getbotlist",
    "headers": {
        "Content-Type": "application/json; charset=utf-8",
        "Access-Token": "B921597A20570510DB8789D6C3DA672194A29A726290F08ED36AF907CC9E6C3E"
    },
    "json": {
        "TenantId": "928d2511-6783-43c2-bde5-dcf059f55710",
        "Description": "test.json",
        "SearchStatus": 0,
        "PageIndex": 1,
        "PageSize": 5
    },
    "data": null,
    "files": null
}
