[DEBUG] [2019-03-27 15:57:20,060] logger.py [line:132] : 临时变量文件已自动生成完毕, 文件: PublicKey.py -> 具体变量文件:public_key
[DEBUG] [2019-03-27 15:57:20,062] logger.py [line:132] : {'relevant_parameter': ['Host'], 'description': '获取公钥', 'method': 'get', 'url': 'https://192.168.1.104:10033/api/auth/getpublickey', 'assert': {'Code': 1}, 'res_index': ['RsaPublicKey', 'Key'], 'check_db': None}
[INFO] [2019-03-27 15:57:20,062] logger.py [line:132] : 接受GET的请求参数为{
    "url": "https://192.168.1.104:10033/api/auth/getpublickey",
    "params": null,
    "headers": null
}
[INFO] [2019-03-27 15:57:20,700] logger.py [line:132] : The test result is{
    "Code": 1,
    "RsaPublicKey": "-----BEGIN PUBLIC KEY-----\nMIGfMA0GCSqGSIb3DQEBAQUAA4GNADCBiQKBgQDTAVCrOT7Y45QZtTXKKRFyfyGH\ny69EOPog9dZCSEirof414TISMLYsFpinOteeNk5OWEbBogdN65KAkztWxbAk0FJB\ngGzlKwcPCLy86YSYb20vKVXE3DqT0XK4AjfUgPXMMyUL06D3yoGTEBJsN/wbOi3v\n4g6Der3A81ff2/+tywIDAQAB\n-----END PUBLIC KEY-----\n",
    "Key": "bd385ede-7ab1-4c19-b96f-df564674f38b"
}
[DEBUG] [2019-03-27 15:57:20,700] logger.py [line:132] : 保存的变量值为 -----BEGIN PUBLIC KEY-----
MIGfMA0GCSqGSIb3DQEBAQUAA4GNADCBiQKBgQDTAVCrOT7Y45QZtTXKKRFyfyGH
y69EOPog9dZCSEirof414TISMLYsFpinOteeNk5OWEbBogdN65KAkztWxbAk0FJB
gGzlKwcPCLy86YSYb20vKVXE3DqT0XK4AjfUgPXMMyUL06D3yoGTEBJsN/wbOi3v
4g6Der3A81ff2/+tywIDAQAB
-----END PUBLIC KEY-----
 => 
[DEBUG] [2019-03-27 15:57:20,701] logger.py [line:132] : 保存的变量值为 bd385ede-7ab1-4c19-b96f-df564674f38b => 
