[INFO] [2019-03-29 15:24:05,264] logger.py [line:132] : The test.json result is{
    "Status": 0,
    "ErrorMsg": "关键字只能由汉字、字母（大小）、数字组合,每个关键字以'&'符号进行分隔,关键字数量不能超过3个.",
    "ResultValue": null
}
[DEBUG] [2019-03-29 15:24:05,267] logger.py [line:132] : {'relevant_parameter': ['Host', 'Access-Token', 'BotId'], 'description': '关键字搜索- 添加关键字-keyword分隔符', 'method': 'post', 'url': 'https://192.168.1.104:10033/api/admin/keyword/KQA/add', 'json': {'TenantId': '928d2511-6783-43c2-bde5-dcf059f55710', 'BotId': '16a600bb-e081-4346-a687-6cfe69da4280', 'TenantDomain': 'test01@testbot.hightalk.ai', 'AnsWer': '57656765', 'KeyWord': 'wud23i1|31232', 'CreateUserId': None, 'CreateUserName': 'testbot'}, 'headers': {'Content-Type': 'application/json; charset=utf-8', 'Access-Token': '5F9140635BC53F2947FFD48309AC23C04C95B9E0D9B8F4C4142C3533BEC90B02'}, 'assert': {'Status': 0}, 'check_db': None}
[INFO] [2019-03-29 15:24:05,277] logger.py [line:132] : 接受POST的请求参数为{
    "url": "https://192.168.1.104:10033/api/admin/keyword/KQA/add",
    "headers": {
        "Content-Type": "application/json; charset=utf-8",
        "Access-Token": "5F9140635BC53F2947FFD48309AC23C04C95B9E0D9B8F4C4142C3533BEC90B02"
    },
    "json": {
        "TenantId": "928d2511-6783-43c2-bde5-dcf059f55710",
        "BotId": "16a600bb-e081-4346-a687-6cfe69da4280",
        "TenantDomain": "test01@testbot.hightalk.ai",
        "AnsWer": "57656765",
        "KeyWord": "wud23i1|31232",
        "CreateUserId": null,
        "CreateUserName": "testbot"
    },
    "data": null,
    "files": null
}
[INFO] [2019-03-29 15:24:05,433] logger.py [line:132] : The test.json result is{
    "Status": 0,
    "ErrorMsg": "关键字只能由汉字、字母（大小）、数字组合,每个关键字以'&'符号进行分隔,关键字数量不能超过3个.",
    "ResultValue": null
}
[DEBUG] [2019-03-29 15:24:05,435] logger.py [line:132] : {'relevant_parameter': ['Host', 'Access-Token', 'BotId'], 'description': '关键字搜索- 添加关键字-CreateUserName为空', 'method': 'post', 'url': 'https://192.168.1.104:10033/api/admin/keyword/KQA/add', 'json': {'TenantId': '928d2511-6783-43c2-bde5-dcf059f55710', 'BotId': '16a600bb-e081-4346-a687-6cfe69da4280', 'TenantDomain': 'test01@testbot.hightalk.ai', 'AnsWer': '57656765', 'KeyWord': 'wud2i1', 'CreateUserId': None}, 'headers': {'Content-Type': 'application/json; charset=utf-8', 'Access-Token': '5F9140635BC53F2947FFD48309AC23C04C95B9E0D9B8F4C4142C3533BEC90B02'}, 'assert': {'ErrorMsg': '创建者姓名不能为空.'}, 'check_db': None}
[INFO] [2019-03-29 15:24:05,436] logger.py [line:132] : 接受POST的请求参数为{
    "url": "https://192.168.1.104:10033/api/admin/keyword/KQA/add",
    "headers": {
        "Content-Type": "application/json; charset=utf-8",
        "Access-Token": "5F9140635BC53F2947FFD48309AC23C04C95B9E0D9B8F4C4142C3533BEC90B02"
    },
    "json": {
        "TenantId": "928d2511-6783-43c2-bde5-dcf059f55710",
        "BotId": "16a600bb-e081-4346-a687-6cfe69da4280",
        "TenantDomain": "test01@testbot.hightalk.ai",
        "AnsWer": "57656765",
        "KeyWord": "wud2i1",
        "CreateUserId": null
    },
    "data": null,
    "files": null
}
[INFO] [2019-03-29 15:24:05,595] logger.py [line:132] : The test.json result is{
    "Status": 0,
    "ErrorMsg": "创建者姓名不能为空.",
    "ResultValue": null
}
[DEBUG] [2019-03-29 15:24:05,597] logger.py [line:132] : {'relevant_parameter': ['Host', 'Access-Token', 'BotId'], 'description': '关键字搜索- 添加关键字-TenantDomain为空', 'method': 'post', 'url': 'https://192.168.1.104:10033/api/admin/keyword/KQA/add', 'json': {'TenantId': '928d2511-6783-43c2-bde5-dcf059f55710', 'BotId': '16a600bb-e081-4346-a687-6cfe69da4280', 'AnsWer': '57656765', 'KeyWord': 'youyou123', 'CreateUserId': None, 'CreateUserName': 'testbot'}, 'headers': {'Content-Type': 'application/json; charset=utf-8', 'Access-Token': '5F9140635BC53F2947FFD48309AC23C04C95B9E0D9B8F4C4142C3533BEC90B02'}, 'assert': {'ErrorMsg': '租户域名不能为空.'}, 'check_db': None}
[INFO] [2019-03-29 15:24:05,598] logger.py [line:132] : 接受POST的请求参数为{
    "url": "https://192.168.1.104:10033/api/admin/keyword/KQA/add",
    "headers": {
        "Content-Type": "application/json; charset=utf-8",
        "Access-Token": "5F9140635BC53F2947FFD48309AC23C04C95B9E0D9B8F4C4142C3533BEC90B02"
    },
    "json": {
        "TenantId": "928d2511-6783-43c2-bde5-dcf059f55710",
        "BotId": "16a600bb-e081-4346-a687-6cfe69da4280",
        "AnsWer": "57656765",
        "KeyWord": "youyou123",
        "CreateUserId": null,
        "CreateUserName": "testbot"
    },
    "data": null,
    "files": null
}
[INFO] [2019-03-29 15:24:05,750] logger.py [line:132] : The test.json result is{
    "Status": 0,
    "ErrorMsg": "租户域名不能为空.",
    "ResultValue": null
}
[DEBUG] [2019-03-29 15:24:05,753] logger.py [line:132] : {'relevant_parameter': ['Host', 'Access-Token', 'BotId'], 'description': '关键字搜索-添加关键字-answer为空', 'method': 'post', 'url': 'https://192.168.1.104:10033/api/admin/keyword/KQA/add', 'json': {'TenantId': '928d2511-6783-43c2-bde5-dcf059f55710', 'BotId': '16a600bb-e081-4346-a687-6cfe69da4280', 'TenantDomain': 'test01@testbot.hightalk.ai', 'KeyWord': 'wud2i', 'CreateUserId': None, 'CreateUserName': 'testbot'}, 'headers': {'Content-Type': 'application/json; charset=utf-8', 'Access-Token': '5F9140635BC53F2947FFD48309AC23C04C95B9E0D9B8F4C4142C3533BEC90B02'}, 'assert': {'ErrorMsg': '答案不能为空.'}, 'check_db': None}
[INFO] [2019-03-29 15:24:05,754] logger.py [line:132] : 接受POST的请求参数为{
    "url": "https://192.168.1.104:10033/api/admin/keyword/KQA/add",
    "headers": {
        "Content-Type": "application/json; charset=utf-8",
        "Access-Token": "5F9140635BC53F2947FFD48309AC23C04C95B9E0D9B8F4C4142C3533BEC90B02"
    },
    "json": {
        "TenantId": "928d2511-6783-43c2-bde5-dcf059f55710",
        "BotId": "16a600bb-e081-4346-a687-6cfe69da4280",
        "TenantDomain": "test01@testbot.hightalk.ai",
        "KeyWord": "wud2i",
        "CreateUserId": null,
        "CreateUserName": "testbot"
    },
    "data": null,
    "files": null
}
[INFO] [2019-03-29 15:24:05,905] logger.py [line:132] : The test.json result is{
    "Status": 0,
    "ErrorMsg": "答案不能为空.",
    "ResultValue": null
}
[DEBUG] [2019-03-29 15:24:05,907] logger.py [line:132] : {'relevant_parameter': ['Host', 'Access-Token', 'BotId'], 'description': '关键字搜索- 查询关键字-成功', 'method': 'post', 'url': 'https://192.168.1.104:10033/api/admin/keyword/KQA/search', 'json': {'BotId': '04372bfa-f0ee-4545-8ab2-42e9f69e222f', 'TenantId': '928d2511-6783-43c2-bde5-dcf059f55710', 'TenantDomain': 'test01@testbot.hightalk.ai', 'Page': 0, 'KeyWord': '', 'PageSize': 10}, 'headers': {'Content-Type': 'application/json; charset=utf-8', 'Access-Token': '5F9140635BC53F2947FFD48309AC23C04C95B9E0D9B8F4C4142C3533BEC90B02'}, 'assert': {'Status': 1}, 'check_db': None}
[INFO] [2019-03-29 15:24:05,909] logger.py [line:132] : 接受POST的请求参数为{
    "url": "https://192.168.1.104:10033/api/admin/keyword/KQA/search",
    "headers": {
        "Content-Type": "application/json; charset=utf-8",
        "Access-Token": "5F9140635BC53F2947FFD48309AC23C04C95B9E0D9B8F4C4142C3533BEC90B02"
    },
    "json": {
        "BotId": "04372bfa-f0ee-4545-8ab2-42e9f69e222f",
        "TenantId": "928d2511-6783-43c2-bde5-dcf059f55710",
        "TenantDomain": "test01@testbot.hightalk.ai",
        "Page": 0,
        "KeyWord": "",
        "PageSize": 10
    },
    "data": null,
    "files": null
}
