[INFO] [2019-03-27 17:22:53,125] logger.py [line:132] : The test result is{
    "Code": 1,
    "RsaPublicKey": "-----BEGIN PUBLIC KEY-----\nMIGfMA0GCSqGSIb3DQEBAQUAA4GNADCBiQKBgQCES+yoG8xk2Hp0+td+UDVKus4r\nAfAMA4wipbtyfpZMqdXCl+du3LUpAvtVSfL5oitM07FqPGBjPFMA5e/8lQ/AYbuL\nH11ar1sibiQt5e+tB+Bh8TMmJJKQtFuYk6tRXibJErZCpPQ4OlOWL/MM0rlG37cH\nFf6K2xTYflOKQQtbXwIDAQAB\n-----END PUBLIC KEY-----\n",
    "Key": "3865411d-5208-4e5d-b385-f20d054ae238"
}
[DEBUG] [2019-03-27 17:22:53,127] logger.py [line:132] : 保存的变量值为 -----BEGIN PUBLIC KEY-----
MIGfMA0GCSqGSIb3DQEBAQUAA4GNADCBiQKBgQCES+yoG8xk2Hp0+td+UDVKus4r
AfAMA4wipbtyfpZMqdXCl+du3LUpAvtVSfL5oitM07FqPGBjPFMA5e/8lQ/AYbuL
H11ar1sibiQt5e+tB+Bh8TMmJJKQtFuYk6tRXibJErZCpPQ4OlOWL/MM0rlG37cH
Ff6K2xTYflOKQQtbXwIDAQAB
-----END PUBLIC KEY-----
 => 
[DEBUG] [2019-03-27 17:22:53,128] logger.py [line:132] : 保存的变量值为 3865411d-5208-4e5d-b385-f20d054ae238 => 
[DEBUG] [2019-03-27 17:22:53,131] logger.py [line:132] : {'relevant_parameter': ['Host', 'Access-Token'], 'description': 'bot查询接口-成功', 'method': 'post', 'url': 'https://192.168.1.104:10033/api/admin/keyword/KQA/botsearch', 'json': {'BotId': '04372bfa-f0ee-4545-8ab2-42e9f69e222f', 'Content': ''}, 'headers': {'Content-Type': 'application/json; charset=utf-8', 'Access-Token': 'B921597A20570510DB8789D6C3DA672194A29A726290F08ED36AF907CC9E6C3E'}, 'assert': {'Status': 1}, 'check_db': None}
[INFO] [2019-03-27 17:22:53,132] logger.py [line:132] : 接受POST的请求参数为{
    "url": "https://192.168.1.104:10033/api/admin/keyword/KQA/botsearch",
    "headers": {
        "Content-Type": "application/json; charset=utf-8",
        "Access-Token": "B921597A20570510DB8789D6C3DA672194A29A726290F08ED36AF907CC9E6C3E"
    },
    "json": {
        "BotId": "04372bfa-f0ee-4545-8ab2-42e9f69e222f",
        "Content": ""
    },
    "data": null,
    "files": null
}
[INFO] [2019-03-27 17:22:53,301] logger.py [line:132] : The test result is{
    "Status": 1,
    "ErrorMsg": null,
    "ResultValue": {
        "Answer": "eee",
        "BotId": "04372bfa-f0ee-4545-8ab2-42e9f69e222f",
        "Score": 0.2876821
    }
}
[DEBUG] [2019-03-27 17:22:53,303] logger.py [line:132] : {'relevant_parameter': ['Host', 'Access-Token'], 'description': '验证token信息', 'method': 'post', 'url': 'https://192.168.1.104:10033/api/auth/validateToken', 'headers': {'Content-Type': 'application/json; charset=utf-8', 'Access-Token': 'B921597A20570510DB8789D6C3DA672194A29A726290F08ED36AF907CC9E6C3E'}, 'assert': {'IsValid': True}}
[INFO] [2019-03-27 17:22:53,304] logger.py [line:132] : 接受POST的请求参数为{
    "url": "https://192.168.1.104:10033/api/auth/validateToken",
    "headers": {
        "Content-Type": "application/json; charset=utf-8",
        "Access-Token": "B921597A20570510DB8789D6C3DA672194A29A726290F08ED36AF907CC9E6C3E"
    },
    "json": null,
    "data": null,
    "files": null
}
[INFO] [2019-03-27 17:22:53,452] logger.py [line:132] : The test result is{
    "IsValid": true,
    "Status": 1,
    "ErrorCodes": null
}
