[INFO] [2019-03-29 10:29:22,066] logger.py [line:132] : The test.json result is{
    "Status": 1,
    "ErrorCodes": null,
    "Data": true
}
[DEBUG] [2019-03-29 10:29:22,068] logger.py [line:132] : {'relevant_parameter': ['Host', 'Access-Token'], 'description': '设置开关-BotConfigId为空', 'method': 'post', 'url': 'https://192.168.1.104:10033/api/admin/portal/KQA/UpdateEnable', 'json': {'Enable': False}, 'headers': {'Content-Type': 'application/json; charset=utf-8', 'Access-Token': '5F9140635BC53F2947FFD48309AC23C04C95B9E0D9B8F4C4142C3533BEC90B02'}, 'assert': {'BotConfigId': ['The BotConfigId field is required.']}, 'check_db': None}
[INFO] [2019-03-29 10:29:22,069] logger.py [line:132] : 接受POST的请求参数为{
    "url": "https://192.168.1.104:10033/api/admin/portal/KQA/UpdateEnable",
    "headers": {
        "Content-Type": "application/json; charset=utf-8",
        "Access-Token": "5F9140635BC53F2947FFD48309AC23C04C95B9E0D9B8F4C4142C3533BEC90B02"
    },
    "json": {
        "Enable": false
    },
    "data": null,
    "files": null
}
[INFO] [2019-03-29 10:29:22,210] logger.py [line:132] : The test.json result is{
    "BotConfigId": [
        "The BotConfigId field is required."
    ]
}
[DEBUG] [2019-03-29 10:29:22,211] logger.py [line:132] : {'relevant_parameter': ['Host', 'Access-Token'], 'description': '设置开关-enable为空', 'method': 'post', 'url': 'https://192.168.1.104:10033/api/admin/portal/KQA/UpdateEnable', 'json': {'BotConfigId': 'c7fb61ed-6a49-4a03-a74a-cfe406793bfc'}, 'headers': {'Content-Type': 'application/json; charset=utf-8', 'Access-Token': '5F9140635BC53F2947FFD48309AC23C04C95B9E0D9B8F4C4142C3533BEC90B02'}, 'assert': {'Enable': ['The Enable field is required.']}, 'check_db': None}
[INFO] [2019-03-29 10:29:22,212] logger.py [line:132] : 接受POST的请求参数为{
    "url": "https://192.168.1.104:10033/api/admin/portal/KQA/UpdateEnable",
    "headers": {
        "Content-Type": "application/json; charset=utf-8",
        "Access-Token": "5F9140635BC53F2947FFD48309AC23C04C95B9E0D9B8F4C4142C3533BEC90B02"
    },
    "json": {
        "BotConfigId": "c7fb61ed-6a49-4a03-a74a-cfe406793bfc"
    },
    "data": null,
    "files": null
}
[INFO] [2019-03-29 10:29:22,822] logger.py [line:132] : The test.json result is{
    "Status": 1,
    "ErrorCodes": null,
    "Data": true
}
[DEBUG] [2019-03-29 10:29:22,827] logger.py [line:132] : {'relevant_parameter': ['Host', 'Access-Token', 'RecordId'], 'description': '获取技能集列表', 'method': 'post', 'url': 'https://192.168.1.104:10033/api/admin/portal/botmanager/skillsetlist', 'json': {'BotConfigId': 'e066c8d5-0586-42ad-9381-819bd103cfa9'}, 'headers': {'Content-Type': 'application/json; charset=utf-8', 'Access-Token': '5F9140635BC53F2947FFD48309AC23C04C95B9E0D9B8F4C4142C3533BEC90B02'}, 'assert': {'Status': 1}, 'check_db': None}
[INFO] [2019-03-29 10:29:22,829] logger.py [line:132] : 接受POST的请求参数为{
    "url": "https://192.168.1.104:10033/api/admin/portal/botmanager/skillsetlist",
    "headers": {
        "Content-Type": "application/json; charset=utf-8",
        "Access-Token": "5F9140635BC53F2947FFD48309AC23C04C95B9E0D9B8F4C4142C3533BEC90B02"
    },
    "json": {
        "BotConfigId": "e066c8d5-0586-42ad-9381-819bd103cfa9"
    },
    "data": null,
    "files": null
}
