[INFO] [2019-03-27 17:36:00,037] logger.py [line:132] : The test result is{
    "Code": 1,
    "RsaPublicKey": "-----BEGIN PUBLIC KEY-----\nMIGfMA0GCSqGSIb3DQEBAQUAA4GNADCBiQKBgQCylLsc+cODMLkppPNH9vkeJDKu\n/D+e8UndJqhm9J+iLFGWU22tf/ouxVgM4mCRVJvqBNmbCWVzQODdVvSuWE5XpVfP\nBwX/6j8DiZNwUakTGvje+5Bt1MmCmQTCkEmbILi8rar7NIL3T6ZcvzFhDrB6re4S\npsGaaq0NIBcvrw5pkQIDAQAB\n-----END PUBLIC KEY-----\n",
    "Key": "f9e9bd37-9e22-4a8b-8b98-686151ca1895"
}
[DEBUG] [2019-03-27 17:36:00,038] logger.py [line:132] : 保存的变量值为 -----BEGIN PUBLIC KEY-----
MIGfMA0GCSqGSIb3DQEBAQUAA4GNADCBiQKBgQCylLsc+cODMLkppPNH9vkeJDKu
/D+e8UndJqhm9J+iLFGWU22tf/ouxVgM4mCRVJvqBNmbCWVzQODdVvSuWE5XpVfP
BwX/6j8DiZNwUakTGvje+5Bt1MmCmQTCkEmbILi8rar7NIL3T6ZcvzFhDrB6re4S
psGaaq0NIBcvrw5pkQIDAQAB
-----END PUBLIC KEY-----
 => 
[DEBUG] [2019-03-27 17:36:00,103] logger.py [line:132] : 保存的变量值为 f9e9bd37-9e22-4a8b-8b98-686151ca1895 => 
[DEBUG] [2019-03-27 17:36:00,105] logger.py [line:132] : {'relevant_parameter': ['Host', 'Access-Token'], 'description': 'bot查询接口-成功', 'method': 'post', 'url': 'https://192.168.1.104:10033/api/admin/keyword/KQA/botsearch', 'json': {'BotId': '04372bfa-f0ee-4545-8ab2-42e9f69e222f', 'Content': ''}, 'headers': {'Content-Type': 'application/json; charset=utf-8', 'Access-Token': 'B921597A20570510DB8789D6C3DA672194A29A726290F08ED36AF907CC9E6C3E'}, 'assert': {'Status': 1}, 'check_db': None}
[INFO] [2019-03-27 17:36:00,105] logger.py [line:132] : 接受POST的请求参数为{
    "url": "https://192.168.1.104:10033/api/admin/keyword/KQA/botsearch",
    "headers": {
        "Content-Type": "application/json; charset=utf-8",
        "Access-Token": "B921597A20570510DB8789D6C3DA672194A29A726290F08ED36AF907CC9E6C3E"
    },
    "json": {
        "BotId": "04372bfa-f0ee-4545-8ab2-42e9f69e222f",
        "Content": ""
    },
    "data": null,
    "files": null
}
[INFO] [2019-03-27 17:36:00,622] logger.py [line:132] : The test result is{
    "Status": 1,
    "ErrorMsg": null,
    "ResultValue": {
        "Answer": "eee",
        "BotId": "04372bfa-f0ee-4545-8ab2-42e9f69e222f",
        "Score": 0.2876821
    }
}
[DEBUG] [2019-03-27 17:36:00,623] logger.py [line:132] : {'relevant_parameter': ['Host', 'Access-Token'], 'description': '验证token信息', 'method': 'post', 'url': 'https://192.168.1.104:10033/api/auth/validateToken', 'headers': {'Content-Type': 'application/json; charset=utf-8', 'Access-Token': 'B921597A20570510DB8789D6C3DA672194A29A726290F08ED36AF907CC9E6C3E'}, 'assert': {'IsValid': True}}
[INFO] [2019-03-27 17:36:00,624] logger.py [line:132] : 接受POST的请求参数为{
    "url": "https://192.168.1.104:10033/api/auth/validateToken",
    "headers": {
        "Content-Type": "application/json; charset=utf-8",
        "Access-Token": "B921597A20570510DB8789D6C3DA672194A29A726290F08ED36AF907CC9E6C3E"
    },
    "json": null,
    "data": null,
    "files": null
}
