[INFO] [2019-03-29 10:29:19,652] logger.py [line:132] : The test.json result is{
    "Status": 0,
    "ErrorCodes": [
        {
            "ErrorCode": "PE00001",
            "ErrorMessage": "Bot正在创建中"
        }
    ],
    "Data": false
}
[DEBUG] [2019-03-29 10:29:19,654] logger.py [line:132] : {'relevant_parameter': ['Host', 'Access-Token'], 'description': '创建机器人-BotId为空', 'method': 'post', 'url': 'https://192.168.1.104:10033/api/admin/portal/botmanager/createbot', 'json': {'BotId': None}, 'headers': {'Content-Type': 'application/json; charset=utf-8', 'Access-Token': '5F9140635BC53F2947FFD48309AC23C04C95B9E0D9B8F4C4142C3533BEC90B02'}, 'assert': {'BotId': ['The BotId field is required.']}, 'check_db': None}
[INFO] [2019-03-29 10:29:19,669] logger.py [line:132] : 接受POST的请求参数为{
    "url": "https://192.168.1.104:10033/api/admin/portal/botmanager/createbot",
    "headers": {
        "Content-Type": "application/json; charset=utf-8",
        "Access-Token": "5F9140635BC53F2947FFD48309AC23C04C95B9E0D9B8F4C4142C3533BEC90B02"
    },
    "json": {
        "BotId": null
    },
    "data": null,
    "files": null
}
[INFO] [2019-03-29 10:29:19,821] logger.py [line:132] : The test.json result is{
    "BotId": [
        "The BotId field is required."
    ]
}
[DEBUG] [2019-03-29 10:29:19,825] logger.py [line:132] : {'relevant_parameter': ['Host', 'Access-Token'], 'description': '根据机器人id获取当前机器人状态信息', 'method': 'post', 'url': 'https://192.168.1.104:10033/api/admin/portal/botmanager/getbotstatus', 'json': {'BotIds': ['e7e280a9-2880-4f98-b3b1-1235794f1793']}, 'headers': {'Content-Type': 'application/json; charset=utf-8', 'Access-Token': '5F9140635BC53F2947FFD48309AC23C04C95B9E0D9B8F4C4142C3533BEC90B02'}, 'assert': {'Status': 1}, 'check_db': None}
[INFO] [2019-03-29 10:29:19,826] logger.py [line:132] : 接受POST的请求参数为{
    "url": "https://192.168.1.104:10033/api/admin/portal/botmanager/getbotstatus",
    "headers": {
        "Content-Type": "application/json; charset=utf-8",
        "Access-Token": "5F9140635BC53F2947FFD48309AC23C04C95B9E0D9B8F4C4142C3533BEC90B02"
    },
    "json": {
        "BotIds": [
            "e7e280a9-2880-4f98-b3b1-1235794f1793"
        ]
    },
    "data": null,
    "files": null
}
