[INFO] [2019-03-27 15:35:19,134] logger.py [line:132] : The test.yaml result is{
    "Code": 1,
    "RsaPublicKey": "-----BEGIN PUBLIC KEY-----\nMIGfMA0GCSqGSIb3DQEBAQUAA4GNADCBiQKBgQCbl/BQ4t77igJI08mvZ0WRAyv4\n7+tSl7ghxyg3ac4oM4l9csEFuCjkO27Z+0QJW0Yu/ejW7U1BltuaVXLXXuwMJxQt\nXS0aNk+eJmAzBkNS/G6n/87z94AioUM8YINwT67NgAclet3he0yBylH6MUBh4wKn\nzJb/ToxZhYyK1r8uuwIDAQAB\n-----END PUBLIC KEY-----\n",
    "Key": "2ce28ef8-b178-478b-94f2-edd325dc85c4"
}
[DEBUG] [2019-03-27 15:35:19,135] logger.py [line:132] : 保存的变量值为 -----BEGIN PUBLIC KEY-----
MIGfMA0GCSqGSIb3DQEBAQUAA4GNADCBiQKBgQCbl/BQ4t77igJI08mvZ0WRAyv4
7+tSl7ghxyg3ac4oM4l9csEFuCjkO27Z+0QJW0Yu/ejW7U1BltuaVXLXXuwMJxQt
XS0aNk+eJmAzBkNS/G6n/87z94AioUM8YINwT67NgAclet3he0yBylH6MUBh4wKn
zJb/ToxZhYyK1r8uuwIDAQAB
-----END PUBLIC KEY-----
 => 
[DEBUG] [2019-03-27 15:35:19,136] logger.py [line:132] : 保存的变量值为 2ce28ef8-b178-478b-94f2-edd325dc85c4 => 
[DEBUG] [2019-03-27 15:35:19,139] logger.py [line:132] : {'relevant_parameter': ['Host', 'RsaPublicKey', 'Access-Token'], 'description': '加密', 'method': 'post', 'url': 'https://192.168.1.104:10033/api/internaltest/internaltest/rsa/encrypt', 'json': {'PublicKey': '-----BEGIN PUBLIC KEY----- MIGfMA0GCSqGSIb3DQEBAQUAA4GNADCBiQKBgQCbl/BQ4t77igJI08mvZ0WRAyv4 7+tSl7ghxyg3ac4oM4l9csEFuCjkO27Z+0QJW0Yu/ejW7U1BltuaVXLXXuwMJxQt XS0aNk+eJmAzBkNS/G6n/87z94AioUM8YINwT67NgAclet3he0yBylH6MUBh4wKn zJb/ToxZhYyK1r8uuwIDAQAB -----END PUBLIC KEY----- ', 'EncryptString': '123456.a'}, 'headers': {'Content-Type': 'application/json; charset=utf-8', 'Access-Token': 'B921597A20570510DB8789D6C3DA672194A29A726290F08ED36AF907CC9E6C3E'}, 'assert': {'Status': 1}, 'check_db': None}
[INFO] [2019-03-27 15:35:19,140] logger.py [line:132] : 接受POST的请求参数为{
    "url": "https://192.168.1.104:10033/api/internaltest/internaltest/rsa/encrypt",
    "headers": {
        "Content-Type": "application/json; charset=utf-8",
        "Access-Token": "B921597A20570510DB8789D6C3DA672194A29A726290F08ED36AF907CC9E6C3E"
    },
    "json": {
        "PublicKey": "-----BEGIN PUBLIC KEY----- MIGfMA0GCSqGSIb3DQEBAQUAA4GNADCBiQKBgQCbl/BQ4t77igJI08mvZ0WRAyv4 7+tSl7ghxyg3ac4oM4l9csEFuCjkO27Z+0QJW0Yu/ejW7U1BltuaVXLXXuwMJxQt XS0aNk+eJmAzBkNS/G6n/87z94AioUM8YINwT67NgAclet3he0yBylH6MUBh4wKn zJb/ToxZhYyK1r8uuwIDAQAB -----END PUBLIC KEY----- ",
        "EncryptString": "123456.a"
    },
    "data": null,
    "files": null
}
