[INFO] [2019-03-27 17:27:53,115] logger.py [line:132] : The test result is{
    "BotId": [
        "The BotId field is required."
    ]
}
[DEBUG] [2019-03-27 17:27:53,117] logger.py [line:132] : {'relevant_parameter': ['Host', 'Access-Token'], 'description': '获取机器人列表', 'method': 'post', 'url': 'https://192.168.1.104:10033/api/admin/portal/botmanager/getbotlist', 'json': {'TenantId': 'a719682c-addf-4c73-9ece-ff78cd91241f', 'Description': 'test', 'SearchStatus': '1', 'PageIndex': 1, 'PageSize': 5}, 'headers': {'Content-Type': 'application/json; charset=utf-8', 'Access-Token': 'B921597A20570510DB8789D6C3DA672194A29A726290F08ED36AF907CC9E6C3E'}, 'assert': {'Status': 1}, 'check_db': None}
[INFO] [2019-03-27 17:27:53,144] logger.py [line:132] : 接受POST的请求参数为{
    "url": "https://192.168.1.104:10033/api/admin/portal/botmanager/getbotlist",
    "headers": {
        "Content-Type": "application/json; charset=utf-8",
        "Access-Token": "B921597A20570510DB8789D6C3DA672194A29A726290F08ED36AF907CC9E6C3E"
    },
    "json": {
        "TenantId": "a719682c-addf-4c73-9ece-ff78cd91241f",
        "Description": "test",
        "SearchStatus": "1",
        "PageIndex": 1,
        "PageSize": 5
    },
    "data": null,
    "files": null
}
