[INFO] [2019-03-27 17:22:18,825] logger.py [line:132] : 测试用例已自动生成完毕, 文件: GetBotList.py -> 具体测试用例:test_kqa_bot_bot_list
[INFO] [2019-03-27 17:22:18,826] logger.py [line:132] : 测试用例已自动生成完毕, 文件: GetBotList.py -> 具体测试用例:test_kqa_bot_bot_list_required_verify
[INFO] [2019-03-27 17:22:18,828] logger.py [line:132] : 测试用例已自动生成完毕, 文件: GetPublicKey.py -> 具体测试用例:test_get_public_key
[INFO] [2019-03-27 17:22:18,831] logger.py [line:132] : 测试用例已自动生成完毕, 文件: KqaBotSearch.py -> 具体测试用例:test_kqa_bot_search
[INFO] [2019-03-27 17:22:18,834] logger.py [line:132] : 测试用例已自动生成完毕, 文件: ValidateToken.py -> 具体测试用例:test_validate_token
[DEBUG] [2019-03-27 17:22:18,958] logger.py [line:132] : {'relevant_parameter': ['Host', 'Access-Token'], 'description': '获取机器人列表', 'method': 'post', 'url': 'https://192.168.1.104:10033/api/admin/portal/botmanager/getbotlist', 'json': {'TenantId': 'a719682c-addf-4c73-9ece-ff78cd91241f', 'Description': 'test', 'SearchStatus': '1', 'PageIndex': 1, 'PageSize': 5}, 'headers': {'Content-Type': 'application/json; charset=utf-8', 'Access-Token': 'B921597A20570510DB8789D6C3DA672194A29A726290F08ED36AF907CC9E6C3E'}, 'assert': {'Status': 1}, 'check_db': None}
[INFO] [2019-03-27 17:22:18,959] logger.py [line:132] : 接受POST的请求参数为{
    "url": "https://192.168.1.104:10033/api/admin/portal/botmanager/getbotlist",
    "headers": {
        "Content-Type": "application/json; charset=utf-8",
        "Access-Token": "B921597A20570510DB8789D6C3DA672194A29A726290F08ED36AF907CC9E6C3E"
    },
    "json": {
        "TenantId": "a719682c-addf-4c73-9ece-ff78cd91241f",
        "Description": "test",
        "SearchStatus": "1",
        "PageIndex": 1,
        "PageSize": 5
    },
    "data": null,
    "files": null
}
