[INFO] [2019-03-27 17:16:40,082] logger.py [line:132] : 测试用例已自动生成完毕, 文件: GetPublicKey.py -> 具体测试用例:test_get_public_key
[INFO] [2019-03-27 17:16:40,084] logger.py [line:132] : 测试用例已自动生成完毕, 文件: KqaBotSearch.py -> 具体测试用例:test_kqa_bot_search
[INFO] [2019-03-27 17:16:40,086] logger.py [line:132] : 测试用例已自动生成完毕, 文件: ValidateToken.py -> 具体测试用例:test_validate_token
[DEBUG] [2019-03-27 17:16:40,266] logger.py [line:132] : {'relevant_parameter': ['Host'], 'description': '获取公钥', 'method': 'get', 'url': 'https://192.168.1.104:10033/api/auth/getpublickey', 'assert': {'Code': 1}, 'res_index': ['RsaPublicKey', 'Key'], 'check_db': None}
[INFO] [2019-03-27 17:16:40,267] logger.py [line:132] : 接受GET的请求参数为{
    "url": "https://192.168.1.104:10033/api/auth/getpublickey",
    "params": null,
    "headers": null
}
[INFO] [2019-03-27 17:16:40,702] logger.py [line:132] : The test result is{
    "Code": 1,
    "RsaPublicKey": "-----BEGIN PUBLIC KEY-----\nMIGfMA0GCSqGSIb3DQEBAQUAA4GNADCBiQKBgQC7anwFfQUPQheabSQdDxkwqcBq\nailrdyAtla4frBy9BeJQwaTb+jtHPvNaBVVvqWuEL6YGG71wiK5Wk/PcPvUJGM6c\n+j0NdPnGId5wiaeAhDavk39FJimGssKuJIfmXBfw3O2rcCJn/w6pqTZ7aKW+Q2OT\n0Wi1f3KOdU6VD3aymQIDAQAB\n-----END PUBLIC KEY-----\n",
    "Key": "b4d2b9f7-fb56-4eb2-ae5c-58b847bf3def"
}
[DEBUG] [2019-03-27 17:16:40,703] logger.py [line:132] : 保存的变量值为 -----BEGIN PUBLIC KEY-----
MIGfMA0GCSqGSIb3DQEBAQUAA4GNADCBiQKBgQC7anwFfQUPQheabSQdDxkwqcBq
ailrdyAtla4frBy9BeJQwaTb+jtHPvNaBVVvqWuEL6YGG71wiK5Wk/PcPvUJGM6c
+j0NdPnGId5wiaeAhDavk39FJimGssKuJIfmXBfw3O2rcCJn/w6pqTZ7aKW+Q2OT
0Wi1f3KOdU6VD3aymQIDAQAB
-----END PUBLIC KEY-----
 => 
[DEBUG] [2019-03-27 17:16:40,704] logger.py [line:132] : 保存的变量值为 b4d2b9f7-fb56-4eb2-ae5c-58b847bf3def => 
