[INFO] [2019-03-27 16:22:30,106] logger.py [line:132] : 测试用例已自动生成完毕, 文件: GetPublicKey.py -> 具体测试用例:test_get_public_key
[INFO] [2019-03-27 16:22:30,108] logger.py [line:132] : 测试用例已自动生成完毕, 文件: RsaEncrypt.py -> 具体测试用例:test_rsa_encrypt
[DEBUG] [2019-03-27 16:22:30,212] logger.py [line:132] : 临时变量文件已自动生成完毕, 文件: PublicKey.py -> 具体变量文件:public_key
[DEBUG] [2019-03-27 16:22:30,215] logger.py [line:132] : {'relevant_parameter': ['Host'], 'description': '获取公钥', 'method': 'get', 'url': 'https://192.168.1.104:10033/api/auth/getpublickey', 'assert': {'Code': 1}, 'res_index': ['RsaPublicKey', 'Key'], 'check_db': None}
[INFO] [2019-03-27 16:22:30,216] logger.py [line:132] : 接受GET的请求参数为{
    "url": "https://192.168.1.104:10033/api/auth/getpublickey",
    "params": null,
    "headers": null
}
[INFO] [2019-03-27 16:22:30,766] logger.py [line:132] : The test result is{
    "Code": 1,
    "RsaPublicKey": "-----BEGIN PUBLIC KEY-----\nMIGfMA0GCSqGSIb3DQEBAQUAA4GNADCBiQKBgQCERnD2ejXt9oF7RsL95TIOy1ec\n+MvGh1R1n2fJ8qIgfhUyD+P4lqkcjKRYL4UMj2pouFRytIj8fUra54gBwfXKAmmu\naZrhe403R2RWLAMilhzAPEKJAeVQx0ob8ITEoUXA/4bkvecKHL52OmZqGJLHs/Pg\n6s/xst4mkfVAUcawUwIDAQAB\n-----END PUBLIC KEY-----\n",
    "Key": "4ef48e26-3d2a-446a-9e81-015cf047271d"
}
[DEBUG] [2019-03-27 16:22:30,767] logger.py [line:132] : 保存的变量值为 -----BEGIN PUBLIC KEY-----
MIGfMA0GCSqGSIb3DQEBAQUAA4GNADCBiQKBgQCERnD2ejXt9oF7RsL95TIOy1ec
+MvGh1R1n2fJ8qIgfhUyD+P4lqkcjKRYL4UMj2pouFRytIj8fUra54gBwfXKAmmu
aZrhe403R2RWLAMilhzAPEKJAeVQx0ob8ITEoUXA/4bkvecKHL52OmZqGJLHs/Pg
6s/xst4mkfVAUcawUwIDAQAB
-----END PUBLIC KEY-----
 => 
[DEBUG] [2019-03-27 16:22:30,768] logger.py [line:132] : 保存的变量值为 4ef48e26-3d2a-446a-9e81-015cf047271d => 
