[DEBUG] [2019-03-27 16:07:35,081] logger.py [line:132] : 临时变量文件已自动生成完毕, 文件: PublicKey.py -> 具体变量文件:public_key
[DEBUG] [2019-03-27 16:07:35,086] logger.py [line:132] : {'relevant_parameter': ['Host'], 'description': '获取公钥', 'method': 'get', 'url': 'https://192.168.1.104:10033/api/auth/getpublickey', 'assert': {'Code': 1}, 'res_index': ['RsaPublicKey', 'Key'], 'check_db': None}
[INFO] [2019-03-27 16:07:35,087] logger.py [line:132] : 接受GET的请求参数为{
    "url": "https://192.168.1.104:10033/api/auth/getpublickey",
    "params": null,
    "headers": null
}
[INFO] [2019-03-27 16:07:35,642] logger.py [line:132] : The test result is{
    "Code": 1,
    "RsaPublicKey": "-----BEGIN PUBLIC KEY-----\nMIGfMA0GCSqGSIb3DQEBAQUAA4GNADCBiQKBgQCzXJEe0KY/VGMc4y/8Se2Ix/V7\nfrOcTGh2OzhlBdGojBPvBQr4ZuB+gSmTTrgY765CIHr8Ue/PzJkevyM65s376od/\nsQgytBGyds2M0EraYf++yGBYkrxKmaCfn/0enCsddUeURI1ZIsd3Kn2YFvApQRVO\n3qGbSWdDohuWTgiVGwIDAQAB\n-----END PUBLIC KEY-----\n",
    "Key": "e8a6f248-e8ff-462e-b8ff-28ed471dec0d"
}
[DEBUG] [2019-03-27 16:07:35,642] logger.py [line:132] : 保存的变量值为 -----BEGIN PUBLIC KEY-----
MIGfMA0GCSqGSIb3DQEBAQUAA4GNADCBiQKBgQCzXJEe0KY/VGMc4y/8Se2Ix/V7
frOcTGh2OzhlBdGojBPvBQr4ZuB+gSmTTrgY765CIHr8Ue/PzJkevyM65s376od/
sQgytBGyds2M0EraYf++yGBYkrxKmaCfn/0enCsddUeURI1ZIsd3Kn2YFvApQRVO
3qGbSWdDohuWTgiVGwIDAQAB
-----END PUBLIC KEY-----
 => 
[DEBUG] [2019-03-27 16:07:35,644] logger.py [line:132] : 保存的变量值为 e8a6f248-e8ff-462e-b8ff-28ed471dec0d => 
