[INFO] [2019-03-29 15:17:38,592] logger.py [line:132] : 测试用例已自动生成完毕, 文件: AGetBotList.py -> 具体测试用例:test_bot_list
[INFO] [2019-03-29 15:17:38,616] logger.py [line:132] : 测试用例已自动生成完毕, 文件: AGetBotList.py -> 具体测试用例:test_bot_list_required_verify_TenantId
[INFO] [2019-03-29 15:17:38,618] logger.py [line:132] : 测试用例已自动生成完毕, 文件: AKqaSearch.py -> 具体测试用例:test_kqa_bot_search
[INFO] [2019-03-29 15:17:38,619] logger.py [line:132] : 测试用例已自动生成完毕, 文件: AKqaSearch.py -> 具体测试用例:test_kqa_bot_search_required_verify_tenantdomain
[INFO] [2019-03-29 15:17:38,621] logger.py [line:132] : 测试用例已自动生成完毕, 文件: KqaAdd.py -> 具体测试用例:test_kqa_bot_add
[INFO] [2019-03-29 15:17:38,622] logger.py [line:132] : 测试用例已自动生成完毕, 文件: KqaAdd.py -> 具体测试用例:test_kqa_bot_add_required_verify_answer
[INFO] [2019-03-29 15:17:38,623] logger.py [line:132] : 测试用例已自动生成完毕, 文件: KqaAdd.py -> 具体测试用例:test_kqa_bot_add_required_verify_CreateUserName
[INFO] [2019-03-29 15:17:38,625] logger.py [line:132] : 测试用例已自动生成完毕, 文件: KqaAdd.py -> 具体测试用例:test_kqa_bot_add_required_verify_TenantDomain
[INFO] [2019-03-29 15:17:38,626] logger.py [line:132] : 测试用例已自动生成完毕, 文件: KqaAdd.py -> 具体测试用例:test_kqa_bot_add_keyword_number
[INFO] [2019-03-29 15:17:38,627] logger.py [line:132] : 测试用例已自动生成完毕, 文件: KqaAdd.py -> 具体测试用例:test_kqa_bot_add_keyword_splite
[INFO] [2019-03-29 15:17:38,628] logger.py [line:132] : 测试用例已自动生成完毕, 文件: KqaBotSearch.py -> 具体测试用例:test_kqa_bot_search
[INFO] [2019-03-29 15:17:38,630] logger.py [line:132] : 测试用例已自动生成完毕, 文件: KqaGet.py -> 具体测试用例:test_kqa_get
[INFO] [2019-03-29 15:17:38,631] logger.py [line:132] : 测试用例已自动生成完毕, 文件: KqaGet.py -> 具体测试用例:test_kqa_get_required_verify_botconfigid
[INFO] [2019-03-29 15:17:38,632] logger.py [line:132] : 测试用例已自动生成完毕, 文件: KqaGetKeyword.py -> 具体测试用例:test_kqa_get_keyword
[INFO] [2019-03-29 15:17:38,634] logger.py [line:132] : 测试用例已自动生成完毕, 文件: KqaUpdate.py -> 具体测试用例:test_kqa_update
[INFO] [2019-03-29 15:17:38,637] logger.py [line:132] : 测试用例已自动生成完毕, 文件: KqaUpdate.py -> 具体测试用例:test_kqa_update_required_verify_answer
[INFO] [2019-03-29 15:17:38,638] logger.py [line:132] : 测试用例已自动生成完毕, 文件: KqaUpdate.py -> 具体测试用例:test_kqa_update_required_verify_updatename
[INFO] [2019-03-29 15:17:38,638] logger.py [line:132] : 测试用例已自动生成完毕, 文件: KqaUpdate.py -> 具体测试用例:test_kqa_update_required_verify_TenantDomain
[INFO] [2019-03-29 15:17:38,640] logger.py [line:132] : 测试用例已自动生成完毕, 文件: KqaUpdateEnable.py -> 具体测试用例:test_kqa_update_enable
[INFO] [2019-03-29 15:17:38,642] logger.py [line:132] : 测试用例已自动生成完毕, 文件: KqaUpdateEnable.py -> 具体测试用例:test_kqa_update_enable_required_verify_botId
[INFO] [2019-03-29 15:17:38,643] logger.py [line:132] : 测试用例已自动生成完毕, 文件: KqaUpdateEnable.py -> 具体测试用例:test_kqa_update_enable_required_verify_enable
[INFO] [2019-03-29 15:17:38,644] logger.py [line:132] : 测试用例已自动生成完毕, 文件: KqaVerifyDuplicated.py -> 具体测试用例:test_kqa_verify_duplicated
[DEBUG] [2019-03-29 15:17:38,791] logger.py [line:132] : {'relevant_parameter': ['Host', 'Access-Token'], 'description': '获取机器人列表', 'method': 'post', 'url': 'https://192.168.1.104:10033/api/admin/portal/botmanager/getbotlist', 'json': {'PageIndex': 1, 'PageSize': 10, 'tenantId': '928d2511-6783-43c2-bde5-dcf059f55710', 'description': None, 'searchStatus': 0}, 'headers': {'Content-Type': 'application/json; charset=utf-8', 'Access-Token': '5F9140635BC53F2947FFD48309AC23C04C95B9E0D9B8F4C4142C3533BEC90B02'}, 'assert': {'Status': 1}, 'res_index': ['RecordId'], 'check_db': None}
[INFO] [2019-03-29 15:17:38,791] logger.py [line:132] : 接受POST的请求参数为{
    "url": "https://192.168.1.104:10033/api/admin/portal/botmanager/getbotlist",
    "headers": {
        "Content-Type": "application/json; charset=utf-8",
        "Access-Token": "5F9140635BC53F2947FFD48309AC23C04C95B9E0D9B8F4C4142C3533BEC90B02"
    },
    "json": {
        "PageIndex": 1,
        "PageSize": 10,
        "tenantId": "928d2511-6783-43c2-bde5-dcf059f55710",
        "description": null,
        "searchStatus": 0
    },
    "data": null,
    "files": null
}
