[INFO] [2019-03-27 17:22:20,110] logger.py [line:132] : The test result is{
    "Code": 1,
    "RsaPublicKey": "-----BEGIN PUBLIC KEY-----\nMIGfMA0GCSqGSIb3DQEBAQUAA4GNADCBiQKBgQCJn4pnxybBIu6IP+azEa6Vf5UM\nLB3vGKNrKoLd88KE6FzUIYOXWuqldT8MFz43rcVYaPlLM+rGGN6axWXxuvYY2LC5\nwuiTxxlnJRCuAHfRmZlk73oaEDLlv/qBKtgdO0foTReBy2Vk9DMjZCL648pPz1Hr\najXAmRr5YqJwq3ofywIDAQAB\n-----END PUBLIC KEY-----\n",
    "Key": "4fdf55df-dc51-4138-8f23-8da4ef8c9884"
}
[DEBUG] [2019-03-27 17:22:20,110] logger.py [line:132] : 保存的变量值为 -----BEGIN PUBLIC KEY-----
MIGfMA0GCSqGSIb3DQEBAQUAA4GNADCBiQKBgQCJn4pnxybBIu6IP+azEa6Vf5UM
LB3vGKNrKoLd88KE6FzUIYOXWuqldT8MFz43rcVYaPlLM+rGGN6axWXxuvYY2LC5
wuiTxxlnJRCuAHfRmZlk73oaEDLlv/qBKtgdO0foTReBy2Vk9DMjZCL648pPz1Hr
ajXAmRr5YqJwq3ofywIDAQAB
-----END PUBLIC KEY-----
 => 
[DEBUG] [2019-03-27 17:22:20,112] logger.py [line:132] : 保存的变量值为 4fdf55df-dc51-4138-8f23-8da4ef8c9884 => 
[DEBUG] [2019-03-27 17:22:20,115] logger.py [line:132] : {'relevant_parameter': ['Host', 'Access-Token'], 'description': 'bot查询接口-成功', 'method': 'post', 'url': 'https://192.168.1.104:10033/api/admin/keyword/KQA/botsearch', 'json': {'BotId': '04372bfa-f0ee-4545-8ab2-42e9f69e222f', 'Content': ''}, 'headers': {'Content-Type': 'application/json; charset=utf-8', 'Access-Token': 'B921597A20570510DB8789D6C3DA672194A29A726290F08ED36AF907CC9E6C3E'}, 'assert': {'Status': 1}, 'check_db': None}
[INFO] [2019-03-27 17:22:20,116] logger.py [line:132] : 接受POST的请求参数为{
    "url": "https://192.168.1.104:10033/api/admin/keyword/KQA/botsearch",
    "headers": {
        "Content-Type": "application/json; charset=utf-8",
        "Access-Token": "B921597A20570510DB8789D6C3DA672194A29A726290F08ED36AF907CC9E6C3E"
    },
    "json": {
        "BotId": "04372bfa-f0ee-4545-8ab2-42e9f69e222f",
        "Content": ""
    },
    "data": null,
    "files": null
}
[INFO] [2019-03-27 17:22:20,296] logger.py [line:132] : The test result is{
    "Status": 1,
    "ErrorMsg": null,
    "ResultValue": {
        "Answer": "eee",
        "BotId": "04372bfa-f0ee-4545-8ab2-42e9f69e222f",
        "Score": 0.2876821
    }
}
[DEBUG] [2019-03-27 17:22:20,298] logger.py [line:132] : {'relevant_parameter': ['Host', 'Access-Token'], 'description': '验证token信息', 'method': 'post', 'url': 'https://192.168.1.104:10033/api/auth/validateToken', 'headers': {'Content-Type': 'application/json; charset=utf-8', 'Access-Token': 'B921597A20570510DB8789D6C3DA672194A29A726290F08ED36AF907CC9E6C3E'}, 'assert': {'IsValid': True}}
[INFO] [2019-03-27 17:22:20,299] logger.py [line:132] : 接受POST的请求参数为{
    "url": "https://192.168.1.104:10033/api/auth/validateToken",
    "headers": {
        "Content-Type": "application/json; charset=utf-8",
        "Access-Token": "B921597A20570510DB8789D6C3DA672194A29A726290F08ED36AF907CC9E6C3E"
    },
    "json": null,
    "data": null,
    "files": null
}
[INFO] [2019-03-27 17:22:20,447] logger.py [line:132] : The test result is{
    "IsValid": true,
    "Status": 1,
    "ErrorCodes": null
}
