[INFO] [2019-03-29 15:18:18,704] logger.py [line:132] : The test.json result is{
    "Status": 0,
    "ErrorCodes": null,
    "Data": false
}
[DEBUG] [2019-03-29 15:18:18,707] logger.py [line:132] : {'relevant_parameter': ['Host', 'Access-Token', 'BotId'], 'description': '关键字搜索- 关键字重复校验', 'method': 'post', 'url': 'https://192.168.1.104:10033/api/admin/keyword/KQA/verifyDuplicated', 'json': {'TenantId"': 'E4FD0FBE-C98E-486E-8FE8-9460146ECDA4', 'BotId"': 'E4FD0FBE-C98E-486E-8FE8-9460146ECDA3', 'TenantDomain': 'zhaojin', 'KeyWord': '苹果'}, 'headers': {'Content-Type': 'application/json; charset=utf-8', 'Access-Token': '5F9140635BC53F2947FFD48309AC23C04C95B9E0D9B8F4C4142C3533BEC90B02'}, 'assert': {'Status': 1}, 'check_db': None}
[INFO] [2019-03-29 15:18:18,708] logger.py [line:132] : 接受POST的请求参数为{
    "url": "https://192.168.1.104:10033/api/admin/keyword/KQA/verifyDuplicated",
    "headers": {
        "Content-Type": "application/json; charset=utf-8",
        "Access-Token": "5F9140635BC53F2947FFD48309AC23C04C95B9E0D9B8F4C4142C3533BEC90B02"
    },
    "json": {
        "TenantId\"": "E4FD0FBE-C98E-486E-8FE8-9460146ECDA4",
        "BotId\"": "E4FD0FBE-C98E-486E-8FE8-9460146ECDA3",
        "TenantDomain": "zhaojin",
        "KeyWord": "苹果"
    },
    "data": null,
    "files": null
}
