[DEBUG] [2019-03-27 11:13:39,027] logger.py [line:132] : 临时变量文件已自动生成完毕, 文件: PublicKey.py -> 具体变量文件:public_key
[DEBUG] [2019-03-27 11:13:39,037] logger.py [line:132] : {'description': 'bot查询接口-成功', 'method': 'post', 'url': 'https://192.168.1.104:10033/api/admin/keyword/KQA/botsearch', 'json': {'BotId': '04372bfa-f0ee-4545-8ab2-42e9f69e222f', 'Content': ''}, 'headers': {'Content-Type': 'application/json; charset=utf-8', 'Access-Token': 'C5FC812291A42ED477D1FBAC27E199F6DDF5F440C352E623CFB303EE027B4A9E'}, 'assert': {'Status': 1}, 'check_db': None}
[INFO] [2019-03-27 11:13:39,039] logger.py [line:132] : 接受POST的请求参数为{
    "url": "https://192.168.1.104:10033/api/admin/keyword/KQA/botsearch",
    "headers": {
        "Content-Type": "application/json; charset=utf-8",
        "Access-Token": "C5FC812291A42ED477D1FBAC27E199F6DDF5F440C352E623CFB303EE027B4A9E"
    },
    "json": {
        "BotId": "04372bfa-f0ee-4545-8ab2-42e9f69e222f",
        "Content": ""
    },
    "data": null,
    "files": null
}
[INFO] [2019-03-27 11:13:39,550] logger.py [line:132] : The test result is{
    "Status": 1,
    "ErrorMsg": null,
    "ResultValue": {
        "Answer": "23",
        "BotId": "04372bfa-f0ee-4545-8ab2-42e9f69e222f",
        "Score": 0.13353139
    }
}
[DEBUG] [2019-03-27 11:13:39,551] logger.py [line:132] : {'description': '获取kqa服务信息-成功', 'method': 'post', 'url': 'https://192.168.1.104:10033/api/admin/portal/KQA/Get', 'json': {'BotConfigId': 'c7fb61ed-6a49-4a03-a74a-cfe406793bfc'}, 'headers': {'Content-Type': 'application/json; charset=utf-8', 'Access-Token': 'C5FC812291A42ED477D1FBAC27E199F6DDF5F440C352E623CFB303EE027B4A9E'}, 'assert': {'Status': 1}, 'check_db': None}
[INFO] [2019-03-27 11:13:39,552] logger.py [line:132] : 接受POST的请求参数为{
    "url": "https://192.168.1.104:10033/api/admin/portal/KQA/Get",
    "headers": {
        "Content-Type": "application/json; charset=utf-8",
        "Access-Token": "C5FC812291A42ED477D1FBAC27E199F6DDF5F440C352E623CFB303EE027B4A9E"
    },
    "json": {
        "BotConfigId": "c7fb61ed-6a49-4a03-a74a-cfe406793bfc"
    },
    "data": null,
    "files": null
}
[INFO] [2019-03-27 11:13:39,796] logger.py [line:132] : The test result is{
    "Status": 1,
    "ErrorCodes": null,
    "Data": {
        "ID": "46f65dfe-7149-43f4-925c-25cc6edccd0e",
        "BotConfigId": "c7fb61ed-6a49-4a03-a74a-cfe406793bfc",
        "ServiceName": "KQA",
        "Parameters": "https://192.168.1.103:10037/api/admin/keyword/KQA/search",
        "ServiceType": null,
        "Enable": false,
        "Status": 1
    }
}
[DEBUG] [2019-03-27 11:13:39,797] logger.py [line:132] : {'description': '获取kqa服务信息-缺少BotConfigId', 'method': 'post', 'url': 'https://192.168.1.104:10033/api/admin/portal/KQA/Get', 'json': {'BotConfigId': ''}, 'headers': {'Content-Type': 'application/json; charset=utf-8', 'Access-Token': 'C5FC812291A42ED477D1FBAC27E199F6DDF5F440C352E623CFB303EE027B4A9E'}, 'assert': {'BotConfigId': ['The BotConfigId field is required.']}, 'check_db': None}
[INFO] [2019-03-27 11:13:39,798] logger.py [line:132] : 接受POST的请求参数为{
    "url": "https://192.168.1.104:10033/api/admin/portal/KQA/Get",
    "headers": {
        "Content-Type": "application/json; charset=utf-8",
        "Access-Token": "C5FC812291A42ED477D1FBAC27E199F6DDF5F440C352E623CFB303EE027B4A9E"
    },
    "json": {
        "BotConfigId": ""
    },
    "data": null,
    "files": null
}
[INFO] [2019-03-27 11:13:39,966] logger.py [line:132] : The test result is{
    "BotConfigId": [
        "The BotConfigId field is required."
    ]
}
[DEBUG] [2019-03-27 11:13:39,966] logger.py [line:132] : {'description': '设置开关-成功', 'method': 'post', 'url': 'https://192.168.1.104:10033/api/admin/portal/KQA/UpdateEnable', 'json': {'BotConfigId': 'c7fb61ed-6a49-4a03-a74a-cfe406793bfc', 'Enable': False}, 'headers': {'Content-Type': 'application/json; charset=utf-8', 'Access-Token': 'C5FC812291A42ED477D1FBAC27E199F6DDF5F440C352E623CFB303EE027B4A9E'}, 'assert': {'Status': 1}, 'check_db': None}
[INFO] [2019-03-27 11:13:39,967] logger.py [line:132] : 接受POST的请求参数为{
    "url": "https://192.168.1.104:10033/api/admin/portal/KQA/UpdateEnable",
    "headers": {
        "Content-Type": "application/json; charset=utf-8",
        "Access-Token": "C5FC812291A42ED477D1FBAC27E199F6DDF5F440C352E623CFB303EE027B4A9E"
    },
    "json": {
        "BotConfigId": "c7fb61ed-6a49-4a03-a74a-cfe406793bfc",
        "Enable": false
    },
    "data": null,
    "files": null
}
