[INFO] [2019-03-29 15:28:55,099] logger.py [line:132] : The test.json result is{
    "Status": 1,
    "ErrorMsg": null,
    "ResultValue": {
        "IsRepeat": true,
        "RepeatModel": {
            "ID": "78487fe9-b7a4-44c4-8318-fd44d8b36592",
            "TenantId": "928d2511-6783-43c2-bde5-dcf059f55710",
            "BotId": "16a600bb-e081-4346-a687-6cfe69da4280",
            "Keyword": "321231321",
            "KeywordForCompare": "321231321",
            "Answer": "321321",
            "Status": 0,
            "CreateDate": "2019-03-29 14:44:46",
            "UpdateDate": "0001-01-01 00:00:00",
            "CreateUserId": null,
            "CreateUserName": "testbot",
            "UpdateUserId": null,
            "UpdateUserName": null
        }
    }
}
[DEBUG] [2019-03-29 15:28:55,101] logger.py [line:132] : {'relevant_parameter': ['Host', 'Access-Token'], 'description': '关键字搜索- 关键字重复校验-keyword数量超过3', 'method': 'post', 'url': 'https://192.168.1.104:10033/api/admin/keyword/KQA/verifyDuplicated', 'json': {'TenantId': '928d2511-6783-43c2-bde5-dcf059f55710', 'BotId': '16a600bb-e081-4346-a687-6cfe69da4280', 'CreateUserName': 'testbot', 'CreateUserId': None, 'TenantDomain': 'test01@testbot.hightalk.ai', 'KeyWord': '32&12321&321321&321321'}, 'headers': {'Content-Type': 'application/json; charset=utf-8', 'Access-Token': '5F9140635BC53F2947FFD48309AC23C04C95B9E0D9B8F4C4142C3533BEC90B02'}, 'assert': {'Status': 0}, 'check_db': None}
[INFO] [2019-03-29 15:28:55,101] logger.py [line:132] : 接受POST的请求参数为{
    "url": "https://192.168.1.104:10033/api/admin/keyword/KQA/verifyDuplicated",
    "headers": {
        "Content-Type": "application/json; charset=utf-8",
        "Access-Token": "5F9140635BC53F2947FFD48309AC23C04C95B9E0D9B8F4C4142C3533BEC90B02"
    },
    "json": {
        "TenantId": "928d2511-6783-43c2-bde5-dcf059f55710",
        "BotId": "16a600bb-e081-4346-a687-6cfe69da4280",
        "CreateUserName": "testbot",
        "CreateUserId": null,
        "TenantDomain": "test01@testbot.hightalk.ai",
        "KeyWord": "32&12321&321321&321321"
    },
    "data": null,
    "files": null
}
[INFO] [2019-03-29 15:28:55,248] logger.py [line:132] : The test.json result is{
    "Status": 0,
    "ErrorMsg": "关键字只能由汉字、字母（大小）、数字组合,每个关键字以'&'符号进行分隔,关键字数量不能超过3个.",
    "ResultValue": null
}
[DEBUG] [2019-03-29 15:28:55,249] logger.py [line:132] : {'relevant_parameter': ['Host', 'Access-Token'], 'description': '关键字搜索- 关键字重复校验-keyword分隔符', 'method': 'post', 'url': 'https://192.168.1.104:10033/api/admin/keyword/KQA/verifyDuplicated', 'json': {'TenantId': '928d2511-6783-43c2-bde5-dcf059f55710', 'BotId': '16a600bb-e081-4346-a687-6cfe69da4280', 'CreateUserName': 'testbot', 'CreateUserId': None, 'TenantDomain': 'test01@testbot.hightalk.ai', 'KeyWord': '32|1231223'}, 'headers': {'Content-Type': 'application/json; charset=utf-8', 'Access-Token': '5F9140635BC53F2947FFD48309AC23C04C95B9E0D9B8F4C4142C3533BEC90B02'}, 'assert': {'Status': 0}, 'check_db': None}
[INFO] [2019-03-29 15:28:55,250] logger.py [line:132] : 接受POST的请求参数为{
    "url": "https://192.168.1.104:10033/api/admin/keyword/KQA/verifyDuplicated",
    "headers": {
        "Content-Type": "application/json; charset=utf-8",
        "Access-Token": "5F9140635BC53F2947FFD48309AC23C04C95B9E0D9B8F4C4142C3533BEC90B02"
    },
    "json": {
        "TenantId": "928d2511-6783-43c2-bde5-dcf059f55710",
        "BotId": "16a600bb-e081-4346-a687-6cfe69da4280",
        "CreateUserName": "testbot",
        "CreateUserId": null,
        "TenantDomain": "test01@testbot.hightalk.ai",
        "KeyWord": "32|1231223"
    },
    "data": null,
    "files": null
}
[INFO] [2019-03-29 15:28:55,395] logger.py [line:132] : The test.json result is{
    "Status": 0,
    "ErrorMsg": "关键字只能由汉字、字母（大小）、数字组合,每个关键字以'&'符号进行分隔,关键字数量不能超过3个.",
    "ResultValue": null
}
[DEBUG] [2019-03-29 15:28:55,396] logger.py [line:132] : {'relevant_parameter': ['Host', 'Access-Token'], 'description': '关键字搜索- 关键字重复校验-TenantDomain为空', 'method': 'post', 'url': 'https://192.168.1.104:10033/api/admin/keyword/KQA/verifyDuplicated', 'json': {'TenantId': '928d2511-6783-43c2-bde5-dcf059f55710', 'BotId': '16a600bb-e081-4346-a687-6cfe69da4280', 'CreateUserName': 'testbot', 'CreateUserId': None, 'KeyWord': '321231321'}, 'headers': {'Content-Type': 'application/json; charset=utf-8', 'Access-Token': '5F9140635BC53F2947FFD48309AC23C04C95B9E0D9B8F4C4142C3533BEC90B02'}, 'assert': {'ErrorMsg': '租户域名不能为空.'}, 'check_db': None}
[INFO] [2019-03-29 15:28:55,397] logger.py [line:132] : 接受POST的请求参数为{
    "url": "https://192.168.1.104:10033/api/admin/keyword/KQA/verifyDuplicated",
    "headers": {
        "Content-Type": "application/json; charset=utf-8",
        "Access-Token": "5F9140635BC53F2947FFD48309AC23C04C95B9E0D9B8F4C4142C3533BEC90B02"
    },
    "json": {
        "TenantId": "928d2511-6783-43c2-bde5-dcf059f55710",
        "BotId": "16a600bb-e081-4346-a687-6cfe69da4280",
        "CreateUserName": "testbot",
        "CreateUserId": null,
        "KeyWord": "321231321"
    },
    "data": null,
    "files": null
}
[INFO] [2019-03-29 15:28:55,542] logger.py [line:132] : The test.json result is{
    "Status": 0,
    "ErrorMsg": "租户域名不能为空.",
    "ResultValue": null
}
