[DEBUG] [2019-03-27 16:12:43,024] logger.py [line:132] : 临时变量文件已自动生成完毕, 文件: PublicKey.py -> 具体变量文件:public_key
[DEBUG] [2019-03-27 16:12:43,029] logger.py [line:132] : {'relevant_parameter': ['Host'], 'description': '获取公钥', 'method': 'get', 'url': 'https://192.168.1.104:10033/api/auth/getpublickey', 'assert': {'Code': 1}, 'res_index': ['RsaPublicKey', 'Key'], 'check_db': None}
[INFO] [2019-03-27 16:12:43,030] logger.py [line:132] : 接受GET的请求参数为{
    "url": "https://192.168.1.104:10033/api/auth/getpublickey",
    "params": null,
    "headers": null
}
[INFO] [2019-03-27 16:12:43,720] logger.py [line:132] : The test result is{
    "Code": 1,
    "RsaPublicKey": "-----BEGIN PUBLIC KEY-----\nMIGfMA0GCSqGSIb3DQEBAQUAA4GNADCBiQKBgQCVZ1VzzDzrfVpfu7rAGVuqQXUQ\nb1wJZX9bFDNQgeaTldAhP7xgaAPtv/GYx2aSMrmZjEY33wTTDl+DlKIrqhQJnuKC\nW/3vkA1v/LWf0ZcXz7YIFewGU5HYDmP6YihkhiIuZEgvooGWIvP4avKehPO9vN60\negT9rghOElavuwzqQQIDAQAB\n-----END PUBLIC KEY-----\n",
    "Key": "e4f41d15-2f90-4e7d-bb54-0657d5a3e881"
}
[DEBUG] [2019-03-27 16:12:43,721] logger.py [line:132] : 保存的变量值为 -----BEGIN PUBLIC KEY-----
MIGfMA0GCSqGSIb3DQEBAQUAA4GNADCBiQKBgQCVZ1VzzDzrfVpfu7rAGVuqQXUQ
b1wJZX9bFDNQgeaTldAhP7xgaAPtv/GYx2aSMrmZjEY33wTTDl+DlKIrqhQJnuKC
W/3vkA1v/LWf0ZcXz7YIFewGU5HYDmP6YihkhiIuZEgvooGWIvP4avKehPO9vN60
egT9rghOElavuwzqQQIDAQAB
-----END PUBLIC KEY-----
 => 
[DEBUG] [2019-03-27 16:12:43,723] logger.py [line:132] : 保存的变量值为 e4f41d15-2f90-4e7d-bb54-0657d5a3e881 => 
