[INFO] [2019-03-29 14:38:06,129] logger.py [line:132] : The test.json result is{
    "TenantId": [
        "The TenantId field is required."
    ]
}
[DEBUG] [2019-03-29 14:38:06,131] logger.py [line:132] : {'relevant_parameter': ['Host', 'Access-Token', 'BotId'], 'description': '关键字搜索- bot查询接口-成功', 'method': 'post', 'url': 'https://192.168.1.104:10033/api/admin/keyword/KQA/botsearch', 'json': {'BotId': '16a600bb-e081-4346-a687-6cfe69da4280', 'Content': '我是谁'}, 'headers': {'Content-Type': 'application/json; charset=utf-8', 'Access-Token': '5F9140635BC53F2947FFD48309AC23C04C95B9E0D9B8F4C4142C3533BEC90B02'}, 'assert': {'Status': 1}, 'check_db': None}
[INFO] [2019-03-29 14:38:06,132] logger.py [line:132] : 接受POST的请求参数为{
    "url": "https://192.168.1.104:10033/api/admin/keyword/KQA/botsearch",
    "headers": {
        "Content-Type": "application/json; charset=utf-8",
        "Access-Token": "5F9140635BC53F2947FFD48309AC23C04C95B9E0D9B8F4C4142C3533BEC90B02"
    },
    "json": {
        "BotId": "16a600bb-e081-4346-a687-6cfe69da4280",
        "Content": "我是谁"
    },
    "data": null,
    "files": null
}
[INFO] [2019-03-29 14:38:06,293] logger.py [line:132] : The test.json result is{
    "Status": 1,
    "ErrorMsg": null,
    "ResultValue": {
        "Answer": "我的名字是 弦铭一心",
        "BotId": "16a600bb-e081-4346-a687-6cfe69da4280",
        "Score": 1.9641976
    }
}
[DEBUG] [2019-03-29 14:38:06,296] logger.py [line:132] : {'relevant_parameter': ['Host', 'Access-Token', 'BotId'], 'description': '关键字回复-获取kqa服务信息-成功', 'method': 'post', 'url': 'https://192.168.1.104:10033/api/admin/portal/KQA/Get', 'json': {'BotConfigId': '16a600bb-e081-4346-a687-6cfe69da4280'}, 'headers': {'Content-Type': 'application/json; charset=utf-8', 'Access-Token': '5F9140635BC53F2947FFD48309AC23C04C95B9E0D9B8F4C4142C3533BEC90B02'}, 'assert': {'Status': 1}, 'check_db': None}
[INFO] [2019-03-29 14:38:06,297] logger.py [line:132] : 接受POST的请求参数为{
    "url": "https://192.168.1.104:10033/api/admin/portal/KQA/Get",
    "headers": {
        "Content-Type": "application/json; charset=utf-8",
        "Access-Token": "5F9140635BC53F2947FFD48309AC23C04C95B9E0D9B8F4C4142C3533BEC90B02"
    },
    "json": {
        "BotConfigId": "16a600bb-e081-4346-a687-6cfe69da4280"
    },
    "data": null,
    "files": null
}
[INFO] [2019-03-29 14:38:06,526] logger.py [line:132] : The test.json result is{
    "Status": 1,
    "ErrorCodes": null,
    "Data": {
        "ID": "3f0eee0d-6d93-49e2-ba09-1a200e0e14dc",
        "BotConfigId": "16a600bb-e081-4346-a687-6cfe69da4280",
        "ServiceName": "KQA",
        "Parameters": "{\"Endpoint\": \"https://192.168.1.104:10037/api/admin/keyword/KQA/botsearch\"}",
        "ServiceType": null,
        "Enable": true,
        "Status": 1
    }
}
[DEBUG] [2019-03-29 14:38:06,528] logger.py [line:132] : {'relevant_parameter': ['Host', 'Access-Token'], 'description': '关键字回复-获取kqa服务信息-缺少BotConfigId', 'method': 'post', 'url': 'https://192.168.1.104:10033/api/admin/portal/KQA/Get', 'json': {'BotConfigId': ''}, 'headers': {'Content-Type': 'application/json; charset=utf-8', 'Access-Token': '5F9140635BC53F2947FFD48309AC23C04C95B9E0D9B8F4C4142C3533BEC90B02'}, 'assert': {'BotConfigId': ['The BotConfigId field is required.']}, 'check_db': None}
[INFO] [2019-03-29 14:38:06,529] logger.py [line:132] : 接受POST的请求参数为{
    "url": "https://192.168.1.104:10033/api/admin/portal/KQA/Get",
    "headers": {
        "Content-Type": "application/json; charset=utf-8",
        "Access-Token": "5F9140635BC53F2947FFD48309AC23C04C95B9E0D9B8F4C4142C3533BEC90B02"
    },
    "json": {
        "BotConfigId": ""
    },
    "data": null,
    "files": null
}
[INFO] [2019-03-29 14:38:06,684] logger.py [line:132] : The test.json result is{
    "BotConfigId": [
        "The BotConfigId field is required."
    ]
}
[DEBUG] [2019-03-29 14:38:06,692] logger.py [line:132] : {'relevant_parameter': ['Host', 'Access-Token', 'BotId'], 'description': '关键字搜索- bot查询接口-成功', 'method': 'post', 'url': 'https://192.168.1.104:10033/api/admin/keyword/KQA/botsearch', 'json': {'BotId': '16a600bb-e081-4346-a687-6cfe69da4280', 'Content': '我是谁'}, 'headers': {'Content-Type': 'application/json; charset=utf-8', 'Access-Token': '5F9140635BC53F2947FFD48309AC23C04C95B9E0D9B8F4C4142C3533BEC90B02'}, 'assert': {'Status': 1}, 'check_db': None}
[INFO] [2019-03-29 14:38:06,693] logger.py [line:132] : 接受POST的请求参数为{
    "url": "https://192.168.1.104:10033/api/admin/keyword/KQA/botsearch",
    "headers": {
        "Content-Type": "application/json; charset=utf-8",
        "Access-Token": "5F9140635BC53F2947FFD48309AC23C04C95B9E0D9B8F4C4142C3533BEC90B02"
    },
    "json": {
        "BotId": "16a600bb-e081-4346-a687-6cfe69da4280",
        "Content": "我是谁"
    },
    "data": null,
    "files": null
}
[INFO] [2019-03-29 14:38:06,864] logger.py [line:132] : The test.json result is{
    "Status": 1,
    "ErrorMsg": null,
    "ResultValue": {
        "Answer": "我的名字是 弦铭一心",
        "BotId": "16a600bb-e081-4346-a687-6cfe69da4280",
        "Score": 1.9641976
    }
}
[DEBUG] [2019-03-29 14:38:06,866] logger.py [line:132] : {'relevant_parameter': ['Host', 'Access-Token', 'BotId'], 'description': '关键字搜索- 查询关键字-缺少租户域名', 'method': 'post', 'url': 'https://192.168.1.104:10033/api/admin/keyword/KQA/search', 'json': {'BotId': '04372bfa-f0ee-4545-8ab2-42e9f69e222f', 'TenantId': '928d2511-6783-43c2-bde5-dcf059f55710', 'Page': 0, 'KeyWord': '', 'PageSize': 10}, 'headers': {'Content-Type': 'application/json; charset=utf-8', 'Access-Token': '5F9140635BC53F2947FFD48309AC23C04C95B9E0D9B8F4C4142C3533BEC90B02'}, 'assert': {'ErrorMsg': '租户域名不能为空.'}, 'check_db': None}
[INFO] [2019-03-29 14:38:06,866] logger.py [line:132] : 接受POST的请求参数为{
    "url": "https://192.168.1.104:10033/api/admin/keyword/KQA/search",
    "headers": {
        "Content-Type": "application/json; charset=utf-8",
        "Access-Token": "5F9140635BC53F2947FFD48309AC23C04C95B9E0D9B8F4C4142C3533BEC90B02"
    },
    "json": {
        "BotId": "04372bfa-f0ee-4545-8ab2-42e9f69e222f",
        "TenantId": "928d2511-6783-43c2-bde5-dcf059f55710",
        "Page": 0,
        "KeyWord": "",
        "PageSize": 10
    },
    "data": null,
    "files": null
}
