[INFO] [2019-03-27 17:27:39,136] logger.py [line:132] : The test result is{
    "Status": 0,
    "ErrorCodes": [
        {
            "ErrorCode": "PE00001",
            "ErrorMessage": "Bot已被创建"
        }
    ],
    "Data": false
}
[DEBUG] [2019-03-27 17:27:39,139] logger.py [line:132] : {'relevant_parameter': ['Host', 'Access-Token'], 'description': '创建机器人-BotId为空', 'method': 'post', 'url': 'https://192.168.1.104:10033/api/admin/portal/botmanager/createbot', 'json': {'BotId': 'e4cb1fd7-27e6-4de5-b432-4a3b4e27a0f5'}, 'headers': {'Content-Type': 'application/json; charset=utf-8', 'Access-Token': 'B921597A20570510DB8789D6C3DA672194A29A726290F08ED36AF907CC9E6C3E'}, 'assert': {'BotId': ['The BotId field is required.']}, 'check_db': None}
[INFO] [2019-03-27 17:27:39,141] logger.py [line:132] : 接受POST的请求参数为{
    "url": "https://192.168.1.104:10033/api/admin/portal/botmanager/createbot",
    "headers": {
        "Content-Type": "application/json; charset=utf-8",
        "Access-Token": "B921597A20570510DB8789D6C3DA672194A29A726290F08ED36AF907CC9E6C3E"
    },
    "json": {
        "BotId": "e4cb1fd7-27e6-4de5-b432-4a3b4e27a0f5"
    },
    "data": null,
    "files": null
}
[INFO] [2019-03-27 17:27:39,459] logger.py [line:132] : The test result is{
    "Status": 0,
    "ErrorCodes": [
        {
            "ErrorCode": "PE00001",
            "ErrorMessage": "当前Bot正在操作中，请勿重复提交"
        }
    ],
    "Data": false
}
[DEBUG] [2019-03-27 17:27:39,461] logger.py [line:132] : {'relevant_parameter': ['Host', 'Access-Token'], 'description': '获取机器人列表', 'method': 'post', 'url': 'https://192.168.1.104:10033/api/admin/portal/botmanager/getbotlist', 'json': {'TenantId': 'a719682c-addf-4c73-9ece-ff78cd91241f', 'Description': 'test', 'SearchStatus': '1', 'PageIndex': 1, 'PageSize': 5}, 'headers': {'Content-Type': 'application/json; charset=utf-8', 'Access-Token': 'B921597A20570510DB8789D6C3DA672194A29A726290F08ED36AF907CC9E6C3E'}, 'assert': {'Status': 1}, 'check_db': None}
[INFO] [2019-03-27 17:27:39,462] logger.py [line:132] : 接受POST的请求参数为{
    "url": "https://192.168.1.104:10033/api/admin/portal/botmanager/getbotlist",
    "headers": {
        "Content-Type": "application/json; charset=utf-8",
        "Access-Token": "B921597A20570510DB8789D6C3DA672194A29A726290F08ED36AF907CC9E6C3E"
    },
    "json": {
        "TenantId": "a719682c-addf-4c73-9ece-ff78cd91241f",
        "Description": "test",
        "SearchStatus": "1",
        "PageIndex": 1,
        "PageSize": 5
    },
    "data": null,
    "files": null
}
[INFO] [2019-03-27 17:27:39,855] logger.py [line:132] : The test result is{
    "BotConfigList": [
        {
            "RecordId": "ad7b6b15-3b7a-43b1-b119-94d54ef69526",
            "AliasName": "test",
            "Domain": "企业服务",
            "Description": "test",
            "BotType": "XNBZ",
            "DeployModel": "share",
            "AzureRegName": "HighTalkSharedService",
            "LuisAppId": null,
            "Status": 2,
            "StatusString": "已创建",
            "CreateDate": "2019-01-31",
            "OrderBy": 2
        }
    ],
    "TotalCount": 1,
    "PageIndex": 1,
    "PageSize": 5,
    "Status": 1,
    "ErrorCodes": null,
    "Data": 0
}
[DEBUG] [2019-03-27 17:27:39,857] logger.py [line:132] : {'relevant_parameter': ['Host', 'Access-Token'], 'description': '获取机器人列表-TenantId为空', 'method': 'post', 'url': 'https://192.168.1.104:10033/api/admin/portal/botmanager/getbotlist', 'json': {'Description': 'test', 'SearchStatus': '1', 'PageIndex': 1, 'PageSize': 5}, 'headers': {'Content-Type': 'application/json; charset=utf-8', 'Access-Token': 'B921597A20570510DB8789D6C3DA672194A29A726290F08ED36AF907CC9E6C3E'}, 'assert': {'TenantId': ['The TenantId field is required.']}, 'check_db': None}
[INFO] [2019-03-27 17:27:39,857] logger.py [line:132] : 接受POST的请求参数为{
    "url": "https://192.168.1.104:10033/api/admin/portal/botmanager/getbotlist",
    "headers": {
        "Content-Type": "application/json; charset=utf-8",
        "Access-Token": "B921597A20570510DB8789D6C3DA672194A29A726290F08ED36AF907CC9E6C3E"
    },
    "json": {
        "Description": "test",
        "SearchStatus": "1",
        "PageIndex": 1,
        "PageSize": 5
    },
    "data": null,
    "files": null
}
