[INFO] [2019-03-29 14:20:53,012] logger.py [line:132] : The test.json result is{
    "BotStatusList": [
        {
            "ID": "e7e280a9-2880-4f98-b3b1-1235794f1793",
            "Status": "1",
            "CreateDate": "2019-02-28 03:04:51"
        }
    ],
    "Status": 1,
    "ErrorCodes": null,
    "Data": true
}
[DEBUG] [2019-03-29 14:20:53,014] logger.py [line:132] : {'relevant_parameter': ['Host', 'Access-Token'], 'description': '根据机器人id获取当前机器人状态信息-botId为空', 'method': 'post', 'url': 'https://192.168.1.104:10033/api/admin/portal/botmanager/getbotstatus', 'json': {'BotId': []}, 'headers': {'Content-Type': 'application/json; charset=utf-8', 'Access-Token': '5F9140635BC53F2947FFD48309AC23C04C95B9E0D9B8F4C4142C3533BEC90B02'}, 'assert': {'BotIds': ['The BotIds field is required.']}, 'check_db': None}
[INFO] [2019-03-29 14:20:53,015] logger.py [line:132] : 接受POST的请求参数为{
    "url": "https://192.168.1.104:10033/api/admin/portal/botmanager/getbotstatus",
    "headers": {
        "Content-Type": "application/json; charset=utf-8",
        "Access-Token": "5F9140635BC53F2947FFD48309AC23C04C95B9E0D9B8F4C4142C3533BEC90B02"
    },
    "json": {
        "BotId": []
    },
    "data": null,
    "files": null
}
[INFO] [2019-03-29 14:20:53,168] logger.py [line:132] : The test.json result is{
    "BotIds": [
        "The BotIds field is required."
    ]
}
[DEBUG] [2019-03-29 14:20:53,168] logger.py [line:132] : {'relevant_parameter': ['Host'], 'description': '获取公钥', 'method': 'get', 'url': 'https://192.168.1.104:10033/api/auth/getpublickey', 'assert': {'Code': 1}, 'res_index': ['RsaPublicKey', 'Key'], 'check_db': None}
[INFO] [2019-03-29 14:20:53,170] logger.py [line:132] : 接受GET的请求参数为{
    "url": "https://192.168.1.104:10033/api/auth/getpublickey",
    "params": null,
    "headers": null
}
[INFO] [2019-03-29 14:20:53,277] logger.py [line:132] : The test.json result is{
    "Code": 1,
    "RsaPublicKey": "-----BEGIN PUBLIC KEY-----\nMIGfMA0GCSqGSIb3DQEBAQUAA4GNADCBiQKBgQCj7D4RDJFUAMmnudCpxDDW5Cp+\n7Gfw0tLOhUR7qMXLkP2eMfy9CkaF1HDyw8tTJq6nGF1BLNll/A4YnzIIP9olsy2g\nMVC//RXJG+ldwTHSaUGwdIbHm/yOk+b7ycKU5Tc4te6fo8Lzc4PqCJwH/1bXW3/m\nnWc0rIJo326tXOHeZwIDAQAB\n-----END PUBLIC KEY-----\n",
    "Key": "c74ae223-62e5-4c55-8e5c-7a1425a22c59"
}
[DEBUG] [2019-03-29 14:20:53,278] logger.py [line:132] : 保存的变量值为 -----BEGIN PUBLIC KEY-----
MIGfMA0GCSqGSIb3DQEBAQUAA4GNADCBiQKBgQCj7D4RDJFUAMmnudCpxDDW5Cp+
7Gfw0tLOhUR7qMXLkP2eMfy9CkaF1HDyw8tTJq6nGF1BLNll/A4YnzIIP9olsy2g
MVC//RXJG+ldwTHSaUGwdIbHm/yOk+b7ycKU5Tc4te6fo8Lzc4PqCJwH/1bXW3/m
nWc0rIJo326tXOHeZwIDAQAB
-----END PUBLIC KEY-----
 => 
[DEBUG] [2019-03-29 14:20:53,280] logger.py [line:132] : 保存的变量值为 c74ae223-62e5-4c55-8e5c-7a1425a22c59 => 
[DEBUG] [2019-03-29 14:20:53,283] logger.py [line:132] : {'relevant_parameter': ['Host', 'Access-Token', 'RecordId'], 'description': '获取服务状态', 'method': 'post', 'url': 'https://192.168.1.104:10033/api/admin/portal/guidequestion/getservice', 'json': {'BotConfigId': 'e066c8d5-0586-42ad-9381-819bd103cfa9'}, 'headers': {'Content-Type': 'application/json; charset=utf-8', 'Access-Token': '5F9140635BC53F2947FFD48309AC23C04C95B9E0D9B8F4C4142C3533BEC90B02'}, 'assert': {'Status': 1}, 'check_db': None}
[INFO] [2019-03-29 14:20:53,284] logger.py [line:132] : 接受POST的请求参数为{
    "url": "https://192.168.1.104:10033/api/admin/portal/guidequestion/getservice",
    "headers": {
        "Content-Type": "application/json; charset=utf-8",
        "Access-Token": "5F9140635BC53F2947FFD48309AC23C04C95B9E0D9B8F4C4142C3533BEC90B02"
    },
    "json": {
        "BotConfigId": "e066c8d5-0586-42ad-9381-819bd103cfa9"
    },
    "data": null,
    "files": null
}
[INFO] [2019-03-29 14:20:53,534] logger.py [line:132] : The test.json result is{
    "Status": 0,
    "ErrorCodes": [
        {
            "ErrorCode": "",
            "ErrorMessage": "该bot为非创建状态，无法操作!"
        }
    ],
    "Data": 0
}
[DEBUG] [2019-03-29 14:20:53,538] logger.py [line:132] : {'relevant_parameter': ['Host', 'Access-Token', 'RecordId'], 'description': '获取服务状态-botConfigId为空', 'method': 'post', 'url': 'https://192.168.1.104:10033/api/admin/portal/guidequestion/getservice', 'json': {'BotConfigId': None}, 'headers': {'Content-Type': 'application/json; charset=utf-8', 'Access-Token': '5F9140635BC53F2947FFD48309AC23C04C95B9E0D9B8F4C4142C3533BEC90B02'}, 'assert': {'BotConfigId': ['The BotIds field is required.']}, 'check_db': None}
[INFO] [2019-03-29 14:20:53,538] logger.py [line:132] : 接受POST的请求参数为{
    "url": "https://192.168.1.104:10033/api/admin/portal/guidequestion/getservice",
    "headers": {
        "Content-Type": "application/json; charset=utf-8",
        "Access-Token": "5F9140635BC53F2947FFD48309AC23C04C95B9E0D9B8F4C4142C3533BEC90B02"
    },
    "json": {
        "BotConfigId": null
    },
    "data": null,
    "files": null
}
[INFO] [2019-03-29 14:20:53,685] logger.py [line:132] : The test.json result is{
    "BotConfigId": [
        "The BotConfigId field is required."
    ]
}
[DEBUG] [2019-03-29 14:20:53,688] logger.py [line:132] : {'relevant_parameter': ['Host', 'Access-Token', 'RecordId'], 'description': 'bot查询接口-成功', 'method': 'post', 'url': 'https://192.168.1.104:10033/api/admin/keyword/KQA/botsearch', 'json': {'BotId': 'e066c8d5-0586-42ad-9381-819bd103cfa9', 'Content': '我是谁'}, 'headers': {'Content-Type': 'application/json; charset=utf-8', 'Access-Token': '5F9140635BC53F2947FFD48309AC23C04C95B9E0D9B8F4C4142C3533BEC90B02'}, 'assert': {'Status': 1}, 'check_db': None}
[INFO] [2019-03-29 14:20:53,689] logger.py [line:132] : 接受POST的请求参数为{
    "url": "https://192.168.1.104:10033/api/admin/keyword/KQA/botsearch",
    "headers": {
        "Content-Type": "application/json; charset=utf-8",
        "Access-Token": "5F9140635BC53F2947FFD48309AC23C04C95B9E0D9B8F4C4142C3533BEC90B02"
    },
    "json": {
        "BotId": "e066c8d5-0586-42ad-9381-819bd103cfa9",
        "Content": "我是谁"
    },
    "data": null,
    "files": null
}
[INFO] [2019-03-29 14:20:53,854] logger.py [line:132] : The test.json result is{
    "Status": 1,
    "ErrorMsg": null,
    "ResultValue": {
        "Answer": null,
        "BotId": null,
        "Score": 0.0
    }
}
[DEBUG] [2019-03-29 14:20:53,856] logger.py [line:132] : {'relevant_parameter': ['Host', 'Access-Token', 'BotId'], 'description': '关键字回复-获取kqa服务信息-成功', 'method': 'post', 'url': 'https://192.168.1.104:10033/api/admin/portal/KQA/Get', 'json': {'BotConfigId': '16a600bb-e081-4346-a687-6cfe69da4280'}, 'headers': {'Content-Type': 'application/json; charset=utf-8', 'Access-Token': '5F9140635BC53F2947FFD48309AC23C04C95B9E0D9B8F4C4142C3533BEC90B02'}, 'assert': {'Status': 1}, 'check_db': None}
[INFO] [2019-03-29 14:20:53,856] logger.py [line:132] : 接受POST的请求参数为{
    "url": "https://192.168.1.104:10033/api/admin/portal/KQA/Get",
    "headers": {
        "Content-Type": "application/json; charset=utf-8",
        "Access-Token": "5F9140635BC53F2947FFD48309AC23C04C95B9E0D9B8F4C4142C3533BEC90B02"
    },
    "json": {
        "BotConfigId": "16a600bb-e081-4346-a687-6cfe69da4280"
    },
    "data": null,
    "files": null
}
