[INFO] [2019-03-27 17:32:09,256] logger.py [line:132] : The test result is{
    "Status": 0,
    "ErrorCodes": [
        {
            "ErrorCode": "PE00001",
            "ErrorMessage": "数据缺失，无法创建"
        }
    ],
    "Data": false
}
[DEBUG] [2019-03-27 17:32:09,260] logger.py [line:132] : {'relevant_parameter': ['Host', 'Access-Token'], 'description': '创建机器人-BotId为空', 'method': 'post', 'url': 'https://192.168.1.104:10033/api/admin/portal/botmanager/createbot', 'json': {'BotId': None}, 'headers': {'Content-Type': 'application/json; charset=utf-8', 'Access-Token': 'B921597A20570510DB8789D6C3DA672194A29A726290F08ED36AF907CC9E6C3E'}, 'assert': {'BotId': ['The BotId field is required.']}, 'check_db': None}
[INFO] [2019-03-27 17:32:09,261] logger.py [line:132] : 接受POST的请求参数为{
    "url": "https://192.168.1.104:10033/api/admin/portal/botmanager/createbot",
    "headers": {
        "Content-Type": "application/json; charset=utf-8",
        "Access-Token": "B921597A20570510DB8789D6C3DA672194A29A726290F08ED36AF907CC9E6C3E"
    },
    "json": {
        "BotId": null
    },
    "data": null,
    "files": null
}
[INFO] [2019-03-27 17:32:09,649] logger.py [line:132] : The test result is{
    "BotId": [
        "The BotId field is required."
    ]
}
[DEBUG] [2019-03-27 17:32:09,651] logger.py [line:132] : {'relevant_parameter': ['Host'], 'description': '获取公钥', 'method': 'get', 'url': 'https://192.168.1.104:10033/api/auth/getpublickey', 'assert': {'Code': 1}, 'res_index': ['RsaPublicKey', 'Key'], 'check_db': None}
[INFO] [2019-03-27 17:32:09,651] logger.py [line:132] : 接受GET的请求参数为{
    "url": "https://192.168.1.104:10033/api/auth/getpublickey",
    "params": null,
    "headers": null
}
[INFO] [2019-03-27 17:32:09,834] logger.py [line:132] : The test result is{
    "Code": 1,
    "RsaPublicKey": "-----BEGIN PUBLIC KEY-----\nMIGfMA0GCSqGSIb3DQEBAQUAA4GNADCBiQKBgQC3WPZWTMOIqOFpF2dwOhHIT/6s\nlFdmWoRle+EwqtIML/TLZdgdcwP7MLaoRn49B7Snz8T4ERDYZj3WPFU4lMDEeRAY\nasGZmOm1X5eHvEUnPt/M7TT6QmDDLfvok+Q9+0mRU6vNOmM43WkS04x7EOhFE4iV\nz4/jNcIl0zi5gKla+wIDAQAB\n-----END PUBLIC KEY-----\n",
    "Key": "fe5aaa8f-88b8-4bc4-b6a0-f58dc01aaea4"
}
[DEBUG] [2019-03-27 17:32:09,834] logger.py [line:132] : 保存的变量值为 -----BEGIN PUBLIC KEY-----
MIGfMA0GCSqGSIb3DQEBAQUAA4GNADCBiQKBgQC3WPZWTMOIqOFpF2dwOhHIT/6s
lFdmWoRle+EwqtIML/TLZdgdcwP7MLaoRn49B7Snz8T4ERDYZj3WPFU4lMDEeRAY
asGZmOm1X5eHvEUnPt/M7TT6QmDDLfvok+Q9+0mRU6vNOmM43WkS04x7EOhFE4iV
z4/jNcIl0zi5gKla+wIDAQAB
-----END PUBLIC KEY-----
 => 
[DEBUG] [2019-03-27 17:32:09,835] logger.py [line:132] : 保存的变量值为 fe5aaa8f-88b8-4bc4-b6a0-f58dc01aaea4 => 
[DEBUG] [2019-03-27 17:32:09,838] logger.py [line:132] : {'relevant_parameter': ['Host', 'Access-Token'], 'description': 'bot查询接口-成功', 'method': 'post', 'url': 'https://192.168.1.104:10033/api/admin/keyword/KQA/botsearch', 'json': {'BotId': '04372bfa-f0ee-4545-8ab2-42e9f69e222f', 'Content': ''}, 'headers': {'Content-Type': 'application/json; charset=utf-8', 'Access-Token': 'B921597A20570510DB8789D6C3DA672194A29A726290F08ED36AF907CC9E6C3E'}, 'assert': {'Status': 1}, 'check_db': None}
[INFO] [2019-03-27 17:32:09,838] logger.py [line:132] : 接受POST的请求参数为{
    "url": "https://192.168.1.104:10033/api/admin/keyword/KQA/botsearch",
    "headers": {
        "Content-Type": "application/json; charset=utf-8",
        "Access-Token": "B921597A20570510DB8789D6C3DA672194A29A726290F08ED36AF907CC9E6C3E"
    },
    "json": {
        "BotId": "04372bfa-f0ee-4545-8ab2-42e9f69e222f",
        "Content": ""
    },
    "data": null,
    "files": null
}
