[INFO] [2019-03-27 17:43:36,186] logger.py [line:132] : The test result is{
    "Code": 1,
    "RsaPublicKey": "-----BEGIN PUBLIC KEY-----\nMIGfMA0GCSqGSIb3DQEBAQUAA4GNADCBiQKBgQCN3B35bCOME/3y/690FpOmYEHj\n7IEb/nNhBAL1kkvEz7TqnnCVQHhiLTH/VXdAh9qUbjv/+gIt5jCt0K0++9ZvBjEE\ndlDKZ0EcWGgQJSWSp/wB5xo1Bv7rwP6NYJYZLzbu4y4sFRjKSXEx9gcxcg2JuX5U\n8zF2B0VjVwp8PWNPPQIDAQAB\n-----END PUBLIC KEY-----\n",
    "Key": "e386053a-b4a0-4970-91ea-8049bf3bcb49"
}
[DEBUG] [2019-03-27 17:43:36,187] logger.py [line:132] : 保存的变量值为 -----BEGIN PUBLIC KEY-----
MIGfMA0GCSqGSIb3DQEBAQUAA4GNADCBiQKBgQCN3B35bCOME/3y/690FpOmYEHj
7IEb/nNhBAL1kkvEz7TqnnCVQHhiLTH/VXdAh9qUbjv/+gIt5jCt0K0++9ZvBjEE
dlDKZ0EcWGgQJSWSp/wB5xo1Bv7rwP6NYJYZLzbu4y4sFRjKSXEx9gcxcg2JuX5U
8zF2B0VjVwp8PWNPPQIDAQAB
-----END PUBLIC KEY-----
 => 
[DEBUG] [2019-03-27 17:43:36,188] logger.py [line:132] : 保存的变量值为 e386053a-b4a0-4970-91ea-8049bf3bcb49 => 
[DEBUG] [2019-03-27 17:43:36,191] logger.py [line:132] : {'relevant_parameter': ['Host', 'Access-Token'], 'description': 'bot查询接口-成功', 'method': 'post', 'url': 'https://192.168.1.104:10033/api/admin/keyword/KQA/botsearch', 'json': {'BotId': '04372bfa-f0ee-4545-8ab2-42e9f69e222f', 'Content': ''}, 'headers': {'Content-Type': 'application/json; charset=utf-8', 'Access-Token': 'B921597A20570510DB8789D6C3DA672194A29A726290F08ED36AF907CC9E6C3E'}, 'assert': {'Status': 1}, 'check_db': None}
[INFO] [2019-03-27 17:43:36,192] logger.py [line:132] : 接受POST的请求参数为{
    "url": "https://192.168.1.104:10033/api/admin/keyword/KQA/botsearch",
    "headers": {
        "Content-Type": "application/json; charset=utf-8",
        "Access-Token": "B921597A20570510DB8789D6C3DA672194A29A726290F08ED36AF907CC9E6C3E"
    },
    "json": {
        "BotId": "04372bfa-f0ee-4545-8ab2-42e9f69e222f",
        "Content": ""
    },
    "data": null,
    "files": null
}
[INFO] [2019-03-27 17:43:36,748] logger.py [line:132] : The test result is{
    "Status": 1,
    "ErrorMsg": null,
    "ResultValue": {
        "Answer": "eee",
        "BotId": "04372bfa-f0ee-4545-8ab2-42e9f69e222f",
        "Score": 0.2876821
    }
}
[DEBUG] [2019-03-27 17:43:36,749] logger.py [line:132] : {'relevant_parameter': ['Host', 'Access-Token'], 'description': '验证token信息', 'method': 'post', 'url': 'https://192.168.1.104:10033/api/auth/validateToken', 'headers': {'Content-Type': 'application/json; charset=utf-8', 'Access-Token': 'B921597A20570510DB8789D6C3DA672194A29A726290F08ED36AF907CC9E6C3E'}, 'assert': {'IsValid': True}}
[INFO] [2019-03-27 17:43:36,750] logger.py [line:132] : 接受POST的请求参数为{
    "url": "https://192.168.1.104:10033/api/auth/validateToken",
    "headers": {
        "Content-Type": "application/json; charset=utf-8",
        "Access-Token": "B921597A20570510DB8789D6C3DA672194A29A726290F08ED36AF907CC9E6C3E"
    },
    "json": null,
    "data": null,
    "files": null
}
