[DEBUG] [2019-03-27 11:00:48,251] logger.py [line:132] : 临时变量文件已自动生成完毕, 文件: PublicKey.py -> 具体变量文件:public_key
[DEBUG] [2019-03-27 11:00:48,299] logger.py [line:132] : {'description': 'bot查询接口-成功', 'method': 'post', 'url': 'https://192.168.1.104:10033/api/admin/keyword/KQA/botsearch', 'json': {'BotId': '04372bfa-f0ee-4545-8ab2-42e9f69e222f', 'Content': ''}, 'headers': {'Content-Type': 'application/json; charset=utf-8', 'Access-Token': '8E2DB22CFED897269A308C1793C8BE684E2735E44D6489F322DC7B57BB485C70'}, 'assert': {'Status': 1}, 'check_db': None}
[INFO] [2019-03-27 11:00:48,300] logger.py [line:132] : 接受POST的请求参数为{
    "url": "https://192.168.1.104:10033/api/admin/keyword/KQA/botsearch",
    "headers": {
        "Content-Type": "application/json; charset=utf-8",
        "Access-Token": "8E2DB22CFED897269A308C1793C8BE684E2735E44D6489F322DC7B57BB485C70"
    },
    "json": {
        "BotId": "04372bfa-f0ee-4545-8ab2-42e9f69e222f",
        "Content": ""
    },
    "data": null,
    "files": null
}
[INFO] [2019-03-27 11:00:48,641] logger.py [line:132] : The test result is{
    "Status": 0,
    "ErrorMsg": "token校验失败！",
    "ResultValue": null
}
[DEBUG] [2019-03-27 11:00:48,745] logger.py [line:132] : {'description': '获取kqa服务信息-成功', 'method': 'post', 'url': 'https://192.168.1.104:10033/api/admin/portal/KQA/Get', 'json': {'BotConfigId': 'c7fb61ed-6a49-4a03-a74a-cfe406793bfc'}, 'headers': {'Content-Type': 'application/json; charset=utf-8', 'Access-Token': '8E2DB22CFED897269A308C1793C8BE684E2735E44D6489F322DC7B57BB485C70'}, 'assert': {'Status': 1}, 'check_db': None}
[INFO] [2019-03-27 11:00:48,745] logger.py [line:132] : 接受POST的请求参数为{
    "url": "https://192.168.1.104:10033/api/admin/portal/KQA/Get",
    "headers": {
        "Content-Type": "application/json; charset=utf-8",
        "Access-Token": "8E2DB22CFED897269A308C1793C8BE684E2735E44D6489F322DC7B57BB485C70"
    },
    "json": {
        "BotConfigId": "c7fb61ed-6a49-4a03-a74a-cfe406793bfc"
    },
    "data": null,
    "files": null
}
[INFO] [2019-03-27 11:00:48,817] logger.py [line:132] : The test result is{
    "Status": 0,
    "ErrorCodes": [
        {
            "ErrorCode": "",
            "ErrorMessage": "token验证失败"
        }
    ],
    "Data": 0
}
[DEBUG] [2019-03-27 11:00:48,819] logger.py [line:132] : {'description': '获取kqa服务信息-缺少BotConfigId', 'method': 'post', 'url': 'https://192.168.1.104:10033/api/admin/portal/KQA/Get', 'json': {'BotConfigId': ''}, 'headers': {'Content-Type': 'application/json; charset=utf-8', 'Access-Token': '8E2DB22CFED897269A308C1793C8BE684E2735E44D6489F322DC7B57BB485C70'}, 'assert': {'BotConfigId': ['The BotConfigId field is required.']}, 'check_db': None}
[INFO] [2019-03-27 11:00:48,820] logger.py [line:132] : 接受POST的请求参数为{
    "url": "https://192.168.1.104:10033/api/admin/portal/KQA/Get",
    "headers": {
        "Content-Type": "application/json; charset=utf-8",
        "Access-Token": "8E2DB22CFED897269A308C1793C8BE684E2735E44D6489F322DC7B57BB485C70"
    },
    "json": {
        "BotConfigId": ""
    },
    "data": null,
    "files": null
}
[INFO] [2019-03-27 11:00:48,897] logger.py [line:132] : The test result is{
    "Status": 0,
    "ErrorCodes": [
        {
            "ErrorCode": "",
            "ErrorMessage": "token验证失败"
        }
    ],
    "Data": 0
}
[DEBUG] [2019-03-27 11:00:48,898] logger.py [line:132] : {'description': '设置开关-成功', 'method': 'post', 'url': 'https://192.168.1.104:10033/api/admin/portal/KQA/UpdateEnable', 'json': {'BotConfigId': 'c7fb61ed-6a49-4a03-a74a-cfe406793bfc', 'Enable': False}, 'headers': {'Content-Type': 'application/json; charset=utf-8', 'Access-Token': '8E2DB22CFED897269A308C1793C8BE684E2735E44D6489F322DC7B57BB485C70'}, 'assert': {'Status': 1}, 'check_db': None}
[INFO] [2019-03-27 11:00:48,899] logger.py [line:132] : 接受POST的请求参数为{
    "url": "https://192.168.1.104:10033/api/admin/portal/KQA/UpdateEnable",
    "headers": {
        "Content-Type": "application/json; charset=utf-8",
        "Access-Token": "8E2DB22CFED897269A308C1793C8BE684E2735E44D6489F322DC7B57BB485C70"
    },
    "json": {
        "BotConfigId": "c7fb61ed-6a49-4a03-a74a-cfe406793bfc",
        "Enable": false
    },
    "data": null,
    "files": null
}
[INFO] [2019-03-27 11:00:48,986] logger.py [line:132] : The test result is{
    "Status": 0,
    "ErrorCodes": [
        {
            "ErrorCode": "",
            "ErrorMessage": "token验证失败"
        }
    ],
    "Data": 0
}
[DEBUG] [2019-03-27 11:00:48,988] logger.py [line:132] : {'description': '设置开关-BotConfigId为空', 'method': 'post', 'url': 'https://192.168.1.104:10033/api/admin/portal/KQA/UpdateEnable', 'json': {'Enable': False}, 'headers': {'Content-Type': 'application/json; charset=utf-8', 'Access-Token': '8E2DB22CFED897269A308C1793C8BE684E2735E44D6489F322DC7B57BB485C70'}, 'assert': {'BotConfigId': ['The BotConfigId field is required.']}, 'check_db': None}
[INFO] [2019-03-27 11:00:48,989] logger.py [line:132] : 接受POST的请求参数为{
    "url": "https://192.168.1.104:10033/api/admin/portal/KQA/UpdateEnable",
    "headers": {
        "Content-Type": "application/json; charset=utf-8",
        "Access-Token": "8E2DB22CFED897269A308C1793C8BE684E2735E44D6489F322DC7B57BB485C70"
    },
    "json": {
        "Enable": false
    },
    "data": null,
    "files": null
}
