[DEBUG] [2019-03-27 17:32:08,092] logger.py [line:132] : {'relevant_parameter': ['Host', 'Access-Token'], 'description': '获取机器人列表', 'method': 'post', 'url': 'https://192.168.1.104:10033/api/admin/portal/botmanager/getbotlist', 'json': {'TenantId': 'a719682c-addf-4c73-9ece-ff78cd91241f', 'Description': 'test', 'SearchStatus': '1', 'PageIndex': 1, 'PageSize': 5}, 'headers': {'Content-Type': 'application/json; charset=utf-8', 'Access-Token': 'B921597A20570510DB8789D6C3DA672194A29A726290F08ED36AF907CC9E6C3E'}, 'assert': {'Status': 1}, 'check_db': None}
[INFO] [2019-03-27 17:32:08,093] logger.py [line:132] : 接受POST的请求参数为{
    "url": "https://192.168.1.104:10033/api/admin/portal/botmanager/getbotlist",
    "headers": {
        "Content-Type": "application/json; charset=utf-8",
        "Access-Token": "B921597A20570510DB8789D6C3DA672194A29A726290F08ED36AF907CC9E6C3E"
    },
    "json": {
        "TenantId": "a719682c-addf-4c73-9ece-ff78cd91241f",
        "Description": "test",
        "SearchStatus": "1",
        "PageIndex": 1,
        "PageSize": 5
    },
    "data": null,
    "files": null
}
[INFO] [2019-03-27 17:32:08,662] logger.py [line:132] : The test result is{
    "BotConfigList": [
        {
            "RecordId": "ad7b6b15-3b7a-43b1-b119-94d54ef69526",
            "AliasName": "test",
            "Domain": "企业服务",
            "Description": "test",
            "BotType": "XNBZ",
            "DeployModel": "share",
            "AzureRegName": "HighTalkSharedService",
            "LuisAppId": null,
            "Status": 2,
            "StatusString": "已创建",
            "CreateDate": "2019-01-31",
            "OrderBy": 2
        }
    ],
    "TotalCount": 1,
    "PageIndex": 1,
    "PageSize": 5,
    "Status": 1,
    "ErrorCodes": null,
    "Data": 0
}
[DEBUG] [2019-03-27 17:32:08,665] logger.py [line:132] : {'relevant_parameter': ['Host', 'Access-Token'], 'description': '获取机器人列表-TenantId为空', 'method': 'post', 'url': 'https://192.168.1.104:10033/api/admin/portal/botmanager/getbotlist', 'json': {'Description': 'test', 'SearchStatus': 0, 'PageIndex': 1, 'PageSize': 5}, 'headers': {'Content-Type': 'application/json; charset=utf-8', 'Access-Token': 'B921597A20570510DB8789D6C3DA672194A29A726290F08ED36AF907CC9E6C3E'}, 'assert': {'TenantId': ['The TenantId field is required.']}, 'res_index': ['RecordId'], 'check_db': None}
[INFO] [2019-03-27 17:32:08,666] logger.py [line:132] : 接受POST的请求参数为{
    "url": "https://192.168.1.104:10033/api/admin/portal/botmanager/getbotlist",
    "headers": {
        "Content-Type": "application/json; charset=utf-8",
        "Access-Token": "B921597A20570510DB8789D6C3DA672194A29A726290F08ED36AF907CC9E6C3E"
    },
    "json": {
        "Description": "test",
        "SearchStatus": 0,
        "PageIndex": 1,
        "PageSize": 5
    },
    "data": null,
    "files": null
}
[INFO] [2019-03-27 17:32:08,830] logger.py [line:132] : The test result is{
    "TenantId": [
        "The TenantId field is required."
    ]
}
[DEBUG] [2019-03-27 17:32:08,830] logger.py [line:132] : 保存的变量值为 None => 
[DEBUG] [2019-03-27 17:32:08,833] logger.py [line:132] : {'relevant_parameter': ['Host', 'Access-Token', 'RecordId'], 'description': '创建机器人', 'method': 'post', 'url': 'https://192.168.1.104:10033/api/admin/portal/botmanager/createbot', 'json': {'BotId': 'None'}, 'headers': {'Content-Type': 'application/json; charset=utf-8', 'Access-Token': 'B921597A20570510DB8789D6C3DA672194A29A726290F08ED36AF907CC9E6C3E'}, 'assert': {'Status': 1}, 'check_db': None}
[INFO] [2019-03-27 17:32:08,834] logger.py [line:132] : 接受POST的请求参数为{
    "url": "https://192.168.1.104:10033/api/admin/portal/botmanager/createbot",
    "headers": {
        "Content-Type": "application/json; charset=utf-8",
        "Access-Token": "B921597A20570510DB8789D6C3DA672194A29A726290F08ED36AF907CC9E6C3E"
    },
    "json": {
        "BotId": "None"
    },
    "data": null,
    "files": null
}
