[INFO] [2019-03-28 14:10:49,009] logger.py [line:132] : The test.json result is{
    "Status": 1,
    "ErrorCodes": null,
    "Data": {
        "ID": "46f65dfe-7149-43f4-925c-25cc6edccd0e",
        "BotConfigId": "c7fb61ed-6a49-4a03-a74a-cfe406793bfc",
        "ServiceName": "KQA",
        "Parameters": "https://192.168.1.103:10037/api/admin/keyword/KQA/search",
        "ServiceType": null,
        "Enable": false,
        "Status": 1
    }
}
[DEBUG] [2019-03-28 14:10:49,012] logger.py [line:132] : {'relevant_parameter': ['Host', 'Access-Token'], 'description': '获取kqa服务信息-缺少BotConfigId', 'method': 'post', 'url': 'https://192.168.1.104:10033/api/admin/portal/KQA/Get', 'json': {'BotConfigId': ''}, 'headers': {'Content-Type': 'application/json; charset=utf-8', 'Access-Token': '3A7FEB5150A67C4474F48753C1E843FF3E5B338938FA735F0683B7C86B17A313'}, 'assert': {'BotConfigId': ['The BotConfigId field is required.']}, 'check_db': None}
[INFO] [2019-03-28 14:10:49,013] logger.py [line:132] : 接受POST的请求参数为{
    "url": "https://192.168.1.104:10033/api/admin/portal/KQA/Get",
    "headers": {
        "Content-Type": "application/json; charset=utf-8",
        "Access-Token": "3A7FEB5150A67C4474F48753C1E843FF3E5B338938FA735F0683B7C86B17A313"
    },
    "json": {
        "BotConfigId": ""
    },
    "data": null,
    "files": null
}
[INFO] [2019-03-28 14:10:49,172] logger.py [line:132] : The test.json result is{
    "BotConfigId": [
        "The BotConfigId field is required."
    ]
}
[DEBUG] [2019-03-28 14:10:49,175] logger.py [line:132] : {'relevant_parameter': ['Host', 'Access-Token'], 'description': '设置开关-成功', 'method': 'post', 'url': 'https://192.168.1.104:10033/api/admin/portal/KQA/UpdateEnable', 'json': {'BotConfigId': 'c7fb61ed-6a49-4a03-a74a-cfe406793bfc', 'Enable': False}, 'headers': {'Content-Type': 'application/json; charset=utf-8', 'Access-Token': '3A7FEB5150A67C4474F48753C1E843FF3E5B338938FA735F0683B7C86B17A313'}, 'assert': {'Status': 1}, 'check_db': None}
[INFO] [2019-03-28 14:10:49,177] logger.py [line:132] : 接受POST的请求参数为{
    "url": "https://192.168.1.104:10033/api/admin/portal/KQA/UpdateEnable",
    "headers": {
        "Content-Type": "application/json; charset=utf-8",
        "Access-Token": "3A7FEB5150A67C4474F48753C1E843FF3E5B338938FA735F0683B7C86B17A313"
    },
    "json": {
        "BotConfigId": "c7fb61ed-6a49-4a03-a74a-cfe406793bfc",
        "Enable": false
    },
    "data": null,
    "files": null
}
[INFO] [2019-03-28 14:10:49,403] logger.py [line:132] : The test.json result is{
    "Status": 1,
    "ErrorCodes": null,
    "Data": true
}
[DEBUG] [2019-03-28 14:10:49,405] logger.py [line:132] : {'relevant_parameter': ['Host', 'Access-Token'], 'description': '设置开关-BotConfigId为空', 'method': 'post', 'url': 'https://192.168.1.104:10033/api/admin/portal/KQA/UpdateEnable', 'json': {'Enable': False}, 'headers': {'Content-Type': 'application/json; charset=utf-8', 'Access-Token': '3A7FEB5150A67C4474F48753C1E843FF3E5B338938FA735F0683B7C86B17A313'}, 'assert': {'BotConfigId': ['The BotConfigId field is required.']}, 'check_db': None}
[INFO] [2019-03-28 14:10:49,406] logger.py [line:132] : 接受POST的请求参数为{
    "url": "https://192.168.1.104:10033/api/admin/portal/KQA/UpdateEnable",
    "headers": {
        "Content-Type": "application/json; charset=utf-8",
        "Access-Token": "3A7FEB5150A67C4474F48753C1E843FF3E5B338938FA735F0683B7C86B17A313"
    },
    "json": {
        "Enable": false
    },
    "data": null,
    "files": null
}
[INFO] [2019-03-28 14:10:49,567] logger.py [line:132] : The test.json result is{
    "BotConfigId": [
        "The BotConfigId field is required."
    ]
}
[DEBUG] [2019-03-28 14:10:49,569] logger.py [line:132] : {'relevant_parameter': ['Host', 'Access-Token'], 'description': '设置开关-enable为空', 'method': 'post', 'url': 'https://192.168.1.104:10033/api/admin/portal/KQA/UpdateEnable', 'json': {'BotConfigId': 'c7fb61ed-6a49-4a03-a74a-cfe406793bfc'}, 'headers': {'Content-Type': 'application/json; charset=utf-8', 'Access-Token': '3A7FEB5150A67C4474F48753C1E843FF3E5B338938FA735F0683B7C86B17A313'}, 'assert': {'Enable': ['The Enable field is required.']}, 'check_db': None}
[INFO] [2019-03-28 14:10:49,570] logger.py [line:132] : 接受POST的请求参数为{
    "url": "https://192.168.1.104:10033/api/admin/portal/KQA/UpdateEnable",
    "headers": {
        "Content-Type": "application/json; charset=utf-8",
        "Access-Token": "3A7FEB5150A67C4474F48753C1E843FF3E5B338938FA735F0683B7C86B17A313"
    },
    "json": {
        "BotConfigId": "c7fb61ed-6a49-4a03-a74a-cfe406793bfc"
    },
    "data": null,
    "files": null
}
[INFO] [2019-03-28 14:10:49,774] logger.py [line:132] : The test.json result is{
    "Status": 1,
    "ErrorCodes": null,
    "Data": true
}
[DEBUG] [2019-03-28 14:10:49,778] logger.py [line:132] : {'relevant_parameter': ['Host', 'Access-Token', 'RecordId'], 'description': '获取技能集列表', 'method': 'post', 'url': 'https://192.168.1.104:10033/api/admin/portal/botmanager/skillsetlist', 'json': {'BotConfigId': 'None'}, 'headers': {'Content-Type': 'application/json; charset=utf-8', 'Access-Token': '3A7FEB5150A67C4474F48753C1E843FF3E5B338938FA735F0683B7C86B17A313'}, 'assert': {'Status': 1}, 'check_db': None}
[INFO] [2019-03-28 14:10:49,779] logger.py [line:132] : 接受POST的请求参数为{
    "url": "https://192.168.1.104:10033/api/admin/portal/botmanager/skillsetlist",
    "headers": {
        "Content-Type": "application/json; charset=utf-8",
        "Access-Token": "3A7FEB5150A67C4474F48753C1E843FF3E5B338938FA735F0683B7C86B17A313"
    },
    "json": {
        "BotConfigId": "None"
    },
    "data": null,
    "files": null
}
[INFO] [2019-03-28 14:10:49,977] logger.py [line:132] : The test.json result is{
    "TenantBotSkillSets": [],
    "Status": 1,
    "ErrorCodes": null,
    "Data": 0
}
[DEBUG] [2019-03-28 14:10:49,979] logger.py [line:132] : {'relevant_parameter': ['Host', 'Access-Token', 'RecordId'], 'description': '获取技能集列表-BotId为空', 'method': 'post', 'url': 'https://192.168.1.104:10033/api/admin/portal/botmanager/skillsetlist', 'json': {'BotConfigId': None}, 'headers': {'Content-Type': 'application/json; charset=utf-8', 'Access-Token': '3A7FEB5150A67C4474F48753C1E843FF3E5B338938FA735F0683B7C86B17A313'}, 'assert': {'BotConfigId': ['The BotConfigId field is required.']}, 'check_db': None}
[INFO] [2019-03-28 14:10:49,980] logger.py [line:132] : 接受POST的请求参数为{
    "url": "https://192.168.1.104:10033/api/admin/portal/botmanager/skillsetlist",
    "headers": {
        "Content-Type": "application/json; charset=utf-8",
        "Access-Token": "3A7FEB5150A67C4474F48753C1E843FF3E5B338938FA735F0683B7C86B17A313"
    },
    "json": {
        "BotConfigId": null
    },
    "data": null,
    "files": null
}
