[INFO] [2019-03-27 17:33:34,863] logger.py [line:132] : The test result is{
    "BotConfigList": [],
    "TotalCount": 0,
    "PageIndex": 1,
    "PageSize": 5,
    "Status": 1,
    "ErrorCodes": null,
    "Data": 0
}
[DEBUG] [2019-03-27 17:33:34,864] logger.py [line:132] : 保存的变量值为 None => 
[DEBUG] [2019-03-27 17:33:34,866] logger.py [line:132] : {'relevant_parameter': ['Host', 'Access-Token'], 'description': '获取机器人列表-TenantId为空', 'method': 'post', 'url': 'https://192.168.1.104:10033/api/admin/portal/botmanager/getbotlist', 'json': {'Description': 'test', 'SearchStatus': 0, 'PageIndex': 1, 'PageSize': 5}, 'headers': {'Content-Type': 'application/json; charset=utf-8', 'Access-Token': 'B921597A20570510DB8789D6C3DA672194A29A726290F08ED36AF907CC9E6C3E'}, 'assert': {'TenantId': ['The TenantId field is required.']}, 'check_db': None}
[INFO] [2019-03-27 17:33:34,866] logger.py [line:132] : 接受POST的请求参数为{
    "url": "https://192.168.1.104:10033/api/admin/portal/botmanager/getbotlist",
    "headers": {
        "Content-Type": "application/json; charset=utf-8",
        "Access-Token": "B921597A20570510DB8789D6C3DA672194A29A726290F08ED36AF907CC9E6C3E"
    },
    "json": {
        "Description": "test",
        "SearchStatus": 0,
        "PageIndex": 1,
        "PageSize": 5
    },
    "data": null,
    "files": null
}
