[INFO] [2019-03-29 14:21:51,046] logger.py [line:132] : The test.json result is{
    "BotIds": [
        "The BotIds field is required."
    ]
}
[DEBUG] [2019-03-29 14:21:51,048] logger.py [line:132] : {'relevant_parameter': ['Host'], 'description': '获取公钥', 'method': 'get', 'url': 'https://192.168.1.104:10033/api/auth/getpublickey', 'assert': {'Code': 1}, 'res_index': ['RsaPublicKey', 'Key'], 'check_db': None}
[INFO] [2019-03-29 14:21:51,049] logger.py [line:132] : 接受GET的请求参数为{
    "url": "https://192.168.1.104:10033/api/auth/getpublickey",
    "params": null,
    "headers": null
}
[INFO] [2019-03-29 14:21:51,158] logger.py [line:132] : The test.json result is{
    "Code": 1,
    "RsaPublicKey": "-----BEGIN PUBLIC KEY-----\nMIGfMA0GCSqGSIb3DQEBAQUAA4GNADCBiQKBgQCFDY7LJ2QpDflZguI2LEmR/+Zi\nRzQG0bOfRrqvZLiICEl9qVzoZfC5xsyxIrtDsezUPaknZ8gSnogNAiXdurkWuJ/M\njuNLPz1MzuDHrdYsgXh99wL1KtEZvy+ln+usCB+U12gpimd7dB4SZdbCV6AFghYC\nMw1PzkpQMUiOV5KlwwIDAQAB\n-----END PUBLIC KEY-----\n",
    "Key": "ce372d94-5a8f-4d20-8eb8-ea97c005eb88"
}
[DEBUG] [2019-03-29 14:21:51,159] logger.py [line:132] : 保存的变量值为 -----BEGIN PUBLIC KEY-----
MIGfMA0GCSqGSIb3DQEBAQUAA4GNADCBiQKBgQCFDY7LJ2QpDflZguI2LEmR/+Zi
RzQG0bOfRrqvZLiICEl9qVzoZfC5xsyxIrtDsezUPaknZ8gSnogNAiXdurkWuJ/M
juNLPz1MzuDHrdYsgXh99wL1KtEZvy+ln+usCB+U12gpimd7dB4SZdbCV6AFghYC
Mw1PzkpQMUiOV5KlwwIDAQAB
-----END PUBLIC KEY-----
 => 
[DEBUG] [2019-03-29 14:21:51,160] logger.py [line:132] : 保存的变量值为 ce372d94-5a8f-4d20-8eb8-ea97c005eb88 => 
[DEBUG] [2019-03-29 14:21:51,162] logger.py [line:132] : {'relevant_parameter': ['Host', 'Access-Token', 'RecordId'], 'description': '获取服务状态', 'method': 'post', 'url': 'https://192.168.1.104:10033/api/admin/portal/guidequestion/getservice', 'json': {'BotConfigId': 'e066c8d5-0586-42ad-9381-819bd103cfa9'}, 'headers': {'Content-Type': 'application/json; charset=utf-8', 'Access-Token': '5F9140635BC53F2947FFD48309AC23C04C95B9E0D9B8F4C4142C3533BEC90B02'}, 'assert': {'Status': 1}, 'check_db': None}
[INFO] [2019-03-29 14:21:51,163] logger.py [line:132] : 接受POST的请求参数为{
    "url": "https://192.168.1.104:10033/api/admin/portal/guidequestion/getservice",
    "headers": {
        "Content-Type": "application/json; charset=utf-8",
        "Access-Token": "5F9140635BC53F2947FFD48309AC23C04C95B9E0D9B8F4C4142C3533BEC90B02"
    },
    "json": {
        "BotConfigId": "e066c8d5-0586-42ad-9381-819bd103cfa9"
    },
    "data": null,
    "files": null
}
[INFO] [2019-03-29 14:21:51,408] logger.py [line:132] : The test.json result is{
    "Status": 0,
    "ErrorCodes": [
        {
            "ErrorCode": "",
            "ErrorMessage": "该bot为非创建状态，无法操作!"
        }
    ],
    "Data": 0
}
[DEBUG] [2019-03-29 14:21:51,411] logger.py [line:132] : {'relevant_parameter': ['Host', 'Access-Token', 'RecordId'], 'description': '获取服务状态-botConfigId为空', 'method': 'post', 'url': 'https://192.168.1.104:10033/api/admin/portal/guidequestion/getservice', 'json': {'BotConfigId': None}, 'headers': {'Content-Type': 'application/json; charset=utf-8', 'Access-Token': '5F9140635BC53F2947FFD48309AC23C04C95B9E0D9B8F4C4142C3533BEC90B02'}, 'assert': {'BotConfigId': ['The BotIds field is required.']}, 'check_db': None}
[INFO] [2019-03-29 14:21:51,411] logger.py [line:132] : 接受POST的请求参数为{
    "url": "https://192.168.1.104:10033/api/admin/portal/guidequestion/getservice",
    "headers": {
        "Content-Type": "application/json; charset=utf-8",
        "Access-Token": "5F9140635BC53F2947FFD48309AC23C04C95B9E0D9B8F4C4142C3533BEC90B02"
    },
    "json": {
        "BotConfigId": null
    },
    "data": null,
    "files": null
}
[INFO] [2019-03-29 14:21:51,582] logger.py [line:132] : The test.json result is{
    "BotConfigId": [
        "The BotConfigId field is required."
    ]
}
[DEBUG] [2019-03-29 14:21:51,584] logger.py [line:132] : {'relevant_parameter': ['Host', 'Access-Token', 'BotId'], 'description': '关键字搜索- bot查询接口-成功', 'method': 'post', 'url': 'https://192.168.1.104:10033/api/admin/keyword/KQA/botsearch', 'json': {'BotId': '16a600bb-e081-4346-a687-6cfe69da4280', 'Content': '我是谁'}, 'headers': {'Content-Type': 'application/json; charset=utf-8', 'Access-Token': '5F9140635BC53F2947FFD48309AC23C04C95B9E0D9B8F4C4142C3533BEC90B02'}, 'assert': {'Status': 1}, 'check_db': None}
[INFO] [2019-03-29 14:21:51,585] logger.py [line:132] : 接受POST的请求参数为{
    "url": "https://192.168.1.104:10033/api/admin/keyword/KQA/botsearch",
    "headers": {
        "Content-Type": "application/json; charset=utf-8",
        "Access-Token": "5F9140635BC53F2947FFD48309AC23C04C95B9E0D9B8F4C4142C3533BEC90B02"
    },
    "json": {
        "BotId": "16a600bb-e081-4346-a687-6cfe69da4280",
        "Content": "我是谁"
    },
    "data": null,
    "files": null
}
[INFO] [2019-03-29 14:21:51,747] logger.py [line:132] : The test.json result is{
    "Status": 1,
    "ErrorMsg": null,
    "ResultValue": {
        "Answer": "我的名字是 弦铭一心",
        "BotId": "16a600bb-e081-4346-a687-6cfe69da4280",
        "Score": 1.9641976
    }
}
[DEBUG] [2019-03-29 14:21:51,749] logger.py [line:132] : {'relevant_parameter': ['Host', 'Access-Token', 'BotId'], 'description': '关键字回复-获取kqa服务信息-成功', 'method': 'post', 'url': 'https://192.168.1.104:10033/api/admin/portal/KQA/Get', 'json': {'BotConfigId': '16a600bb-e081-4346-a687-6cfe69da4280'}, 'headers': {'Content-Type': 'application/json; charset=utf-8', 'Access-Token': '5F9140635BC53F2947FFD48309AC23C04C95B9E0D9B8F4C4142C3533BEC90B02'}, 'assert': {'Status': 1}, 'check_db': None}
[INFO] [2019-03-29 14:21:51,750] logger.py [line:132] : 接受POST的请求参数为{
    "url": "https://192.168.1.104:10033/api/admin/portal/KQA/Get",
    "headers": {
        "Content-Type": "application/json; charset=utf-8",
        "Access-Token": "5F9140635BC53F2947FFD48309AC23C04C95B9E0D9B8F4C4142C3533BEC90B02"
    },
    "json": {
        "BotConfigId": "16a600bb-e081-4346-a687-6cfe69da4280"
    },
    "data": null,
    "files": null
}
[INFO] [2019-03-29 14:21:51,975] logger.py [line:132] : The test.json result is{
    "Status": 1,
    "ErrorCodes": null,
    "Data": {
        "ID": "3f0eee0d-6d93-49e2-ba09-1a200e0e14dc",
        "BotConfigId": "16a600bb-e081-4346-a687-6cfe69da4280",
        "ServiceName": "KQA",
        "Parameters": "{\"Endpoint\": \"https://192.168.1.104:10037/api/admin/keyword/KQA/botsearch\"}",
        "ServiceType": null,
        "Enable": true,
        "Status": 1
    }
}
[DEBUG] [2019-03-29 14:21:51,976] logger.py [line:132] : {'relevant_parameter': ['Host', 'Access-Token'], 'description': '关键字回复-获取kqa服务信息-缺少BotConfigId', 'method': 'post', 'url': 'https://192.168.1.104:10033/api/admin/portal/KQA/Get', 'json': {'BotConfigId': ''}, 'headers': {'Content-Type': 'application/json; charset=utf-8', 'Access-Token': '5F9140635BC53F2947FFD48309AC23C04C95B9E0D9B8F4C4142C3533BEC90B02'}, 'assert': {'BotConfigId': ['The BotConfigId field is required.']}, 'check_db': None}
[INFO] [2019-03-29 14:21:51,977] logger.py [line:132] : 接受POST的请求参数为{
    "url": "https://192.168.1.104:10033/api/admin/portal/KQA/Get",
    "headers": {
        "Content-Type": "application/json; charset=utf-8",
        "Access-Token": "5F9140635BC53F2947FFD48309AC23C04C95B9E0D9B8F4C4142C3533BEC90B02"
    },
    "json": {
        "BotConfigId": ""
    },
    "data": null,
    "files": null
}
