[INFO] [2019-03-29 10:29:20,026] logger.py [line:132] : The test.json result is{
    "BotStatusList": [
        {
            "ID": "e7e280a9-2880-4f98-b3b1-1235794f1793",
            "Status": "1",
            "CreateDate": "2019-02-28 03:04:51"
        }
    ],
    "Status": 1,
    "ErrorCodes": null,
    "Data": true
}
[DEBUG] [2019-03-29 10:29:20,029] logger.py [line:132] : {'relevant_parameter': ['Host', 'Access-Token'], 'description': '根据机器人id获取当前机器人状态信息', 'method': 'post', 'url': 'https://192.168.1.104:10033/api/admin/portal/botmanager/getbotstatus', 'json': {'BotId': []}, 'headers': {'Content-Type': 'application/json; charset=utf-8', 'Access-Token': '5F9140635BC53F2947FFD48309AC23C04C95B9E0D9B8F4C4142C3533BEC90B02'}, 'assert': {'BotIds': ['The BotIds field is required.']}, 'check_db': None}
[INFO] [2019-03-29 10:29:20,031] logger.py [line:132] : 接受POST的请求参数为{
    "url": "https://192.168.1.104:10033/api/admin/portal/botmanager/getbotstatus",
    "headers": {
        "Content-Type": "application/json; charset=utf-8",
        "Access-Token": "5F9140635BC53F2947FFD48309AC23C04C95B9E0D9B8F4C4142C3533BEC90B02"
    },
    "json": {
        "BotId": []
    },
    "data": null,
    "files": null
}
[INFO] [2019-03-29 10:29:20,186] logger.py [line:132] : The test.json result is{
    "BotIds": [
        "The BotIds field is required."
    ]
}
[DEBUG] [2019-03-29 10:29:20,188] logger.py [line:132] : {'relevant_parameter': ['Host'], 'description': '获取公钥', 'method': 'get', 'url': 'https://192.168.1.104:10033/api/auth/getpublickey', 'assert': {'Code': 1}, 'res_index': ['RsaPublicKey', 'Key'], 'check_db': None}
[INFO] [2019-03-29 10:29:20,188] logger.py [line:132] : 接受GET的请求参数为{
    "url": "https://192.168.1.104:10033/api/auth/getpublickey",
    "params": null,
    "headers": null
}
[INFO] [2019-03-29 10:29:20,306] logger.py [line:132] : The test.json result is{
    "Code": 1,
    "RsaPublicKey": "-----BEGIN PUBLIC KEY-----\nMIGfMA0GCSqGSIb3DQEBAQUAA4GNADCBiQKBgQCH4XXSBSJDoEOaZjMo5E93E8+0\nFs0OHbqdmt+qCPnMHTrbO1TpxJzirnBQpi/g0DhDHKt+xQ6IyxWC0CzCVMhQA3pL\nk7qE52wTueRw73eJDjayniW5Ta/zHtzgt3rLPw8L6b3mNcShKA9L3kPNxkzIYvMy\nfZwgeda7slOdcRISywIDAQAB\n-----END PUBLIC KEY-----\n",
    "Key": "336c066c-da2f-497f-bb38-14b677ec20fc"
}
[DEBUG] [2019-03-29 10:29:20,307] logger.py [line:132] : 保存的变量值为 -----BEGIN PUBLIC KEY-----
MIGfMA0GCSqGSIb3DQEBAQUAA4GNADCBiQKBgQCH4XXSBSJDoEOaZjMo5E93E8+0
Fs0OHbqdmt+qCPnMHTrbO1TpxJzirnBQpi/g0DhDHKt+xQ6IyxWC0CzCVMhQA3pL
k7qE52wTueRw73eJDjayniW5Ta/zHtzgt3rLPw8L6b3mNcShKA9L3kPNxkzIYvMy
fZwgeda7slOdcRISywIDAQAB
-----END PUBLIC KEY-----
 => 
[DEBUG] [2019-03-29 10:29:20,308] logger.py [line:132] : 保存的变量值为 336c066c-da2f-497f-bb38-14b677ec20fc => 
[DEBUG] [2019-03-29 10:29:20,310] logger.py [line:132] : {'relevant_parameter': ['Host', 'Access-Token'], 'description': 'bot查询接口-成功', 'method': 'post', 'url': 'https://192.168.1.104:10033/api/admin/keyword/KQA/botsearch', 'json': {'BotId': '04372bfa-f0ee-4545-8ab2-42e9f69e222f', 'Content': ''}, 'headers': {'Content-Type': 'application/json; charset=utf-8', 'Access-Token': '5F9140635BC53F2947FFD48309AC23C04C95B9E0D9B8F4C4142C3533BEC90B02'}, 'assert': {'Status': 1}, 'check_db': None}
[INFO] [2019-03-29 10:29:20,310] logger.py [line:132] : 接受POST的请求参数为{
    "url": "https://192.168.1.104:10033/api/admin/keyword/KQA/botsearch",
    "headers": {
        "Content-Type": "application/json; charset=utf-8",
        "Access-Token": "5F9140635BC53F2947FFD48309AC23C04C95B9E0D9B8F4C4142C3533BEC90B02"
    },
    "json": {
        "BotId": "04372bfa-f0ee-4545-8ab2-42e9f69e222f",
        "Content": ""
    },
    "data": null,
    "files": null
}
