[INFO] [2019-03-27 17:44:00,042] logger.py [line:132] : The test result is{
    "BotIds": [
        "The BotIds field is required."
    ]
}
[DEBUG] [2019-03-27 17:44:00,044] logger.py [line:132] : {'relevant_parameter': ['Host', 'Access-Token'], 'description': '根据机器人id获取当前机器人状态信息', 'method': 'post', 'url': 'https://192.168.1.104:10033/api/admin/portal/botmanager/getbotstatus', 'json': {'BotId': []}, 'headers': {'Content-Type': 'application/json; charset=utf-8', 'Access-Token': 'B921597A20570510DB8789D6C3DA672194A29A726290F08ED36AF907CC9E6C3E'}, 'assert': {'BotIds': ['The BotIds field is required.']}, 'check_db': None}
[INFO] [2019-03-27 17:44:00,045] logger.py [line:132] : 接受POST的请求参数为{
    "url": "https://192.168.1.104:10033/api/admin/portal/botmanager/getbotstatus",
    "headers": {
        "Content-Type": "application/json; charset=utf-8",
        "Access-Token": "B921597A20570510DB8789D6C3DA672194A29A726290F08ED36AF907CC9E6C3E"
    },
    "json": {
        "BotId": []
    },
    "data": null,
    "files": null
}
[INFO] [2019-03-27 17:44:00,200] logger.py [line:132] : The test result is{
    "BotIds": [
        "The BotIds field is required."
    ]
}
[DEBUG] [2019-03-27 17:44:00,201] logger.py [line:132] : {'relevant_parameter': ['Host'], 'description': '获取公钥', 'method': 'get', 'url': 'https://192.168.1.104:10033/api/auth/getpublickey', 'assert': {'Code': 1}, 'res_index': ['RsaPublicKey', 'Key'], 'check_db': None}
[INFO] [2019-03-27 17:44:00,202] logger.py [line:132] : 接受GET的请求参数为{
    "url": "https://192.168.1.104:10033/api/auth/getpublickey",
    "params": null,
    "headers": null
}
[INFO] [2019-03-27 17:44:00,651] logger.py [line:132] : The test result is{
    "Code": 1,
    "RsaPublicKey": "-----BEGIN PUBLIC KEY-----\nMIGfMA0GCSqGSIb3DQEBAQUAA4GNADCBiQKBgQCMPisnzY5jrXp3flBCnCPVUfF6\n6LqiPRFSlj/AcWRKkdiAZBkZ1WhaxrWAb/IpjjXQ4utHgOcDmvLNHdeFwSJeAsjF\nOPzurg/AsqWnM6I8xOksScIXInjYPllkuU/0XygyHTGDRA9soOW9+9fZUK+rW+nk\nlUBoy5sXMndIMLrBiQIDAQAB\n-----END PUBLIC KEY-----\n",
    "Key": "c74d23af-1da3-4189-9a99-aac0bccb6608"
}
[DEBUG] [2019-03-27 17:44:00,652] logger.py [line:132] : 保存的变量值为 -----BEGIN PUBLIC KEY-----
MIGfMA0GCSqGSIb3DQEBAQUAA4GNADCBiQKBgQCMPisnzY5jrXp3flBCnCPVUfF6
6LqiPRFSlj/AcWRKkdiAZBkZ1WhaxrWAb/IpjjXQ4utHgOcDmvLNHdeFwSJeAsjF
OPzurg/AsqWnM6I8xOksScIXInjYPllkuU/0XygyHTGDRA9soOW9+9fZUK+rW+nk
lUBoy5sXMndIMLrBiQIDAQAB
-----END PUBLIC KEY-----
 => 
[DEBUG] [2019-03-27 17:44:00,653] logger.py [line:132] : 保存的变量值为 c74d23af-1da3-4189-9a99-aac0bccb6608 => 
[DEBUG] [2019-03-27 17:44:00,655] logger.py [line:132] : {'relevant_parameter': ['Host', 'Access-Token'], 'description': 'bot查询接口-成功', 'method': 'post', 'url': 'https://192.168.1.104:10033/api/admin/keyword/KQA/botsearch', 'json': {'BotId': '04372bfa-f0ee-4545-8ab2-42e9f69e222f', 'Content': ''}, 'headers': {'Content-Type': 'application/json; charset=utf-8', 'Access-Token': 'B921597A20570510DB8789D6C3DA672194A29A726290F08ED36AF907CC9E6C3E'}, 'assert': {'Status': 1}, 'check_db': None}
[INFO] [2019-03-27 17:44:00,655] logger.py [line:132] : 接受POST的请求参数为{
    "url": "https://192.168.1.104:10033/api/admin/keyword/KQA/botsearch",
    "headers": {
        "Content-Type": "application/json; charset=utf-8",
        "Access-Token": "B921597A20570510DB8789D6C3DA672194A29A726290F08ED36AF907CC9E6C3E"
    },
    "json": {
        "BotId": "04372bfa-f0ee-4545-8ab2-42e9f69e222f",
        "Content": ""
    },
    "data": null,
    "files": null
}
[INFO] [2019-03-27 17:44:00,817] logger.py [line:132] : The test result is{
    "Status": 1,
    "ErrorMsg": null,
    "ResultValue": {
        "Answer": "eee",
        "BotId": "04372bfa-f0ee-4545-8ab2-42e9f69e222f",
        "Score": 0.2876821
    }
}
[DEBUG] [2019-03-27 17:44:00,818] logger.py [line:132] : {'relevant_parameter': ['Host', 'Access-Token'], 'description': '验证token信息', 'method': 'post', 'url': 'https://192.168.1.104:10033/api/auth/validateToken', 'headers': {'Content-Type': 'application/json; charset=utf-8', 'Access-Token': 'B921597A20570510DB8789D6C3DA672194A29A726290F08ED36AF907CC9E6C3E'}, 'assert': {'IsValid': True}}
[INFO] [2019-03-27 17:44:00,819] logger.py [line:132] : 接受POST的请求参数为{
    "url": "https://192.168.1.104:10033/api/auth/validateToken",
    "headers": {
        "Content-Type": "application/json; charset=utf-8",
        "Access-Token": "B921597A20570510DB8789D6C3DA672194A29A726290F08ED36AF907CC9E6C3E"
    },
    "json": null,
    "data": null,
    "files": null
}
[INFO] [2019-03-27 17:44:00,969] logger.py [line:132] : The test result is{
    "IsValid": true,
    "Status": 1,
    "ErrorCodes": null
}
