[INFO] [2019-03-29 14:20:54,118] logger.py [line:132] : The test.json result is{
    "Status": 1,
    "ErrorCodes": null,
    "Data": {
        "ID": "3f0eee0d-6d93-49e2-ba09-1a200e0e14dc",
        "BotConfigId": "16a600bb-e081-4346-a687-6cfe69da4280",
        "ServiceName": "KQA",
        "Parameters": "{\"Endpoint\": \"https://192.168.1.104:10037/api/admin/keyword/KQA/botsearch\"}",
        "ServiceType": null,
        "Enable": true,
        "Status": 1
    }
}
[DEBUG] [2019-03-29 14:20:54,119] logger.py [line:132] : {'relevant_parameter': ['Host', 'Access-Token'], 'description': '关键字回复-获取kqa服务信息-缺少BotConfigId', 'method': 'post', 'url': 'https://192.168.1.104:10033/api/admin/portal/KQA/Get', 'json': {'BotConfigId': ''}, 'headers': {'Content-Type': 'application/json; charset=utf-8', 'Access-Token': '5F9140635BC53F2947FFD48309AC23C04C95B9E0D9B8F4C4142C3533BEC90B02'}, 'assert': {'BotConfigId': ['The BotConfigId field is required.']}, 'check_db': None}
[INFO] [2019-03-29 14:20:54,120] logger.py [line:132] : 接受POST的请求参数为{
    "url": "https://192.168.1.104:10033/api/admin/portal/KQA/Get",
    "headers": {
        "Content-Type": "application/json; charset=utf-8",
        "Access-Token": "5F9140635BC53F2947FFD48309AC23C04C95B9E0D9B8F4C4142C3533BEC90B02"
    },
    "json": {
        "BotConfigId": ""
    },
    "data": null,
    "files": null
}
[INFO] [2019-03-29 14:20:54,280] logger.py [line:132] : The test.json result is{
    "BotConfigId": [
        "The BotConfigId field is required."
    ]
}
[DEBUG] [2019-03-29 14:20:54,282] logger.py [line:132] : {'relevant_parameter': ['Host', 'Access-Token', 'BotId'], 'description': '设置开关-成功', 'method': 'post', 'url': 'https://192.168.1.104:10033/api/admin/portal/KQA/UpdateEnable', 'json': {'BotConfigId': '16a600bb-e081-4346-a687-6cfe69da4280', 'Enable': False}, 'headers': {'Content-Type': 'application/json; charset=utf-8', 'Access-Token': '5F9140635BC53F2947FFD48309AC23C04C95B9E0D9B8F4C4142C3533BEC90B02'}, 'assert': {'Status': 1}, 'check_db': None}
[INFO] [2019-03-29 14:20:54,283] logger.py [line:132] : 接受POST的请求参数为{
    "url": "https://192.168.1.104:10033/api/admin/portal/KQA/UpdateEnable",
    "headers": {
        "Content-Type": "application/json; charset=utf-8",
        "Access-Token": "5F9140635BC53F2947FFD48309AC23C04C95B9E0D9B8F4C4142C3533BEC90B02"
    },
    "json": {
        "BotConfigId": "16a600bb-e081-4346-a687-6cfe69da4280",
        "Enable": false
    },
    "data": null,
    "files": null
}
[INFO] [2019-03-29 14:20:54,918] logger.py [line:132] : The test.json result is{
    "Status": 0,
    "ErrorCodes": null,
    "Data": false
}
[DEBUG] [2019-03-29 14:20:54,921] logger.py [line:132] : {'relevant_parameter': ['Host', 'Access-Token', 'BotId'], 'description': '设置开关-BotConfigId为空', 'method': 'post', 'url': 'https://192.168.1.104:10033/api/admin/portal/KQA/UpdateEnable', 'json': {'Enable': False}, 'headers': {'Content-Type': 'application/json; charset=utf-8', 'Access-Token': '5F9140635BC53F2947FFD48309AC23C04C95B9E0D9B8F4C4142C3533BEC90B02'}, 'assert': {'BotConfigId': ['The BotConfigId field is required.']}, 'check_db': None}
[INFO] [2019-03-29 14:20:54,921] logger.py [line:132] : 接受POST的请求参数为{
    "url": "https://192.168.1.104:10033/api/admin/portal/KQA/UpdateEnable",
    "headers": {
        "Content-Type": "application/json; charset=utf-8",
        "Access-Token": "5F9140635BC53F2947FFD48309AC23C04C95B9E0D9B8F4C4142C3533BEC90B02"
    },
    "json": {
        "Enable": false
    },
    "data": null,
    "files": null
}
