[INFO] [2019-03-27 17:33:36,205] logger.py [line:132] : The test result is{
    "BotId": [
        "The BotId field is required."
    ]
}
[DEBUG] [2019-03-27 17:33:36,207] logger.py [line:132] : {'relevant_parameter': ['Host'], 'description': '获取公钥', 'method': 'get', 'url': 'https://192.168.1.104:10033/api/auth/getpublickey', 'assert': {'Code': 1}, 'res_index': ['RsaPublicKey', 'Key'], 'check_db': None}
[INFO] [2019-03-27 17:33:36,207] logger.py [line:132] : 接受GET的请求参数为{
    "url": "https://192.168.1.104:10033/api/auth/getpublickey",
    "params": null,
    "headers": null
}
[INFO] [2019-03-27 17:33:36,477] logger.py [line:132] : The test result is{
    "Code": 1,
    "RsaPublicKey": "-----BEGIN PUBLIC KEY-----\nMIGfMA0GCSqGSIb3DQEBAQUAA4GNADCBiQKBgQCAgI1FHvstjkmhDC9s3tweXCE4\nRYQTVsv/VIi0S8ArKL5MAko9zIgXGyQpUoI8V/Rij+cnnAYsa83X1sOisghbNvyq\nHoQmJUoMfqiAMsypjBrHfGVCxW2OhzV2pyd8UAPEwPqzGf0zz4OeYWlR+63LoS2n\nZU1H4Um/jZl+NVztIwIDAQAB\n-----END PUBLIC KEY-----\n",
    "Key": "bd7d03a8-ea23-4ddd-b8b3-808ca1f2509e"
}
[DEBUG] [2019-03-27 17:33:36,477] logger.py [line:132] : 保存的变量值为 -----BEGIN PUBLIC KEY-----
MIGfMA0GCSqGSIb3DQEBAQUAA4GNADCBiQKBgQCAgI1FHvstjkmhDC9s3tweXCE4
RYQTVsv/VIi0S8ArKL5MAko9zIgXGyQpUoI8V/Rij+cnnAYsa83X1sOisghbNvyq
HoQmJUoMfqiAMsypjBrHfGVCxW2OhzV2pyd8UAPEwPqzGf0zz4OeYWlR+63LoS2n
ZU1H4Um/jZl+NVztIwIDAQAB
-----END PUBLIC KEY-----
 => 
[DEBUG] [2019-03-27 17:33:36,479] logger.py [line:132] : 保存的变量值为 bd7d03a8-ea23-4ddd-b8b3-808ca1f2509e => 
[DEBUG] [2019-03-27 17:33:36,481] logger.py [line:132] : {'relevant_parameter': ['Host', 'Access-Token'], 'description': 'bot查询接口-成功', 'method': 'post', 'url': 'https://192.168.1.104:10033/api/admin/keyword/KQA/botsearch', 'json': {'BotId': '04372bfa-f0ee-4545-8ab2-42e9f69e222f', 'Content': ''}, 'headers': {'Content-Type': 'application/json; charset=utf-8', 'Access-Token': 'B921597A20570510DB8789D6C3DA672194A29A726290F08ED36AF907CC9E6C3E'}, 'assert': {'Status': 1}, 'check_db': None}
[INFO] [2019-03-27 17:33:36,482] logger.py [line:132] : 接受POST的请求参数为{
    "url": "https://192.168.1.104:10033/api/admin/keyword/KQA/botsearch",
    "headers": {
        "Content-Type": "application/json; charset=utf-8",
        "Access-Token": "B921597A20570510DB8789D6C3DA672194A29A726290F08ED36AF907CC9E6C3E"
    },
    "json": {
        "BotId": "04372bfa-f0ee-4545-8ab2-42e9f69e222f",
        "Content": ""
    },
    "data": null,
    "files": null
}
[INFO] [2019-03-27 17:33:36,743] logger.py [line:132] : The test result is{
    "Status": 1,
    "ErrorMsg": null,
    "ResultValue": {
        "Answer": "eee",
        "BotId": "04372bfa-f0ee-4545-8ab2-42e9f69e222f",
        "Score": 0.2876821
    }
}
[DEBUG] [2019-03-27 17:33:36,745] logger.py [line:132] : {'relevant_parameter': ['Host', 'Access-Token'], 'description': '验证token信息', 'method': 'post', 'url': 'https://192.168.1.104:10033/api/auth/validateToken', 'headers': {'Content-Type': 'application/json; charset=utf-8', 'Access-Token': 'B921597A20570510DB8789D6C3DA672194A29A726290F08ED36AF907CC9E6C3E'}, 'assert': {'IsValid': True}}
[INFO] [2019-03-27 17:33:36,746] logger.py [line:132] : 接受POST的请求参数为{
    "url": "https://192.168.1.104:10033/api/auth/validateToken",
    "headers": {
        "Content-Type": "application/json; charset=utf-8",
        "Access-Token": "B921597A20570510DB8789D6C3DA672194A29A726290F08ED36AF907CC9E6C3E"
    },
    "json": null,
    "data": null,
    "files": null
}
[INFO] [2019-03-27 17:33:36,991] logger.py [line:132] : The test result is{
    "IsValid": true,
    "Status": 1,
    "ErrorCodes": null
}
