[DEBUG] [2018-12-18 14:56:58,610] logger.py [line:134] : 测试用例已自动生成完毕, 文件: AddChannel.py -> 具体测试用例:test_channel_getchildren
[DEBUG] [2018-12-18 14:56:58,613] logger.py [line:134] : 测试用例已自动生成完毕, 文件: ChannelCategoryGet.py -> 具体测试用例:test_channel_category_get
[DEBUG] [2018-12-18 14:56:58,616] logger.py [line:134] : 测试用例已自动生成完毕, 文件: ChannelCategoryGetall.py -> 具体测试用例:test_channel_category_getall
[DEBUG] [2018-12-18 14:56:58,618] logger.py [line:134] : 测试用例已自动生成完毕, 文件: ChannelDelete.py -> 具体测试用例:test_channel_delete
[DEBUG] [2018-12-18 14:56:58,621] logger.py [line:134] : 测试用例已自动生成完毕, 文件: ChannelGetchildren.py -> 具体测试用例:test_channel_getchildren
[DEBUG] [2018-12-18 14:56:58,623] logger.py [line:134] : 测试用例已自动生成完毕, 文件: ChannelGetlist.py -> 具体测试用例:test_channel_getlist
[DEBUG] [2018-12-18 14:56:58,626] logger.py [line:134] : 测试用例已自动生成完毕, 文件: ChannelUpdate.py -> 具体测试用例:test_channel_update
[DEBUG] [2018-12-18 14:56:58,629] logger.py [line:134] : 测试用例已自动生成完毕, 文件: GetChannelId.py -> 具体测试用例:test_get_channel_id
[DEBUG] [2018-12-18 14:56:58,884] logger.py [line:134] : 本次操作的数据库为channel_get_first_level
[DEBUG] [2018-12-18 14:56:58,887] logger.py [line:134] : 执行的SQL语句为 ===> SELECT id FROM channel WHERE name= 'SEMAUTO1' AND deleted='0' AND level = '1' ORDER BY id DESC LIMIT 1
[DEBUG] [2018-12-18 14:56:58,888] logger.py [line:134] : 执行结果为 ===> [{'id': 1540546068355773}]
[DEBUG] [2018-12-18 14:56:58,889] logger.py [line:134] : 本次操作的数据库为channel_get_second_level
[DEBUG] [2018-12-18 14:56:58,892] logger.py [line:134] : 执行的SQL语句为 ===> SELECT id FROM channel WHERE name= 'SEMAUTO2' AND deleted='0' AND level = '2' ORDER BY id DESC LIMIT 1
[DEBUG] [2018-12-18 14:56:58,894] logger.py [line:134] : 执行结果为 ===> [{'id': 1540546069128949}]
[DEBUG] [2018-12-18 14:56:58,895] logger.py [line:134] : 本次操作的数据库为channel_get_third_level
[DEBUG] [2018-12-18 14:56:58,899] logger.py [line:134] : 执行的SQL语句为 ===> SELECT id FROM channel WHERE name= 'SEMAUTO3' AND deleted='0' AND level = '3' ORDER BY id DESC LIMIT 1
[DEBUG] [2018-12-18 14:56:58,900] logger.py [line:134] : 执行结果为 ===> [{'id': 1540966456998053}]
[DEBUG] [2018-12-18 14:56:58,924] logger.py [line:134] : {'url': 'http://test11-marketing.dadaorg.com/admin/channel/getchildren', 'method': 'POST', 'data': {'parentId': 1544509895584490}, 'headers': {'Authorization': 'eyJ0eXAiOiJKV1QiLCJhbGciOiJIUzI1NiJ9.eyJ1X2lkIjoiODg5MDIiLCJ1X21peCI6IiIsInVfbmFtZSI6ImhlbGxvIiwidV90aW1lIjoxNTQwNTM1MjYzfQ.eN8ozTkSzqxIbVq4Fa2AhvTZNjozpUP_Ad5XAw6xicI'}, 'description': '获得子渠道', 'assert': {'code': 0}}
[DEBUG] [2018-12-18 14:56:58,925] logger.py [line:134] : 接受POST的请求参数为{
    "url": "http://test11-marketing.dadaorg.com/admin/channel/getchildren",
    "headers": {
        "Authorization": "eyJ0eXAiOiJKV1QiLCJhbGciOiJIUzI1NiJ9.eyJ1X2lkIjoiODg5MDIiLCJ1X21peCI6IiIsInVfbmFtZSI6ImhlbGxvIiwidV90aW1lIjoxNTQwNTM1MjYzfQ.eN8ozTkSzqxIbVq4Fa2AhvTZNjozpUP_Ad5XAw6xicI"
    },
    "data": {
        "parentId": 1544509895584490
    },
    "json": null
}
[DEBUG] [2018-12-18 14:57:04,053] logger.py [line:134] : The test result is {'msg': '无权限操作', 'code': 99}
[DEBUG] [2018-12-18 14:57:04,056] logger.py [line:134] : {'url': 'http://test11-marketing.dadaorg.com/admin/channel/category/get', 'method': 'POST', 'data': {'id': 1544509895584490}, 'headers': {'Authorization': 'eyJ0eXAiOiJKV1QiLCJhbGciOiJIUzI1NiJ9.eyJ1X2lkIjoiODg5MDIiLCJ1X21peCI6IiIsInVfbmFtZSI6ImhlbGxvIiwidV90aW1lIjoxNTQwNTM1MjYzfQ.eN8ozTkSzqxIbVq4Fa2AhvTZNjozpUP_Ad5XAw6xicI'}, 'description': '获得渠道类别', 'assert': {'code': 0}}
[DEBUG] [2018-12-18 14:57:04,056] logger.py [line:134] : 接受POST的请求参数为{
    "url": "http://test11-marketing.dadaorg.com/admin/channel/category/get",
    "headers": {
        "Authorization": "eyJ0eXAiOiJKV1QiLCJhbGciOiJIUzI1NiJ9.eyJ1X2lkIjoiODg5MDIiLCJ1X21peCI6IiIsInVfbmFtZSI6ImhlbGxvIiwidV90aW1lIjoxNTQwNTM1MjYzfQ.eN8ozTkSzqxIbVq4Fa2AhvTZNjozpUP_Ad5XAw6xicI"
    },
    "data": {
        "id": 1544509895584490
    },
    "json": null
}
[DEBUG] [2018-12-18 14:57:09,346] logger.py [line:134] : The test result is {'msg': '无权限操作', 'code': 99}
[DEBUG] [2018-12-18 14:57:09,350] logger.py [line:134] : {'url': 'http://test11-marketing.dadaorg.com/admin/channel/category/getall', 'method': 'GET', 'headers': {'Authorization': 'eyJ0eXAiOiJKV1QiLCJhbGciOiJIUzI1NiJ9.eyJ1X2lkIjoiODg5MDIiLCJ1X21peCI6IiIsInVfbmFtZSI6ImhlbGxvIiwidV90aW1lIjoxNTQwNTM1MjYzfQ.eN8ozTkSzqxIbVq4Fa2AhvTZNjozpUP_Ad5XAw6xicI'}, 'description': '获取渠道分类', 'assert': {'code': 0}}
[DEBUG] [2018-12-18 14:57:09,353] logger.py [line:134] : {'url': 'http://test11-marketing.dadaorg.com/admin/channel/update', 'method': 'POST', 'data': {'id': 1545104152328809}, 'headers': {'Authorization': 'eyJ0eXAiOiJKV1QiLCJhbGciOiJIUzI1NiJ9.eyJ1X2lkIjoiODg5MDIiLCJ1X21peCI6IiIsInVfbmFtZSI6ImhlbGxvIiwidV90aW1lIjoxNTQwNTM1MjYzfQ.eN8ozTkSzqxIbVq4Fa2AhvTZNjozpUP_Ad5XAw6xicI'}, 'description': '删除渠道数据', 'assert': {'code': 0}}
[DEBUG] [2018-12-18 14:57:09,354] logger.py [line:134] : 接受POST的请求参数为{
    "url": "http://test11-marketing.dadaorg.com/admin/channel/update",
    "headers": {
        "Authorization": "eyJ0eXAiOiJKV1QiLCJhbGciOiJIUzI1NiJ9.eyJ1X2lkIjoiODg5MDIiLCJ1X21peCI6IiIsInVfbmFtZSI6ImhlbGxvIiwidV90aW1lIjoxNTQwNTM1MjYzfQ.eN8ozTkSzqxIbVq4Fa2AhvTZNjozpUP_Ad5XAw6xicI"
    },
    "data": {
        "id": 1545104152328809
    },
    "json": null
}
[DEBUG] [2018-12-18 14:57:14,371] logger.py [line:134] : The test result is {'msg': '无权限操作', 'code': 99}
[DEBUG] [2018-12-18 14:57:14,373] logger.py [line:134] : {'url': 'http://test11-marketing.dadaorg.com/admin/channel/getchildren', 'method': 'POST', 'data': {'parentId': 1544509895584490}, 'headers': {'Authorization': 'eyJ0eXAiOiJKV1QiLCJhbGciOiJIUzI1NiJ9.eyJ1X2lkIjoiODg5MDIiLCJ1X21peCI6IiIsInVfbmFtZSI6ImhlbGxvIiwidV90aW1lIjoxNTQwNTM1MjYzfQ.eN8ozTkSzqxIbVq4Fa2AhvTZNjozpUP_Ad5XAw6xicI'}, 'description': '获得子渠道', 'assert': {'code': 0}}
[DEBUG] [2018-12-18 14:57:14,374] logger.py [line:134] : 接受POST的请求参数为{
    "url": "http://test11-marketing.dadaorg.com/admin/channel/getchildren",
    "headers": {
        "Authorization": "eyJ0eXAiOiJKV1QiLCJhbGciOiJIUzI1NiJ9.eyJ1X2lkIjoiODg5MDIiLCJ1X21peCI6IiIsInVfbmFtZSI6ImhlbGxvIiwidV90aW1lIjoxNTQwNTM1MjYzfQ.eN8ozTkSzqxIbVq4Fa2AhvTZNjozpUP_Ad5XAw6xicI"
    },
    "data": {
        "parentId": 1544509895584490
    },
    "json": null
}
