[DEBUG] [2018-12-18 11:35:51,139] logger.py [line:134] : 测试用例已自动生成完毕, 文件: AddChannel.py -> 具体测试用例:test_add_channel
[DEBUG] [2018-12-18 11:35:51,458] logger.py [line:134] : 本次操作的数据库为ChannelBudget
[DEBUG] [2018-12-18 11:35:51,984] logger.py [line:134] : 执行的SQL语句为 ===> SELECT channel_id FROM channel_budget WHERE id='1' ORDER BY id DESC LIMIT 1
[DEBUG] [2018-12-18 11:35:51,985] logger.py [line:134] : 执行结果为 ===> 1
[DEBUG] [2018-12-18 11:35:51,992] logger.py [line:134] : {'url': 'http://test11-marketing.dadaorg.com/admin/channel/add', 'method': 'POST', 'data': {'name': 'SEMAUTO', 'description': '自动化测试数据勿动', 'level': 1, 'parentId': 0, 'categoryId': 1, 'enabled': 1, 'enableCaptcha': 1}, 'headers': {'Authorization': 'eyJ0eXAiOiJKV1QiLCJhbGciOiJIUzI1NiJ9.eyJ1X2lkIjoiODg5MDIiLCJ1X21peCI6IiIsInVfbmFtZSI6ImhlbGxvIiwidV90aW1lIjoxNTQwNTM1MjYzfQ.eN8ozTkSzqxIbVq4Fa2AhvTZNjozpUP_Ad5XAw6xicI'}, 'description': '添加渠道数据', 'assert': {'code': 0}}
[DEBUG] [2018-12-18 11:35:51,993] logger.py [line:134] : 接受POST的请求参数为{
    "url": "http://test11-marketing.dadaorg.com/admin/channel/add",
    "headers": {
        "Authorization": "eyJ0eXAiOiJKV1QiLCJhbGciOiJIUzI1NiJ9.eyJ1X2lkIjoiODg5MDIiLCJ1X21peCI6IiIsInVfbmFtZSI6ImhlbGxvIiwidV90aW1lIjoxNTQwNTM1MjYzfQ.eN8ozTkSzqxIbVq4Fa2AhvTZNjozpUP_Ad5XAw6xicI"
    },
    "data": {
        "name": "SEMAUTO",
        "description": "自动化测试数据勿动",
        "level": 1,
        "parentId": 0,
        "categoryId": 1,
        "enabled": 1,
        "enableCaptcha": 1
    },
    "json": null
}
[DEBUG] [2018-12-18 11:35:55,055] logger.py [line:134] : The test result is {'code': 0, 'message': '操作成功', 'data': None}
[DEBUG] [2018-12-18 11:35:58,091] logger.py [line:134] : Please check if the email has been sent successfully.
