[DEBUG] [2018-12-18 11:54:50,332] logger.py [line:134] : 测试用例已自动生成完毕, 文件: AddChannel.py -> 具体测试用例:test_channel_getchildren
[DEBUG] [2018-12-18 11:54:50,334] logger.py [line:134] : 测试用例已自动生成完毕, 文件: ChannelCategoryGet.py -> 具体测试用例:test_channel_category_get
[DEBUG] [2018-12-18 11:54:50,387] logger.py [line:134] : 测试用例已自动生成完毕, 文件: GetChannelId.py -> 具体测试用例:test_get_channel_id
[DEBUG] [2018-12-18 11:54:50,634] logger.py [line:134] : 本次操作的数据库为ChannelBudget
[DEBUG] [2018-12-18 11:54:50,642] logger.py [line:134] : 执行的SQL语句为 ===> SELECT channel_id FROM channel_budget WHERE id='1' ORDER BY id DESC LIMIT 1
[DEBUG] [2018-12-18 11:54:50,643] logger.py [line:134] : 执行结果为 ===> 1
[DEBUG] [2018-12-18 11:54:50,654] logger.py [line:134] : {'url': 'http://test11-marketing.dadaorg.com/admin/channel/getchildren', 'method': 'POST', 'data': {'parentId': 1544509895584490}, 'headers': {'Authorization': 'eyJ0eXAiOiJKV1QiLCJhbGciOiJIUzI1NiJ9.eyJ1X2lkIjoiODg5MDIiLCJ1X21peCI6IiIsInVfbmFtZSI6ImhlbGxvIiwidV90aW1lIjoxNTQwNTM1MjYzfQ.eN8ozTkSzqxIbVq4Fa2AhvTZNjozpUP_Ad5XAw6xicI'}, 'description': '获得子渠道', 'assert': {'code': 0}}
[DEBUG] [2018-12-18 11:54:50,655] logger.py [line:134] : 接受POST的请求参数为{
    "url": "http://test11-marketing.dadaorg.com/admin/channel/getchildren",
    "headers": {
        "Authorization": "eyJ0eXAiOiJKV1QiLCJhbGciOiJIUzI1NiJ9.eyJ1X2lkIjoiODg5MDIiLCJ1X21peCI6IiIsInVfbmFtZSI6ImhlbGxvIiwidV90aW1lIjoxNTQwNTM1MjYzfQ.eN8ozTkSzqxIbVq4Fa2AhvTZNjozpUP_Ad5XAw6xicI"
    },
    "data": {
        "parentId": 1544509895584490
    },
    "json": null
}
[DEBUG] [2018-12-18 11:54:51,403] logger.py [line:134] : The test result is {'code': 0, 'message': '操作成功', 'data': {}}
[DEBUG] [2018-12-18 11:54:51,404] logger.py [line:134] : {'url': 'http://test11-marketing.dadaorg.com/admin/channel/category/get', 'method': 'POST', 'data': {'id': 1544509895584490}, 'headers': {'Authorization': 'eyJ0eXAiOiJKV1QiLCJhbGciOiJIUzI1NiJ9.eyJ1X2lkIjoiODg5MDIiLCJ1X21peCI6IiIsInVfbmFtZSI6ImhlbGxvIiwidV90aW1lIjoxNTQwNTM1MjYzfQ.eN8ozTkSzqxIbVq4Fa2AhvTZNjozpUP_Ad5XAw6xicI'}, 'description': '获得渠道类别', 'assert': {'code': 0}}
[DEBUG] [2018-12-18 11:54:51,404] logger.py [line:134] : 接受POST的请求参数为{
    "url": "http://test11-marketing.dadaorg.com/admin/channel/category/get",
    "headers": {
        "Authorization": "eyJ0eXAiOiJKV1QiLCJhbGciOiJIUzI1NiJ9.eyJ1X2lkIjoiODg5MDIiLCJ1X21peCI6IiIsInVfbmFtZSI6ImhlbGxvIiwidV90aW1lIjoxNTQwNTM1MjYzfQ.eN8ozTkSzqxIbVq4Fa2AhvTZNjozpUP_Ad5XAw6xicI"
    },
    "data": {
        "id": 1544509895584490
    },
    "json": null
}
[DEBUG] [2018-12-18 11:54:52,325] logger.py [line:134] : The test result is {'msg': '无权限操作', 'code': 99}
[DEBUG] [2018-12-18 11:54:52,434] logger.py [line:134] : {'url': 'http://test11-marketing.dadaorg.com/admin/channel/get', 'method': 'POST', 'data': {'id': 1544509895584490}, 'headers': {'Authorization': 'eyJ0eXAiOiJKV1QiLCJhbGciOiJIUzI1NiJ9.eyJ1X2lkIjoiODg5MDIiLCJ1X21peCI6IiIsInVfbmFtZSI6ImhlbGxvIiwidV90aW1lIjoxNTQwNTM1MjYzfQ.eN8ozTkSzqxIbVq4Fa2AhvTZNjozpUP_Ad5XAw6xicI'}, 'description': '获取渠道id', 'assert': {'code': 0}}
[DEBUG] [2018-12-18 11:54:52,435] logger.py [line:134] : 接受POST的请求参数为{
    "url": "http://test11-marketing.dadaorg.com/admin/channel/get",
    "headers": {
        "Authorization": "eyJ0eXAiOiJKV1QiLCJhbGciOiJIUzI1NiJ9.eyJ1X2lkIjoiODg5MDIiLCJ1X21peCI6IiIsInVfbmFtZSI6ImhlbGxvIiwidV90aW1lIjoxNTQwNTM1MjYzfQ.eN8ozTkSzqxIbVq4Fa2AhvTZNjozpUP_Ad5XAw6xicI"
    },
    "data": {
        "id": 1544509895584490
    },
    "json": null
}
[DEBUG] [2018-12-18 11:54:53,165] logger.py [line:134] : The test result is {'code': 0, 'message': '操作成功', 'data': {'id': 1544509895584490, 'name': '疯子3号', 'description': '3213131', 'level': 3, 'parentId': 1544509874310795, 'categoryId': 1, 'salesTalk': '3213221', 'landingPageId': 1544509837756835, 'enabled': 1, 'enableCaptcha': 1, 'deleted': 0, 'createTime': 'Dec 11, 2018 2:31:35 PM', 'updateTime': 'Jan 1, 1970 12:00:00 AM'}}
[DEBUG] [2018-12-18 11:54:55,774] logger.py [line:134] : Please check if the email has been sent successfully.
